{"meta": {"format": 3, "version": "7.8.2", "timestamp": "2025-05-30T13:26:35.340955", "branch_coverage": false, "show_contexts": false}, "files": {"src/__init__.py": {"executed_lines": [1, 3, 4, 5, 6], "summary": {"covered_lines": 4, "num_statements": 4, "percent_covered": 100.0, "percent_covered_display": "100", "missing_lines": 0, "excluded_lines": 0}, "missing_lines": [], "excluded_lines": [], "functions": {"": {"executed_lines": [1, 3, 4, 5, 6], "summary": {"covered_lines": 4, "num_statements": 4, "percent_covered": 100.0, "percent_covered_display": "100", "missing_lines": 0, "excluded_lines": 0}, "missing_lines": [], "excluded_lines": []}}, "classes": {"": {"executed_lines": [1, 3, 4, 5, 6], "summary": {"covered_lines": 4, "num_statements": 4, "percent_covered": 100.0, "percent_covered_display": "100", "missing_lines": 0, "excluded_lines": 0}, "missing_lines": [], "excluded_lines": []}}}, "src/mcp_server/__init__.py": {"executed_lines": [], "summary": {"covered_lines": 0, "num_statements": 1, "percent_covered": 0.0, "percent_covered_display": "0", "missing_lines": 1, "excluded_lines": 0}, "missing_lines": [3], "excluded_lines": [], "functions": {"": {"executed_lines": [], "summary": {"covered_lines": 0, "num_statements": 1, "percent_covered": 0.0, "percent_covered_display": "0", "missing_lines": 1, "excluded_lines": 0}, "missing_lines": [3], "excluded_lines": []}}, "classes": {"": {"executed_lines": [], "summary": {"covered_lines": 0, "num_statements": 1, "percent_covered": 0.0, "percent_covered_display": "0", "missing_lines": 1, "excluded_lines": 0}, "missing_lines": [3], "excluded_lines": []}}}, "src/mcp_server/handlers/__init__.py": {"executed_lines": [], "summary": {"covered_lines": 0, "num_statements": 0, "percent_covered": 100.0, "percent_covered_display": "100", "missing_lines": 0, "excluded_lines": 0}, "missing_lines": [], "excluded_lines": [], "functions": {"": {"executed_lines": [], "summary": {"covered_lines": 0, "num_statements": 0, "percent_covered": 100.0, "percent_covered_display": "100", "missing_lines": 0, "excluded_lines": 0}, "missing_lines": [], "excluded_lines": []}}, "classes": {"": {"executed_lines": [], "summary": {"covered_lines": 0, "num_statements": 0, "percent_covered": 100.0, "percent_covered_display": "100", "missing_lines": 0, "excluded_lines": 0}, "missing_lines": [], "excluded_lines": []}}}, "src/mcp_server/tools/__init__.py": {"executed_lines": [], "summary": {"covered_lines": 0, "num_statements": 0, "percent_covered": 100.0, "percent_covered_display": "100", "missing_lines": 0, "excluded_lines": 0}, "missing_lines": [], "excluded_lines": [], "functions": {"": {"executed_lines": [], "summary": {"covered_lines": 0, "num_statements": 0, "percent_covered": 100.0, "percent_covered_display": "100", "missing_lines": 0, "excluded_lines": 0}, "missing_lines": [], "excluded_lines": []}}, "classes": {"": {"executed_lines": [], "summary": {"covered_lines": 0, "num_statements": 0, "percent_covered": 100.0, "percent_covered_display": "100", "missing_lines": 0, "excluded_lines": 0}, "missing_lines": [], "excluded_lines": []}}}, "src/research_agent_backend/__init__.py": {"executed_lines": [1, 3, 6], "summary": {"covered_lines": 2, "num_statements": 2, "percent_covered": 100.0, "percent_covered_display": "100", "missing_lines": 0, "excluded_lines": 0}, "missing_lines": [], "excluded_lines": [], "functions": {"": {"executed_lines": [1, 3, 6], "summary": {"covered_lines": 2, "num_statements": 2, "percent_covered": 100.0, "percent_covered_display": "100", "missing_lines": 0, "excluded_lines": 0}, "missing_lines": [], "excluded_lines": []}}, "classes": {"": {"executed_lines": [1, 3, 6], "summary": {"covered_lines": 2, "num_statements": 2, "percent_covered": 100.0, "percent_covered_display": "100", "missing_lines": 0, "excluded_lines": 0}, "missing_lines": [], "excluded_lines": []}}}, "src/research_agent_backend/cli/__init__.py": {"executed_lines": [], "summary": {"covered_lines": 0, "num_statements": 0, "percent_covered": 100.0, "percent_covered_display": "100", "missing_lines": 0, "excluded_lines": 0}, "missing_lines": [], "excluded_lines": [], "functions": {"": {"executed_lines": [], "summary": {"covered_lines": 0, "num_statements": 0, "percent_covered": 100.0, "percent_covered_display": "100", "missing_lines": 0, "excluded_lines": 0}, "missing_lines": [], "excluded_lines": []}}, "classes": {"": {"executed_lines": [], "summary": {"covered_lines": 0, "num_statements": 0, "percent_covered": 100.0, "percent_covered_display": "100", "missing_lines": 0, "excluded_lines": 0}, "missing_lines": [], "excluded_lines": []}}}, "src/research_agent_backend/core/__init__.py": {"executed_lines": [1, 8, 14, 22, 28], "summary": {"covered_lines": 4, "num_statements": 6, "percent_covered": 66.66666666666667, "percent_covered_display": "67", "missing_lines": 2, "excluded_lines": 0}, "missing_lines": [36, 45], "excluded_lines": [], "functions": {"": {"executed_lines": [1, 8, 14, 22, 28], "summary": {"covered_lines": 4, "num_statements": 6, "percent_covered": 66.66666666666667, "percent_covered_display": "67", "missing_lines": 2, "excluded_lines": 0}, "missing_lines": [36, 45], "excluded_lines": []}}, "classes": {"": {"executed_lines": [1, 8, 14, 22, 28], "summary": {"covered_lines": 4, "num_statements": 6, "percent_covered": 66.66666666666667, "percent_covered_display": "67", "missing_lines": 2, "excluded_lines": 0}, "missing_lines": [36, 45], "excluded_lines": []}}}, "src/research_agent_backend/core/api_embedding_service.py": {"executed_lines": [], "summary": {"covered_lines": 0, "num_statements": 2, "percent_covered": 0.0, "percent_covered_display": "0", "missing_lines": 2, "excluded_lines": 0}, "missing_lines": [34, 46], "excluded_lines": [], "functions": {"": {"executed_lines": [], "summary": {"covered_lines": 0, "num_statements": 2, "percent_covered": 0.0, "percent_covered_display": "0", "missing_lines": 2, "excluded_lines": 0}, "missing_lines": [34, 46], "excluded_lines": []}}, "classes": {"": {"executed_lines": [], "summary": {"covered_lines": 0, "num_statements": 2, "percent_covered": 0.0, "percent_covered_display": "0", "missing_lines": 2, "excluded_lines": 0}, "missing_lines": [34, 46], "excluded_lines": []}}}, "src/research_agent_backend/core/api_embedding_service/__init__.py": {"executed_lines": [1, 37], "summary": {"covered_lines": 1, "num_statements": 7, "percent_covered": 14.285714285714286, "percent_covered_display": "14", "missing_lines": 6, "excluded_lines": 0}, "missing_lines": [38, 39, 40, 41, 42, 44], "excluded_lines": [], "functions": {"": {"executed_lines": [1, 37], "summary": {"covered_lines": 1, "num_statements": 7, "percent_covered": 14.285714285714286, "percent_covered_display": "14", "missing_lines": 6, "excluded_lines": 0}, "missing_lines": [38, 39, 40, 41, 42, 44], "excluded_lines": []}}, "classes": {"": {"executed_lines": [1, 37], "summary": {"covered_lines": 1, "num_statements": 7, "percent_covered": 14.285714285714286, "percent_covered_display": "14", "missing_lines": 6, "excluded_lines": 0}, "missing_lines": [38, 39, 40, 41, 42, 44], "excluded_lines": []}}}, "src/research_agent_backend/core/api_embedding_service/batch_processor.py": {"executed_lines": [1, 8, 9, 10, 11, 13, 15, 16, 17], "summary": {"covered_lines": 8, "num_statements": 62, "percent_covered": 12.903225806451612, "percent_covered_display": "13", "missing_lines": 54, "excluded_lines": 0}, "missing_lines": [19, 22, 38, 46, 47, 49, 68, 69, 72, 76, 77, 83, 84, 85, 87, 92, 93, 94, 96, 97, 98, 99, 101, 103, 109, 110, 115, 116, 118, 140, 143, 149, 150, 152, 154, 155, 158, 159, 162, 163, 164, 168, 169, 172, 173, 175, 179, 182, 187, 189, 194, 196, 197, 199], "excluded_lines": [], "functions": {"BatchProcessor.__init__": {"executed_lines": [], "summary": {"covered_lines": 0, "num_statements": 2, "percent_covered": 0.0, "percent_covered_display": "0", "missing_lines": 2, "excluded_lines": 0}, "missing_lines": [46, 47], "excluded_lines": []}, "BatchProcessor.process_batch": {"executed_lines": [], "summary": {"covered_lines": 0, "num_statements": 22, "percent_covered": 0.0, "percent_covered_display": "0", "missing_lines": 22, "excluded_lines": 0}, "missing_lines": [68, 69, 72, 76, 77, 83, 84, 85, 87, 92, 93, 94, 96, 97, 98, 99, 101, 103, 109, 110, 115, 116], "excluded_lines": []}, "BatchProcessor._process_chunk": {"executed_lines": [], "summary": {"covered_lines": 0, "num_statements": 25, "percent_covered": 0.0, "percent_covered_display": "0", "missing_lines": 25, "excluded_lines": 0}, "missing_lines": [140, 143, 149, 150, 152, 154, 155, 158, 159, 162, 163, 164, 168, 169, 172, 173, 175, 179, 182, 187, 189, 194, 196, 197, 199], "excluded_lines": []}, "": {"executed_lines": [1, 8, 9, 10, 11, 13, 15, 16, 17], "summary": {"covered_lines": 8, "num_statements": 13, "percent_covered": 61.53846153846154, "percent_covered_display": "62", "missing_lines": 5, "excluded_lines": 0}, "missing_lines": [19, 22, 38, 49, 118], "excluded_lines": []}}, "classes": {"BatchProcessor": {"executed_lines": [], "summary": {"covered_lines": 0, "num_statements": 49, "percent_covered": 0.0, "percent_covered_display": "0", "missing_lines": 49, "excluded_lines": 0}, "missing_lines": [46, 47, 68, 69, 72, 76, 77, 83, 84, 85, 87, 92, 93, 94, 96, 97, 98, 99, 101, 103, 109, 110, 115, 116, 140, 143, 149, 150, 152, 154, 155, 158, 159, 162, 163, 164, 168, 169, 172, 173, 175, 179, 182, 187, 189, 194, 196, 197, 199], "excluded_lines": []}, "": {"executed_lines": [1, 8, 9, 10, 11, 13, 15, 16, 17], "summary": {"covered_lines": 8, "num_statements": 13, "percent_covered": 61.53846153846154, "percent_covered_display": "62", "missing_lines": 5, "excluded_lines": 0}, "missing_lines": [19, 22, 38, 49, 118], "excluded_lines": []}}}, "src/research_agent_backend/core/api_embedding_service/client.py": {"executed_lines": [1, 9, 10, 11, 12, 14, 16, 17, 19, 22, 23, 44, 98, 185], "summary": {"covered_lines": 12, "num_statements": 82, "percent_covered": 14.634146341463415, "percent_covered_display": "15", "missing_lines": 70, "excluded_lines": 0}, "missing_lines": [54, 55, 58, 59, 66, 67, 68, 69, 70, 71, 74, 76, 78, 81, 82, 85, 86, 87, 92, 93, 94, 96, 124, 126, 127, 129, 130, 133, 134, 137, 138, 139, 140, 141, 142, 143, 144, 145, 146, 148, 149, 151, 153, 154, 156, 158, 160, 161, 163, 164, 166, 167, 168, 170, 171, 173, 176, 177, 180, 181, 183, 198, 199, 200, 201, 202, 204, 205, 206, 207], "excluded_lines": [], "functions": {"APIClient.__init__": {"executed_lines": [], "summary": {"covered_lines": 0, "num_statements": 22, "percent_covered": 0.0, "percent_covered_display": "0", "missing_lines": 22, "excluded_lines": 0}, "missing_lines": [54, 55, 58, 59, 66, 67, 68, 69, 70, 71, 74, 76, 78, 81, 82, 85, 86, 87, 92, 93, 94, 96], "excluded_lines": []}, "APIClient.make_request_with_retry": {"executed_lines": [], "summary": {"covered_lines": 0, "num_statements": 39, "percent_covered": 0.0, "percent_covered_display": "0", "missing_lines": 39, "excluded_lines": 0}, "missing_lines": [124, 126, 127, 129, 130, 133, 134, 137, 138, 139, 140, 141, 142, 143, 144, 145, 146, 148, 149, 151, 153, 154, 156, 158, 160, 161, 163, 164, 166, 167, 168, 170, 171, 173, 176, 177, 180, 181, 183], "excluded_lines": []}, "APIClient._extract_error_message": {"executed_lines": [], "summary": {"covered_lines": 0, "num_statements": 9, "percent_covered": 0.0, "percent_covered_display": "0", "missing_lines": 9, "excluded_lines": 0}, "missing_lines": [198, 199, 200, 201, 202, 204, 205, 206, 207], "excluded_lines": []}, "": {"executed_lines": [1, 9, 10, 11, 12, 14, 16, 17, 19, 22, 23, 44, 98, 185], "summary": {"covered_lines": 12, "num_statements": 12, "percent_covered": 100.0, "percent_covered_display": "100", "missing_lines": 0, "excluded_lines": 0}, "missing_lines": [], "excluded_lines": []}}, "classes": {"APIClient": {"executed_lines": [], "summary": {"covered_lines": 0, "num_statements": 70, "percent_covered": 0.0, "percent_covered_display": "0", "missing_lines": 70, "excluded_lines": 0}, "missing_lines": [54, 55, 58, 59, 66, 67, 68, 69, 70, 71, 74, 76, 78, 81, 82, 85, 86, 87, 92, 93, 94, 96, 124, 126, 127, 129, 130, 133, 134, 137, 138, 139, 140, 141, 142, 143, 144, 145, 146, 148, 149, 151, 153, 154, 156, 158, 160, 161, 163, 164, 166, 167, 168, 170, 171, 173, 176, 177, 180, 181, 183, 198, 199, 200, 201, 202, 204, 205, 206, 207], "excluded_lines": []}, "": {"executed_lines": [1, 9, 10, 11, 12, 14, 16, 17, 19, 22, 23, 44, 98, 185], "summary": {"covered_lines": 12, "num_statements": 12, "percent_covered": 100.0, "percent_covered_display": "100", "missing_lines": 0, "excluded_lines": 0}, "missing_lines": [], "excluded_lines": []}}}, "src/research_agent_backend/core/api_embedding_service/config.py": {"executed_lines": [1, 8, 9, 10, 11, 13, 15, 18, 19, 20, 61, 62, 63, 64, 65, 66, 67, 68, 69, 71, 122, 123], "summary": {"covered_lines": 20, "num_statements": 62, "percent_covered": 32.25806451612903, "percent_covered_display": "32", "missing_lines": 42, "excluded_lines": 0}, "missing_lines": [83, 84, 87, 88, 91, 92, 93, 94, 95, 96, 97, 99, 102, 103, 104, 105, 106, 108, 111, 112, 113, 114, 115, 116, 117, 118, 119, 120, 145, 147, 148, 149, 154, 155, 158, 159, 160, 161, 163, 164, 165, 167], "excluded_lines": [], "functions": {"APIConfiguration.__post_init__": {"executed_lines": [], "summary": {"covered_lines": 0, "num_statements": 28, "percent_covered": 0.0, "percent_covered_display": "0", "missing_lines": 28, "excluded_lines": 0}, "missing_lines": [83, 84, 87, 88, 91, 92, 93, 94, 95, 96, 97, 99, 102, 103, 104, 105, 106, 108, 111, 112, 113, 114, 115, 116, 117, 118, 119, 120], "excluded_lines": []}, "APIConfiguration.from_environment": {"executed_lines": [], "summary": {"covered_lines": 0, "num_statements": 14, "percent_covered": 0.0, "percent_covered_display": "0", "missing_lines": 14, "excluded_lines": 0}, "missing_lines": [145, 147, 148, 149, 154, 155, 158, 159, 160, 161, 163, 164, 165, 167], "excluded_lines": []}, "": {"executed_lines": [1, 8, 9, 10, 11, 13, 15, 18, 19, 20, 61, 62, 63, 64, 65, 66, 67, 68, 69, 71, 122, 123], "summary": {"covered_lines": 20, "num_statements": 20, "percent_covered": 100.0, "percent_covered_display": "100", "missing_lines": 0, "excluded_lines": 0}, "missing_lines": [], "excluded_lines": []}}, "classes": {"APIConfiguration": {"executed_lines": [], "summary": {"covered_lines": 0, "num_statements": 42, "percent_covered": 0.0, "percent_covered_display": "0", "missing_lines": 42, "excluded_lines": 0}, "missing_lines": [83, 84, 87, 88, 91, 92, 93, 94, 95, 96, 97, 99, 102, 103, 104, 105, 106, 108, 111, 112, 113, 114, 115, 116, 117, 118, 119, 120, 145, 147, 148, 149, 154, 155, 158, 159, 160, 161, 163, 164, 165, 167], "excluded_lines": []}, "": {"executed_lines": [1, 8, 9, 10, 11, 13, 15, 18, 19, 20, 61, 62, 63, 64, 65, 66, 67, 68, 69, 71, 122, 123], "summary": {"covered_lines": 20, "num_statements": 20, "percent_covered": 100.0, "percent_covered_display": "100", "missing_lines": 0, "excluded_lines": 0}, "missing_lines": [], "excluded_lines": []}}}, "src/research_agent_backend/core/api_embedding_service/exceptions.py": {"executed_lines": [1, 16, 18, 21, 22, 33, 45, 46, 57, 69, 70, 80], "summary": {"covered_lines": 8, "num_statements": 13, "percent_covered": 61.53846153846154, "percent_covered_display": "62", "missing_lines": 5, "excluded_lines": 0}, "missing_lines": [41, 42, 65, 66, 87], "excluded_lines": [], "functions": {"APIError.__init__": {"executed_lines": [], "summary": {"covered_lines": 0, "num_statements": 2, "percent_covered": 0.0, "percent_covered_display": "0", "missing_lines": 2, "excluded_lines": 0}, "missing_lines": [41, 42], "excluded_lines": []}, "RateLimitError.__init__": {"executed_lines": [], "summary": {"covered_lines": 0, "num_statements": 2, "percent_covered": 0.0, "percent_covered_display": "0", "missing_lines": 2, "excluded_lines": 0}, "missing_lines": [65, 66], "excluded_lines": []}, "AuthenticationError.__init__": {"executed_lines": [], "summary": {"covered_lines": 0, "num_statements": 1, "percent_covered": 0.0, "percent_covered_display": "0", "missing_lines": 1, "excluded_lines": 0}, "missing_lines": [87], "excluded_lines": []}, "": {"executed_lines": [1, 16, 18, 21, 22, 33, 45, 46, 57, 69, 70, 80], "summary": {"covered_lines": 8, "num_statements": 8, "percent_covered": 100.0, "percent_covered_display": "100", "missing_lines": 0, "excluded_lines": 0}, "missing_lines": [], "excluded_lines": []}}, "classes": {"APIError": {"executed_lines": [], "summary": {"covered_lines": 0, "num_statements": 2, "percent_covered": 0.0, "percent_covered_display": "0", "missing_lines": 2, "excluded_lines": 0}, "missing_lines": [41, 42], "excluded_lines": []}, "RateLimitError": {"executed_lines": [], "summary": {"covered_lines": 0, "num_statements": 2, "percent_covered": 0.0, "percent_covered_display": "0", "missing_lines": 2, "excluded_lines": 0}, "missing_lines": [65, 66], "excluded_lines": []}, "AuthenticationError": {"executed_lines": [], "summary": {"covered_lines": 0, "num_statements": 1, "percent_covered": 0.0, "percent_covered_display": "0", "missing_lines": 1, "excluded_lines": 0}, "missing_lines": [87], "excluded_lines": []}, "": {"executed_lines": [1, 16, 18, 21, 22, 33, 45, 46, 57, 69, 70, 80], "summary": {"covered_lines": 8, "num_statements": 8, "percent_covered": 100.0, "percent_covered_display": "100", "missing_lines": 0, "excluded_lines": 0}, "missing_lines": [], "excluded_lines": []}}}, "src/research_agent_backend/core/api_embedding_service/model_integration.py": {"executed_lines": [], "summary": {"covered_lines": 0, "num_statements": 35, "percent_covered": 0.0, "percent_covered_display": "0", "missing_lines": 35, "excluded_lines": 0}, "missing_lines": [8, 9, 10, 12, 14, 17, 32, 39, 40, 42, 59, 62, 66, 69, 72, 73, 74, 76, 91, 107, 109, 110, 112, 114, 116, 118, 120, 134, 136, 137, 139, 141, 143, 151, 153], "excluded_lines": [], "functions": {"ModelIntegration.__init__": {"executed_lines": [], "summary": {"covered_lines": 0, "num_statements": 2, "percent_covered": 0.0, "percent_covered_display": "0", "missing_lines": 2, "excluded_lines": 0}, "missing_lines": [39, 40], "excluded_lines": []}, "ModelIntegration.generate_model_fingerprint": {"executed_lines": [], "summary": {"covered_lines": 0, "num_statements": 8, "percent_covered": 0.0, "percent_covered_display": "0", "missing_lines": 8, "excluded_lines": 0}, "missing_lines": [59, 62, 66, 69, 72, 73, 74, 76], "excluded_lines": []}, "ModelIntegration.check_model_changed": {"executed_lines": [], "summary": {"covered_lines": 0, "num_statements": 7, "percent_covered": 0.0, "percent_covered_display": "0", "missing_lines": 7, "excluded_lines": 0}, "missing_lines": [107, 109, 110, 112, 114, 116, 118], "excluded_lines": []}, "ModelIntegration.invalidate_cache_on_change": {"executed_lines": [], "summary": {"covered_lines": 0, "num_statements": 5, "percent_covered": 0.0, "percent_covered_display": "0", "missing_lines": 5, "excluded_lines": 0}, "missing_lines": [134, 136, 137, 139, 141], "excluded_lines": []}, "ModelIntegration.get_model_metadata": {"executed_lines": [], "summary": {"covered_lines": 0, "num_statements": 2, "percent_covered": 0.0, "percent_covered_display": "0", "missing_lines": 2, "excluded_lines": 0}, "missing_lines": [151, 153], "excluded_lines": []}, "": {"executed_lines": [], "summary": {"covered_lines": 0, "num_statements": 11, "percent_covered": 0.0, "percent_covered_display": "0", "missing_lines": 11, "excluded_lines": 0}, "missing_lines": [8, 9, 10, 12, 14, 17, 32, 42, 91, 120, 143], "excluded_lines": []}}, "classes": {"ModelIntegration": {"executed_lines": [], "summary": {"covered_lines": 0, "num_statements": 24, "percent_covered": 0.0, "percent_covered_display": "0", "missing_lines": 24, "excluded_lines": 0}, "missing_lines": [39, 40, 59, 62, 66, 69, 72, 73, 74, 76, 107, 109, 110, 112, 114, 116, 118, 134, 136, 137, 139, 141, 151, 153], "excluded_lines": []}, "": {"executed_lines": [], "summary": {"covered_lines": 0, "num_statements": 11, "percent_covered": 0.0, "percent_covered_display": "0", "missing_lines": 11, "excluded_lines": 0}, "missing_lines": [8, 9, 10, 12, 14, 17, 32, 42, 91, 120, 143], "excluded_lines": []}}}, "src/research_agent_backend/core/api_embedding_service/service.py": {"executed_lines": [1, 8, 9, 10, 11, 13, 15, 22, 23, 24], "summary": {"covered_lines": 9, "num_statements": 91, "percent_covered": 9.89010989010989, "percent_covered_display": "10", "missing_lines": 82, "excluded_lines": 0}, "missing_lines": [25, 26, 28, 31, 88, 104, 105, 108, 109, 110, 112, 113, 133, 134, 136, 170, 171, 176, 177, 183, 186, 192, 193, 195, 197, 198, 201, 202, 203, 204, 207, 212, 214, 216, 221, 223, 224, 226, 231, 271, 272, 278, 280, 290, 292, 294, 295, 296, 297, 299, 300, 301, 304, 305, 306, 309, 312, 320, 322, 323, 325, 336, 337, 340, 341, 342, 345, 346, 347, 348, 349, 350, 352, 360, 361, 363, 366, 373, 375, 382, 384, 390], "excluded_lines": [], "functions": {"APIEmbeddingService.__init__": {"executed_lines": [], "summary": {"covered_lines": 0, "num_statements": 5, "percent_covered": 0.0, "percent_covered_display": "0", "missing_lines": 5, "excluded_lines": 0}, "missing_lines": [104, 105, 108, 109, 110], "excluded_lines": []}, "APIEmbeddingService.from_environment": {"executed_lines": [], "summary": {"covered_lines": 0, "num_statements": 2, "percent_covered": 0.0, "percent_covered_display": "0", "missing_lines": 2, "excluded_lines": 0}, "missing_lines": [133, 134], "excluded_lines": []}, "APIEmbeddingService.embed_text": {"executed_lines": [], "summary": {"covered_lines": 0, "num_statements": 23, "percent_covered": 0.0, "percent_covered_display": "0", "missing_lines": 23, "excluded_lines": 0}, "missing_lines": [170, 171, 176, 177, 183, 186, 192, 193, 195, 197, 198, 201, 202, 203, 204, 207, 212, 214, 216, 221, 223, 224, 226], "excluded_lines": []}, "APIEmbeddingService.embed_batch": {"executed_lines": [], "summary": {"covered_lines": 0, "num_statements": 3, "percent_covered": 0.0, "percent_covered_display": "0", "missing_lines": 3, "excluded_lines": 0}, "missing_lines": [271, 272, 278], "excluded_lines": []}, "APIEmbeddingService.get_model_info": {"executed_lines": [], "summary": {"covered_lines": 0, "num_statements": 17, "percent_covered": 0.0, "percent_covered_display": "0", "missing_lines": 17, "excluded_lines": 0}, "missing_lines": [290, 292, 294, 295, 296, 297, 299, 300, 301, 304, 305, 306, 309, 312, 320, 322, 323], "excluded_lines": []}, "APIEmbeddingService.get_embedding_dimension": {"executed_lines": [], "summary": {"covered_lines": 0, "num_statements": 11, "percent_covered": 0.0, "percent_covered_display": "0", "missing_lines": 11, "excluded_lines": 0}, "missing_lines": [336, 337, 340, 341, 342, 345, 346, 347, 348, 349, 350], "excluded_lines": []}, "APIEmbeddingService.is_model_available": {"executed_lines": [], "summary": {"covered_lines": 0, "num_statements": 3, "percent_covered": 0.0, "percent_covered_display": "0", "missing_lines": 3, "excluded_lines": 0}, "missing_lines": [360, 361, 363], "excluded_lines": []}, "APIEmbeddingService.generate_model_fingerprint": {"executed_lines": [], "summary": {"covered_lines": 0, "num_statements": 1, "percent_covered": 0.0, "percent_covered_display": "0", "missing_lines": 1, "excluded_lines": 0}, "missing_lines": [373], "excluded_lines": []}, "APIEmbeddingService.check_model_changed": {"executed_lines": [], "summary": {"covered_lines": 0, "num_statements": 1, "percent_covered": 0.0, "percent_covered_display": "0", "missing_lines": 1, "excluded_lines": 0}, "missing_lines": [382], "excluded_lines": []}, "APIEmbeddingService.invalidate_cache_on_change": {"executed_lines": [], "summary": {"covered_lines": 0, "num_statements": 1, "percent_covered": 0.0, "percent_covered_display": "0", "missing_lines": 1, "excluded_lines": 0}, "missing_lines": [390], "excluded_lines": []}, "": {"executed_lines": [1, 8, 9, 10, 11, 13, 15, 22, 23, 24], "summary": {"covered_lines": 9, "num_statements": 24, "percent_covered": 37.5, "percent_covered_display": "38", "missing_lines": 15, "excluded_lines": 0}, "missing_lines": [25, 26, 28, 31, 88, 112, 113, 136, 231, 280, 325, 352, 366, 375, 384], "excluded_lines": []}}, "classes": {"APIEmbeddingService": {"executed_lines": [], "summary": {"covered_lines": 0, "num_statements": 67, "percent_covered": 0.0, "percent_covered_display": "0", "missing_lines": 67, "excluded_lines": 0}, "missing_lines": [104, 105, 108, 109, 110, 133, 134, 170, 171, 176, 177, 183, 186, 192, 193, 195, 197, 198, 201, 202, 203, 204, 207, 212, 214, 216, 221, 223, 224, 226, 271, 272, 278, 290, 292, 294, 295, 296, 297, 299, 300, 301, 304, 305, 306, 309, 312, 320, 322, 323, 336, 337, 340, 341, 342, 345, 346, 347, 348, 349, 350, 360, 361, 363, 373, 382, 390], "excluded_lines": []}, "": {"executed_lines": [1, 8, 9, 10, 11, 13, 15, 22, 23, 24], "summary": {"covered_lines": 9, "num_statements": 24, "percent_covered": 37.5, "percent_covered_display": "38", "missing_lines": 15, "excluded_lines": 0}, "missing_lines": [25, 26, 28, 31, 88, 112, 113, 136, 231, 280, 325, 352, 366, 375, 384], "excluded_lines": []}}}, "src/research_agent_backend/core/collection_type_manager.py": {"executed_lines": [1, 10, 11, 12, 13, 15, 16, 19, 22, 23, 24, 27, 28, 29, 32, 33, 36, 37, 38, 41, 42, 43, 46, 47, 50, 51, 52, 54, 66, 88, 89, 98, 110, 220, 243, 267, 271, 321, 367, 406, 430], "summary": {"covered_lines": 38, "num_statements": 130, "percent_covered": 29.23076923076923, "percent_covered_display": "29", "missing_lines": 92, "excluded_lines": 0}, "missing_lines": [56, 74, 100, 101, 104, 105, 108, 114, 135, 156, 177, 198, 218, 222, 223, 225, 226, 227, 228, 230, 231, 232, 233, 234, 235, 236, 237, 238, 240, 241, 256, 257, 258, 259, 260, 262, 263, 265, 269, 289, 290, 291, 294, 295, 297, 298, 301, 302, 304, 305, 308, 309, 311, 312, 315, 316, 319, 338, 341, 344, 346, 348, 350, 351, 352, 353, 356, 357, 358, 360, 361, 362, 363, 365, 382, 383, 386, 387, 390, 391, 394, 395, 398, 399, 401, 402, 404, 408, 413, 414, 427, 440], "excluded_lines": [], "functions": {"CollectionTypeConfig.to_chromadb_metadata": {"executed_lines": [], "summary": {"covered_lines": 0, "num_statements": 1, "percent_covered": 0.0, "percent_covered_display": "0", "missing_lines": 1, "excluded_lines": 0}, "missing_lines": [56], "excluded_lines": []}, "CollectionTypeConfig.create_collection_metadata": {"executed_lines": [], "summary": {"covered_lines": 0, "num_statements": 1, "percent_covered": 0.0, "percent_covered_display": "0", "missing_lines": 1, "excluded_lines": 0}, "missing_lines": [74], "excluded_lines": []}, "CollectionTypeManager.__init__": {"executed_lines": [], "summary": {"covered_lines": 0, "num_statements": 5, "percent_covered": 0.0, "percent_covered_display": "0", "missing_lines": 5, "excluded_lines": 0}, "missing_lines": [100, 101, 104, 105, 108], "excluded_lines": []}, "CollectionTypeManager._initialize_default_configurations": {"executed_lines": [], "summary": {"covered_lines": 0, "num_statements": 6, "percent_covered": 0.0, "percent_covered_display": "0", "missing_lines": 6, "excluded_lines": 0}, "missing_lines": [114, 135, 156, 177, 198, 218], "excluded_lines": []}, "CollectionTypeManager._load_custom_configurations": {"executed_lines": [], "summary": {"covered_lines": 0, "num_statements": 17, "percent_covered": 0.0, "percent_covered_display": "0", "missing_lines": 17, "excluded_lines": 0}, "missing_lines": [222, 223, 225, 226, 227, 228, 230, 231, 232, 233, 234, 235, 236, 237, 238, 240, 241], "excluded_lines": []}, "CollectionTypeManager.get_collection_config": {"executed_lines": [], "summary": {"covered_lines": 0, "num_statements": 8, "percent_covered": 0.0, "percent_covered_display": "0", "missing_lines": 8, "excluded_lines": 0}, "missing_lines": [256, 257, 258, 259, 260, 262, 263, 265], "excluded_lines": []}, "CollectionTypeManager.get_all_collection_types": {"executed_lines": [], "summary": {"covered_lines": 0, "num_statements": 1, "percent_covered": 0.0, "percent_covered_display": "0", "missing_lines": 1, "excluded_lines": 0}, "missing_lines": [269], "excluded_lines": []}, "CollectionTypeManager.determine_collection_type": {"executed_lines": [], "summary": {"covered_lines": 0, "num_statements": 18, "percent_covered": 0.0, "percent_covered_display": "0", "missing_lines": 18, "excluded_lines": 0}, "missing_lines": [289, 290, 291, 294, 295, 297, 298, 301, 302, 304, 305, 308, 309, 311, 312, 315, 316, 319], "excluded_lines": []}, "CollectionTypeManager.create_collection_name": {"executed_lines": [], "summary": {"covered_lines": 0, "num_statements": 17, "percent_covered": 0.0, "percent_covered_display": "0", "missing_lines": 17, "excluded_lines": 0}, "missing_lines": [338, 341, 344, 346, 348, 350, 351, 352, 353, 356, 357, 358, 360, 361, 362, 363, 365], "excluded_lines": []}, "CollectionTypeManager.validate_collection_for_type": {"executed_lines": [], "summary": {"covered_lines": 0, "num_statements": 13, "percent_covered": 0.0, "percent_covered_display": "0", "missing_lines": 13, "excluded_lines": 0}, "missing_lines": [382, 383, 386, 387, 390, 391, 394, 395, 398, 399, 401, 402, 404], "excluded_lines": []}, "CollectionTypeManager.get_collection_summary": {"executed_lines": [], "summary": {"covered_lines": 0, "num_statements": 4, "percent_covered": 0.0, "percent_covered_display": "0", "missing_lines": 4, "excluded_lines": 0}, "missing_lines": [408, 413, 414, 427], "excluded_lines": []}, "create_collection_type_manager": {"executed_lines": [], "summary": {"covered_lines": 0, "num_statements": 1, "percent_covered": 0.0, "percent_covered_display": "0", "missing_lines": 1, "excluded_lines": 0}, "missing_lines": [440], "excluded_lines": []}, "": {"executed_lines": [1, 10, 11, 12, 13, 15, 16, 19, 22, 23, 24, 27, 28, 29, 32, 33, 36, 37, 38, 41, 42, 43, 46, 47, 50, 51, 52, 54, 66, 88, 89, 98, 110, 220, 243, 267, 271, 321, 367, 406, 430], "summary": {"covered_lines": 38, "num_statements": 38, "percent_covered": 100.0, "percent_covered_display": "100", "missing_lines": 0, "excluded_lines": 0}, "missing_lines": [], "excluded_lines": []}}, "classes": {"CollectionTypeConfig": {"executed_lines": [], "summary": {"covered_lines": 0, "num_statements": 2, "percent_covered": 0.0, "percent_covered_display": "0", "missing_lines": 2, "excluded_lines": 0}, "missing_lines": [56, 74], "excluded_lines": []}, "CollectionTypeManager": {"executed_lines": [], "summary": {"covered_lines": 0, "num_statements": 89, "percent_covered": 0.0, "percent_covered_display": "0", "missing_lines": 89, "excluded_lines": 0}, "missing_lines": [100, 101, 104, 105, 108, 114, 135, 156, 177, 198, 218, 222, 223, 225, 226, 227, 228, 230, 231, 232, 233, 234, 235, 236, 237, 238, 240, 241, 256, 257, 258, 259, 260, 262, 263, 265, 269, 289, 290, 291, 294, 295, 297, 298, 301, 302, 304, 305, 308, 309, 311, 312, 315, 316, 319, 338, 341, 344, 346, 348, 350, 351, 352, 353, 356, 357, 358, 360, 361, 362, 363, 365, 382, 383, 386, 387, 390, 391, 394, 395, 398, 399, 401, 402, 404, 408, 413, 414, 427], "excluded_lines": []}, "": {"executed_lines": [1, 10, 11, 12, 13, 15, 16, 19, 22, 23, 24, 27, 28, 29, 32, 33, 36, 37, 38, 41, 42, 43, 46, 47, 50, 51, 52, 54, 66, 88, 89, 98, 110, 220, 243, 267, 271, 321, 367, 406, 430], "summary": {"covered_lines": 38, "num_statements": 39, "percent_covered": 97.43589743589743, "percent_covered_display": "97", "missing_lines": 1, "excluded_lines": 0}, "missing_lines": [440], "excluded_lines": []}}}, "src/research_agent_backend/core/data_preparation.py": {"executed_lines": [], "summary": {"covered_lines": 0, "num_statements": 2, "percent_covered": 0.0, "percent_covered_display": "0", "missing_lines": 2, "excluded_lines": 0}, "missing_lines": [24, 48], "excluded_lines": [], "functions": {"": {"executed_lines": [], "summary": {"covered_lines": 0, "num_statements": 2, "percent_covered": 0.0, "percent_covered_display": "0", "missing_lines": 2, "excluded_lines": 0}, "missing_lines": [24, 48], "excluded_lines": []}}, "classes": {"": {"executed_lines": [], "summary": {"covered_lines": 0, "num_statements": 2, "percent_covered": 0.0, "percent_covered_display": "0", "missing_lines": 2, "excluded_lines": 0}, "missing_lines": [24, 48], "excluded_lines": []}}}, "src/research_agent_backend/core/data_preparation/__init__.py": {"executed_lines": [], "summary": {"covered_lines": 0, "num_statements": 6, "percent_covered": 0.0, "percent_covered_display": "0", "missing_lines": 6, "excluded_lines": 0}, "missing_lines": [23, 33, 34, 35, 38, 41], "excluded_lines": [], "functions": {"": {"executed_lines": [], "summary": {"covered_lines": 0, "num_statements": 6, "percent_covered": 0.0, "percent_covered_display": "0", "missing_lines": 6, "excluded_lines": 0}, "missing_lines": [23, 33, 34, 35, 38, 41], "excluded_lines": []}}, "classes": {"": {"executed_lines": [], "summary": {"covered_lines": 0, "num_statements": 6, "percent_covered": 0.0, "percent_covered_display": "0", "missing_lines": 6, "excluded_lines": 0}, "missing_lines": [23, 33, 34, 35, 38, 41], "excluded_lines": []}}}, "src/research_agent_backend/core/data_preparation/cleaning.py": {"executed_lines": [], "summary": {"covered_lines": 0, "num_statements": 98, "percent_covered": 0.0, "percent_covered_display": "0", "missing_lines": 98, "excluded_lines": 0}, "missing_lines": [8, 9, 10, 11, 12, 14, 17, 20, 22, 23, 26, 27, 28, 30, 40, 41, 43, 45, 47, 48, 51, 52, 55, 56, 59, 60, 63, 64, 66, 67, 70, 71, 72, 73, 74, 76, 78, 79, 80, 82, 92, 94, 96, 97, 100, 101, 102, 103, 104, 107, 108, 111, 112, 114, 115, 117, 119, 122, 128, 129, 131, 133, 136, 137, 138, 139, 141, 143, 144, 147, 150, 151, 153, 155, 158, 159, 160, 162, 163, 164, 165, 166, 167, 168, 169, 170, 171, 173, 175, 177, 178, 179, 180, 181, 182, 183, 184, 186], "excluded_lines": [], "functions": {"DataCleaningService.__init__": {"executed_lines": [], "summary": {"covered_lines": 0, "num_statements": 5, "percent_covered": 0.0, "percent_covered_display": "0", "missing_lines": 5, "excluded_lines": 0}, "missing_lines": [22, 23, 26, 27, 28], "excluded_lines": []}, "DataCleaningService.clean_text": {"executed_lines": [], "summary": {"covered_lines": 0, "num_statements": 25, "percent_covered": 0.0, "percent_covered_display": "0", "missing_lines": 25, "excluded_lines": 0}, "missing_lines": [40, 41, 43, 45, 47, 48, 51, 52, 55, 56, 59, 60, 63, 64, 66, 67, 70, 71, 72, 73, 74, 76, 78, 79, 80], "excluded_lines": []}, "DataCleaningService.clean_metadata": {"executed_lines": [], "summary": {"covered_lines": 0, "num_statements": 16, "percent_covered": 0.0, "percent_covered_display": "0", "missing_lines": 16, "excluded_lines": 0}, "missing_lines": [92, 94, 96, 97, 100, 101, 102, 103, 104, 107, 108, 111, 112, 114, 115, 117], "excluded_lines": []}, "DataCleaningService._fix_encoding_issues": {"executed_lines": [], "summary": {"covered_lines": 0, "num_statements": 4, "percent_covered": 0.0, "percent_covered_display": "0", "missing_lines": 4, "excluded_lines": 0}, "missing_lines": [122, 128, 129, 131], "excluded_lines": []}, "DataCleaningService._standardize_field_name": {"executed_lines": [], "summary": {"covered_lines": 0, "num_statements": 4, "percent_covered": 0.0, "percent_covered_display": "0", "missing_lines": 4, "excluded_lines": 0}, "missing_lines": [136, 137, 138, 139], "excluded_lines": []}, "DataCleaningService._clean_metadata_string": {"executed_lines": [], "summary": {"covered_lines": 0, "num_statements": 6, "percent_covered": 0.0, "percent_covered_display": "0", "missing_lines": 6, "excluded_lines": 0}, "missing_lines": [143, 144, 147, 150, 151, 153], "excluded_lines": []}, "DataCleaningService._validate_metadata_type": {"executed_lines": [], "summary": {"covered_lines": 0, "num_statements": 14, "percent_covered": 0.0, "percent_covered_display": "0", "missing_lines": 14, "excluded_lines": 0}, "missing_lines": [158, 159, 160, 162, 163, 164, 165, 166, 167, 168, 169, 170, 171, 173], "excluded_lines": []}, "DataCleaningService._get_default_value_for_type": {"executed_lines": [], "summary": {"covered_lines": 0, "num_statements": 9, "percent_covered": 0.0, "percent_covered_display": "0", "missing_lines": 9, "excluded_lines": 0}, "missing_lines": [177, 178, 179, 180, 181, 182, 183, 184, 186], "excluded_lines": []}, "": {"executed_lines": [], "summary": {"covered_lines": 0, "num_statements": 15, "percent_covered": 0.0, "percent_covered_display": "0", "missing_lines": 15, "excluded_lines": 0}, "missing_lines": [8, 9, 10, 11, 12, 14, 17, 20, 30, 82, 119, 133, 141, 155, 175], "excluded_lines": []}}, "classes": {"DataCleaningService": {"executed_lines": [], "summary": {"covered_lines": 0, "num_statements": 83, "percent_covered": 0.0, "percent_covered_display": "0", "missing_lines": 83, "excluded_lines": 0}, "missing_lines": [22, 23, 26, 27, 28, 40, 41, 43, 45, 47, 48, 51, 52, 55, 56, 59, 60, 63, 64, 66, 67, 70, 71, 72, 73, 74, 76, 78, 79, 80, 92, 94, 96, 97, 100, 101, 102, 103, 104, 107, 108, 111, 112, 114, 115, 117, 122, 128, 129, 131, 136, 137, 138, 139, 143, 144, 147, 150, 151, 153, 158, 159, 160, 162, 163, 164, 165, 166, 167, 168, 169, 170, 171, 173, 177, 178, 179, 180, 181, 182, 183, 184, 186], "excluded_lines": []}, "": {"executed_lines": [], "summary": {"covered_lines": 0, "num_statements": 15, "percent_covered": 0.0, "percent_covered_display": "0", "missing_lines": 15, "excluded_lines": 0}, "missing_lines": [8, 9, 10, 11, 12, 14, 17, 20, 30, 82, 119, 133, 141, 155, 175], "excluded_lines": []}}}, "src/research_agent_backend/core/data_preparation/dimensionality.py": {"executed_lines": [], "summary": {"covered_lines": 0, "num_statements": 72, "percent_covered": 0.0, "percent_covered_display": "0", "missing_lines": 72, "excluded_lines": 0}, "missing_lines": [8, 9, 10, 12, 15, 18, 20, 21, 24, 26, 43, 44, 46, 47, 49, 50, 53, 54, 55, 57, 58, 59, 60, 61, 62, 63, 65, 66, 68, 69, 70, 72, 74, 75, 77, 78, 81, 82, 84, 85, 86, 88, 94, 96, 101, 103, 104, 105, 107, 109, 110, 112, 115, 116, 118, 126, 128, 132, 134, 135, 136, 138, 140, 141, 143, 145, 153, 155, 159, 161, 162, 163], "excluded_lines": [], "functions": {"DimensionalityReductionService.__init__": {"executed_lines": [], "summary": {"covered_lines": 0, "num_statements": 3, "percent_covered": 0.0, "percent_covered_display": "0", "missing_lines": 3, "excluded_lines": 0}, "missing_lines": [20, 21, 24], "excluded_lines": []}, "DimensionalityReductionService.reduce_dimensions": {"executed_lines": [], "summary": {"covered_lines": 0, "num_statements": 21, "percent_covered": 0.0, "percent_covered_display": "0", "missing_lines": 21, "excluded_lines": 0}, "missing_lines": [43, 44, 46, 47, 49, 50, 53, 54, 55, 57, 58, 59, 60, 61, 62, 63, 65, 66, 68, 69, 70], "excluded_lines": []}, "DimensionalityReductionService._apply_pca": {"executed_lines": [], "summary": {"covered_lines": 0, "num_statements": 16, "percent_covered": 0.0, "percent_covered_display": "0", "missing_lines": 16, "excluded_lines": 0}, "missing_lines": [74, 75, 77, 78, 81, 82, 84, 85, 86, 88, 94, 96, 101, 103, 104, 105], "excluded_lines": []}, "DimensionalityReductionService._apply_tsne": {"executed_lines": [], "summary": {"covered_lines": 0, "num_statements": 12, "percent_covered": 0.0, "percent_covered_display": "0", "missing_lines": 12, "excluded_lines": 0}, "missing_lines": [109, 110, 112, 115, 116, 118, 126, 128, 132, 134, 135, 136], "excluded_lines": []}, "DimensionalityReductionService._apply_umap": {"executed_lines": [], "summary": {"covered_lines": 0, "num_statements": 10, "percent_covered": 0.0, "percent_covered_display": "0", "missing_lines": 10, "excluded_lines": 0}, "missing_lines": [140, 141, 143, 145, 153, 155, 159, 161, 162, 163], "excluded_lines": []}, "": {"executed_lines": [], "summary": {"covered_lines": 0, "num_statements": 10, "percent_covered": 0.0, "percent_covered_display": "0", "missing_lines": 10, "excluded_lines": 0}, "missing_lines": [8, 9, 10, 12, 15, 18, 26, 72, 107, 138], "excluded_lines": []}}, "classes": {"DimensionalityReductionService": {"executed_lines": [], "summary": {"covered_lines": 0, "num_statements": 62, "percent_covered": 0.0, "percent_covered_display": "0", "missing_lines": 62, "excluded_lines": 0}, "missing_lines": [20, 21, 24, 43, 44, 46, 47, 49, 50, 53, 54, 55, 57, 58, 59, 60, 61, 62, 63, 65, 66, 68, 69, 70, 74, 75, 77, 78, 81, 82, 84, 85, 86, 88, 94, 96, 101, 103, 104, 105, 109, 110, 112, 115, 116, 118, 126, 128, 132, 134, 135, 136, 140, 141, 143, 145, 153, 155, 159, 161, 162, 163], "excluded_lines": []}, "": {"executed_lines": [], "summary": {"covered_lines": 0, "num_statements": 10, "percent_covered": 0.0, "percent_covered_display": "0", "missing_lines": 10, "excluded_lines": 0}, "missing_lines": [8, 9, 10, 12, 15, 18, 26, 72, 107, 138], "excluded_lines": []}}}, "src/research_agent_backend/core/data_preparation/manager.py": {"executed_lines": [], "summary": {"covered_lines": 0, "num_statements": 168, "percent_covered": 0.0, "percent_covered_display": "0", "missing_lines": 168, "excluded_lines": 0}, "missing_lines": [8, 9, 10, 11, 13, 21, 22, 23, 25, 26, 27, 30, 38, 56, 57, 58, 61, 62, 63, 66, 67, 68, 71, 73, 94, 95, 98, 103, 105, 106, 107, 110, 111, 114, 115, 116, 117, 118, 121, 129, 130, 132, 133, 134, 136, 142, 143, 144, 145, 146, 147, 148, 149, 152, 153, 156, 162, 164, 165, 166, 167, 168, 170, 190, 191, 194, 195, 196, 199, 200, 201, 202, 203, 204, 205, 208, 209, 211, 212, 215, 218, 219, 221, 223, 231, 237, 238, 240, 241, 242, 243, 244, 246, 247, 249, 251, 252, 255, 256, 257, 258, 259, 260, 263, 264, 265, 266, 267, 268, 270, 272, 275, 277, 280, 283, 285, 287, 289, 291, 292, 295, 298, 300, 301, 302, 303, 305, 306, 307, 309, 310, 313, 315, 317, 318, 319, 321, 336, 337, 338, 340, 342, 343, 344, 346, 356, 357, 358, 360, 362, 363, 364, 366, 378, 379, 380, 383, 399, 402, 403, 404, 406, 407, 409, 410, 412, 413, 415], "excluded_lines": [], "functions": {"DataPreparationManager.__init__": {"executed_lines": [], "summary": {"covered_lines": 0, "num_statements": 10, "percent_covered": 0.0, "percent_covered_display": "0", "missing_lines": 10, "excluded_lines": 0}, "missing_lines": [56, 57, 58, 61, 62, 63, 66, 67, 68, 71], "excluded_lines": []}, "DataPreparationManager.prepare_documents": {"executed_lines": [], "summary": {"covered_lines": 0, "num_statements": 38, "percent_covered": 0.0, "percent_covered_display": "0", "missing_lines": 38, "excluded_lines": 0}, "missing_lines": [94, 95, 98, 103, 105, 106, 107, 110, 111, 114, 115, 116, 117, 118, 121, 129, 130, 132, 133, 134, 136, 142, 143, 144, 145, 146, 147, 148, 149, 152, 153, 156, 162, 164, 165, 166, 167, 168], "excluded_lines": []}, "DataPreparationManager.prepare_single_document": {"executed_lines": [], "summary": {"covered_lines": 0, "num_statements": 20, "percent_covered": 0.0, "percent_covered_display": "0", "missing_lines": 20, "excluded_lines": 0}, "missing_lines": [190, 191, 194, 195, 196, 199, 200, 201, 202, 203, 204, 205, 208, 209, 211, 212, 215, 218, 219, 221], "excluded_lines": []}, "DataPreparationManager._process_batch": {"executed_lines": [], "summary": {"covered_lines": 0, "num_statements": 33, "percent_covered": 0.0, "percent_covered_display": "0", "missing_lines": 33, "excluded_lines": 0}, "missing_lines": [231, 237, 238, 240, 241, 242, 243, 244, 246, 247, 249, 251, 252, 255, 256, 257, 258, 259, 260, 263, 264, 265, 266, 267, 268, 270, 272, 275, 277, 280, 283, 285, 287], "excluded_lines": []}, "DataPreparationManager._apply_collection_type_config": {"executed_lines": [], "summary": {"covered_lines": 0, "num_statements": 14, "percent_covered": 0.0, "percent_covered_display": "0", "missing_lines": 14, "excluded_lines": 0}, "missing_lines": [291, 292, 295, 298, 300, 301, 302, 303, 305, 306, 307, 309, 310, 313], "excluded_lines": []}, "DataPreparationManager._load_cleaning_config": {"executed_lines": [], "summary": {"covered_lines": 0, "num_statements": 7, "percent_covered": 0.0, "percent_covered_display": "0", "missing_lines": 7, "excluded_lines": 0}, "missing_lines": [317, 318, 319, 321, 336, 337, 338], "excluded_lines": []}, "DataPreparationManager._load_normalization_config": {"executed_lines": [], "summary": {"covered_lines": 0, "num_statements": 7, "percent_covered": 0.0, "percent_covered_display": "0", "missing_lines": 7, "excluded_lines": 0}, "missing_lines": [342, 343, 344, 346, 356, 357, 358], "excluded_lines": []}, "DataPreparationManager._load_dimensionality_config": {"executed_lines": [], "summary": {"covered_lines": 0, "num_statements": 7, "percent_covered": 0.0, "percent_covered_display": "0", "missing_lines": 7, "excluded_lines": 0}, "missing_lines": [362, 363, 364, 366, 378, 379, 380], "excluded_lines": []}, "create_data_preparation_manager": {"executed_lines": [], "summary": {"covered_lines": 0, "num_statements": 11, "percent_covered": 0.0, "percent_covered_display": "0", "missing_lines": 11, "excluded_lines": 0}, "missing_lines": [399, 402, 403, 404, 406, 407, 409, 410, 412, 413, 415], "excluded_lines": []}, "": {"executed_lines": [], "summary": {"covered_lines": 0, "num_statements": 21, "percent_covered": 0.0, "percent_covered_display": "0", "missing_lines": 21, "excluded_lines": 0}, "missing_lines": [8, 9, 10, 11, 13, 21, 22, 23, 25, 26, 27, 30, 38, 73, 170, 223, 289, 315, 340, 360, 383], "excluded_lines": []}}, "classes": {"DataPreparationManager": {"executed_lines": [], "summary": {"covered_lines": 0, "num_statements": 136, "percent_covered": 0.0, "percent_covered_display": "0", "missing_lines": 136, "excluded_lines": 0}, "missing_lines": [56, 57, 58, 61, 62, 63, 66, 67, 68, 71, 94, 95, 98, 103, 105, 106, 107, 110, 111, 114, 115, 116, 117, 118, 121, 129, 130, 132, 133, 134, 136, 142, 143, 144, 145, 146, 147, 148, 149, 152, 153, 156, 162, 164, 165, 166, 167, 168, 190, 191, 194, 195, 196, 199, 200, 201, 202, 203, 204, 205, 208, 209, 211, 212, 215, 218, 219, 221, 231, 237, 238, 240, 241, 242, 243, 244, 246, 247, 249, 251, 252, 255, 256, 257, 258, 259, 260, 263, 264, 265, 266, 267, 268, 270, 272, 275, 277, 280, 283, 285, 287, 291, 292, 295, 298, 300, 301, 302, 303, 305, 306, 307, 309, 310, 313, 317, 318, 319, 321, 336, 337, 338, 342, 343, 344, 346, 356, 357, 358, 362, 363, 364, 366, 378, 379, 380], "excluded_lines": []}, "": {"executed_lines": [], "summary": {"covered_lines": 0, "num_statements": 32, "percent_covered": 0.0, "percent_covered_display": "0", "missing_lines": 32, "excluded_lines": 0}, "missing_lines": [8, 9, 10, 11, 13, 21, 22, 23, 25, 26, 27, 30, 38, 73, 170, 223, 289, 315, 340, 360, 383, 399, 402, 403, 404, 406, 407, 409, 410, 412, 413, 415], "excluded_lines": []}}}, "src/research_agent_backend/core/data_preparation/normalization.py": {"executed_lines": [], "summary": {"covered_lines": 0, "num_statements": 87, "percent_covered": 0.0, "percent_covered_display": "0", "missing_lines": 87, "excluded_lines": 0}, "missing_lines": [8, 9, 10, 12, 15, 18, 20, 21, 24, 26, 41, 42, 44, 46, 47, 49, 50, 51, 52, 53, 54, 55, 56, 57, 59, 60, 62, 63, 64, 66, 79, 80, 83, 85, 86, 89, 90, 91, 93, 94, 95, 101, 103, 105, 107, 110, 111, 113, 115, 117, 118, 121, 122, 125, 126, 127, 129, 131, 133, 134, 135, 137, 138, 139, 140, 142, 144, 146, 147, 148, 149, 150, 152, 154, 156, 158, 159, 160, 162, 163, 165, 167, 175, 177, 178, 180, 182], "excluded_lines": [], "functions": {"NormalizationService.__init__": {"executed_lines": [], "summary": {"covered_lines": 0, "num_statements": 3, "percent_covered": 0.0, "percent_covered_display": "0", "missing_lines": 3, "excluded_lines": 0}, "missing_lines": [20, 21, 24], "excluded_lines": []}, "NormalizationService.normalize_embeddings": {"executed_lines": [], "summary": {"covered_lines": 0, "num_statements": 19, "percent_covered": 0.0, "percent_covered_display": "0", "missing_lines": 19, "excluded_lines": 0}, "missing_lines": [41, 42, 44, 46, 47, 49, 50, 51, 52, 53, 54, 55, 56, 57, 59, 60, 62, 63, 64], "excluded_lines": []}, "NormalizationService.normalize_numerical_metadata": {"executed_lines": [], "summary": {"covered_lines": 0, "num_statements": 13, "percent_covered": 0.0, "percent_covered_display": "0", "missing_lines": 13, "excluded_lines": 0}, "missing_lines": [79, 80, 83, 85, 86, 89, 90, 91, 93, 94, 95, 101, 103], "excluded_lines": []}, "NormalizationService._normalize_unit_vector": {"executed_lines": [], "summary": {"covered_lines": 0, "num_statements": 4, "percent_covered": 0.0, "percent_covered_display": "0", "missing_lines": 4, "excluded_lines": 0}, "missing_lines": [107, 110, 111, 113], "excluded_lines": []}, "NormalizationService._normalize_min_max": {"executed_lines": [], "summary": {"covered_lines": 0, "num_statements": 8, "percent_covered": 0.0, "percent_covered_display": "0", "missing_lines": 8, "excluded_lines": 0}, "missing_lines": [117, 118, 121, 122, 125, 126, 127, 129], "excluded_lines": []}, "NormalizationService._normalize_z_score": {"executed_lines": [], "summary": {"covered_lines": 0, "num_statements": 8, "percent_covered": 0.0, "percent_covered_display": "0", "missing_lines": 8, "excluded_lines": 0}, "missing_lines": [133, 134, 135, 137, 138, 139, 140, 142], "excluded_lines": []}, "NormalizationService._normalize_robust": {"executed_lines": [], "summary": {"covered_lines": 0, "num_statements": 6, "percent_covered": 0.0, "percent_covered_display": "0", "missing_lines": 6, "excluded_lines": 0}, "missing_lines": [146, 147, 148, 149, 150, 152], "excluded_lines": []}, "NormalizationService._identify_numerical_fields": {"executed_lines": [], "summary": {"covered_lines": 0, "num_statements": 7, "percent_covered": 0.0, "percent_covered_display": "0", "missing_lines": 7, "excluded_lines": 0}, "missing_lines": [156, 158, 159, 160, 162, 163, 165], "excluded_lines": []}, "NormalizationService._normalize_single_value": {"executed_lines": [], "summary": {"covered_lines": 0, "num_statements": 5, "percent_covered": 0.0, "percent_covered_display": "0", "missing_lines": 5, "excluded_lines": 0}, "missing_lines": [175, 177, 178, 180, 182], "excluded_lines": []}, "": {"executed_lines": [], "summary": {"covered_lines": 0, "num_statements": 14, "percent_covered": 0.0, "percent_covered_display": "0", "missing_lines": 14, "excluded_lines": 0}, "missing_lines": [8, 9, 10, 12, 15, 18, 26, 66, 105, 115, 131, 144, 154, 167], "excluded_lines": []}}, "classes": {"NormalizationService": {"executed_lines": [], "summary": {"covered_lines": 0, "num_statements": 73, "percent_covered": 0.0, "percent_covered_display": "0", "missing_lines": 73, "excluded_lines": 0}, "missing_lines": [20, 21, 24, 41, 42, 44, 46, 47, 49, 50, 51, 52, 53, 54, 55, 56, 57, 59, 60, 62, 63, 64, 79, 80, 83, 85, 86, 89, 90, 91, 93, 94, 95, 101, 103, 107, 110, 111, 113, 117, 118, 121, 122, 125, 126, 127, 129, 133, 134, 135, 137, 138, 139, 140, 142, 146, 147, 148, 149, 150, 152, 156, 158, 159, 160, 162, 163, 165, 175, 177, 178, 180, 182], "excluded_lines": []}, "": {"executed_lines": [], "summary": {"covered_lines": 0, "num_statements": 14, "percent_covered": 0.0, "percent_covered_display": "0", "missing_lines": 14, "excluded_lines": 0}, "missing_lines": [8, 9, 10, 12, 15, 18, 26, 66, 105, 115, 131, 144, 154, 167], "excluded_lines": []}}}, "src/research_agent_backend/core/data_preparation/types.py": {"executed_lines": [], "summary": {"covered_lines": 0, "num_statements": 80, "percent_covered": 0.0, "percent_covered_display": "0", "missing_lines": 80, "excluded_lines": 0}, "missing_lines": [8, 9, 10, 11, 14, 16, 17, 18, 19, 20, 23, 25, 26, 27, 28, 31, 32, 36, 37, 38, 39, 40, 41, 44, 45, 46, 49, 50, 51, 52, 55, 56, 57, 60, 61, 65, 66, 67, 70, 71, 74, 75, 76, 79, 80, 83, 84, 87, 88, 91, 92, 93, 96, 97, 98, 101, 102, 106, 107, 108, 111, 112, 113, 114, 117, 118, 119, 122, 123, 124, 126, 127, 129, 130, 131, 133, 134, 136, 137, 138], "excluded_lines": [], "functions": {"DataPreparationResult.success_rate": {"executed_lines": [], "summary": {"covered_lines": 0, "num_statements": 3, "percent_covered": 0.0, "percent_covered_display": "0", "missing_lines": 3, "excluded_lines": 0}, "missing_lines": [129, 130, 131], "excluded_lines": []}, "DataPreparationResult.filter_rate": {"executed_lines": [], "summary": {"covered_lines": 0, "num_statements": 3, "percent_covered": 0.0, "percent_covered_display": "0", "missing_lines": 3, "excluded_lines": 0}, "missing_lines": [136, 137, 138], "excluded_lines": []}, "": {"executed_lines": [], "summary": {"covered_lines": 0, "num_statements": 74, "percent_covered": 0.0, "percent_covered_display": "0", "missing_lines": 74, "excluded_lines": 0}, "missing_lines": [8, 9, 10, 11, 14, 16, 17, 18, 19, 20, 23, 25, 26, 27, 28, 31, 32, 36, 37, 38, 39, 40, 41, 44, 45, 46, 49, 50, 51, 52, 55, 56, 57, 60, 61, 65, 66, 67, 70, 71, 74, 75, 76, 79, 80, 83, 84, 87, 88, 91, 92, 93, 96, 97, 98, 101, 102, 106, 107, 108, 111, 112, 113, 114, 117, 118, 119, 122, 123, 124, 126, 127, 133, 134], "excluded_lines": []}}, "classes": {"NormalizationMethod": {"executed_lines": [], "summary": {"covered_lines": 0, "num_statements": 0, "percent_covered": 100.0, "percent_covered_display": "100", "missing_lines": 0, "excluded_lines": 0}, "missing_lines": [], "excluded_lines": []}, "DimensionalityReductionMethod": {"executed_lines": [], "summary": {"covered_lines": 0, "num_statements": 0, "percent_covered": 100.0, "percent_covered_display": "100", "missing_lines": 0, "excluded_lines": 0}, "missing_lines": [], "excluded_lines": []}, "DataCleaningConfig": {"executed_lines": [], "summary": {"covered_lines": 0, "num_statements": 0, "percent_covered": 100.0, "percent_covered_display": "100", "missing_lines": 0, "excluded_lines": 0}, "missing_lines": [], "excluded_lines": []}, "NormalizationConfig": {"executed_lines": [], "summary": {"covered_lines": 0, "num_statements": 0, "percent_covered": 100.0, "percent_covered_display": "100", "missing_lines": 0, "excluded_lines": 0}, "missing_lines": [], "excluded_lines": []}, "DimensionalityReductionConfig": {"executed_lines": [], "summary": {"covered_lines": 0, "num_statements": 0, "percent_covered": 100.0, "percent_covered_display": "100", "missing_lines": 0, "excluded_lines": 0}, "missing_lines": [], "excluded_lines": []}, "DataPreparationResult": {"executed_lines": [], "summary": {"covered_lines": 0, "num_statements": 6, "percent_covered": 0.0, "percent_covered_display": "0", "missing_lines": 6, "excluded_lines": 0}, "missing_lines": [129, 130, 131, 136, 137, 138], "excluded_lines": []}, "": {"executed_lines": [], "summary": {"covered_lines": 0, "num_statements": 74, "percent_covered": 0.0, "percent_covered_display": "0", "missing_lines": 74, "excluded_lines": 0}, "missing_lines": [8, 9, 10, 11, 14, 16, 17, 18, 19, 20, 23, 25, 26, 27, 28, 31, 32, 36, 37, 38, 39, 40, 41, 44, 45, 46, 49, 50, 51, 52, 55, 56, 57, 60, 61, 65, 66, 67, 70, 71, 74, 75, 76, 79, 80, 83, 84, 87, 88, 91, 92, 93, 96, 97, 98, 101, 102, 106, 107, 108, 111, 112, 113, 114, 117, 118, 119, 122, 123, 124, 126, 127, 133, 134], "excluded_lines": []}}}, "src/research_agent_backend/core/document_insertion.py": {"executed_lines": [], "summary": {"covered_lines": 0, "num_statements": 3, "percent_covered": 0.0, "percent_covered_display": "0", "missing_lines": 3, "excluded_lines": 0}, "missing_lines": [12, 30, 40], "excluded_lines": [], "functions": {"": {"executed_lines": [], "summary": {"covered_lines": 0, "num_statements": 3, "percent_covered": 0.0, "percent_covered_display": "0", "missing_lines": 3, "excluded_lines": 0}, "missing_lines": [12, 30, 40], "excluded_lines": []}}, "classes": {"": {"executed_lines": [], "summary": {"covered_lines": 0, "num_statements": 3, "percent_covered": 0.0, "percent_covered_display": "0", "missing_lines": 3, "excluded_lines": 0}, "missing_lines": [12, 30, 40], "excluded_lines": []}}}, "src/research_agent_backend/core/document_insertion/__init__.py": {"executed_lines": [], "summary": {"covered_lines": 0, "num_statements": 20, "percent_covered": 0.0, "percent_covered_display": "0", "missing_lines": 20, "excluded_lines": 0}, "missing_lines": [15, 18, 27, 28, 29, 30, 33, 34, 35, 38, 55, 58, 59, 60, 63, 64, 67, 68, 70, 79], "excluded_lines": [], "functions": {"create_document_insertion_manager": {"executed_lines": [], "summary": {"covered_lines": 0, "num_statements": 9, "percent_covered": 0.0, "percent_covered_display": "0", "missing_lines": 9, "excluded_lines": 0}, "missing_lines": [55, 58, 59, 60, 63, 64, 67, 68, 70], "excluded_lines": []}, "": {"executed_lines": [], "summary": {"covered_lines": 0, "num_statements": 11, "percent_covered": 0.0, "percent_covered_display": "0", "missing_lines": 11, "excluded_lines": 0}, "missing_lines": [15, 18, 27, 28, 29, 30, 33, 34, 35, 38, 79], "excluded_lines": []}}, "classes": {"": {"executed_lines": [], "summary": {"covered_lines": 0, "num_statements": 20, "percent_covered": 0.0, "percent_covered_display": "0", "missing_lines": 20, "excluded_lines": 0}, "missing_lines": [15, 18, 27, 28, 29, 30, 33, 34, 35, 38, 55, 58, 59, 60, 63, 64, 67, 68, 70, 79], "excluded_lines": []}}}, "src/research_agent_backend/core/document_insertion/chunking.py": {"executed_lines": [], "summary": {"covered_lines": 0, "num_statements": 44, "percent_covered": 0.0, "percent_covered_display": "0", "missing_lines": 44, "excluded_lines": 0}, "missing_lines": [8, 9, 11, 19, 22, 24, 26, 44, 45, 47, 48, 51, 52, 53, 54, 56, 57, 58, 59, 62, 63, 65, 68, 69, 70, 73, 80, 81, 84, 85, 86, 88, 89, 92, 93, 94, 96, 103, 104, 106, 109, 112, 113, 127], "excluded_lines": [], "functions": {"DocumentChunker.__init__": {"executed_lines": [], "summary": {"covered_lines": 0, "num_statements": 1, "percent_covered": 0.0, "percent_covered_display": "0", "missing_lines": 1, "excluded_lines": 0}, "missing_lines": [24], "excluded_lines": []}, "DocumentChunker.chunk_document": {"executed_lines": [], "summary": {"covered_lines": 0, "num_statements": 33, "percent_covered": 0.0, "percent_covered_display": "0", "missing_lines": 33, "excluded_lines": 0}, "missing_lines": [44, 45, 47, 48, 51, 52, 53, 54, 56, 57, 58, 59, 62, 63, 65, 68, 69, 70, 73, 80, 81, 84, 85, 86, 88, 89, 92, 93, 94, 96, 103, 104, 106], "excluded_lines": []}, "ChunkMetadataFactory.create_chunk_metadata": {"executed_lines": [], "summary": {"covered_lines": 0, "num_statements": 1, "percent_covered": 0.0, "percent_covered_display": "0", "missing_lines": 1, "excluded_lines": 0}, "missing_lines": [127], "excluded_lines": []}, "": {"executed_lines": [], "summary": {"covered_lines": 0, "num_statements": 9, "percent_covered": 0.0, "percent_covered_display": "0", "missing_lines": 9, "excluded_lines": 0}, "missing_lines": [8, 9, 11, 19, 22, 26, 109, 112, 113], "excluded_lines": []}}, "classes": {"DocumentChunker": {"executed_lines": [], "summary": {"covered_lines": 0, "num_statements": 34, "percent_covered": 0.0, "percent_covered_display": "0", "missing_lines": 34, "excluded_lines": 0}, "missing_lines": [24, 44, 45, 47, 48, 51, 52, 53, 54, 56, 57, 58, 59, 62, 63, 65, 68, 69, 70, 73, 80, 81, 84, 85, 86, 88, 89, 92, 93, 94, 96, 103, 104, 106], "excluded_lines": []}, "ChunkMetadataFactory": {"executed_lines": [], "summary": {"covered_lines": 0, "num_statements": 1, "percent_covered": 0.0, "percent_covered_display": "0", "missing_lines": 1, "excluded_lines": 0}, "missing_lines": [127], "excluded_lines": []}, "": {"executed_lines": [], "summary": {"covered_lines": 0, "num_statements": 9, "percent_covered": 0.0, "percent_covered_display": "0", "missing_lines": 9, "excluded_lines": 0}, "missing_lines": [8, 9, 11, 19, 22, 26, 109, 112, 113], "excluded_lines": []}}}, "src/research_agent_backend/core/document_insertion/embeddings.py": {"executed_lines": [], "summary": {"covered_lines": 0, "num_statements": 21, "percent_covered": 0.0, "percent_covered_display": "0", "missing_lines": 21, "excluded_lines": 0}, "missing_lines": [8, 9, 11, 14, 17, 29, 30, 32, 45, 48, 50, 51, 52, 53, 55, 68, 70, 72, 73, 74, 75], "excluded_lines": [], "functions": {"EmbeddingService.__init__": {"executed_lines": [], "summary": {"covered_lines": 0, "num_statements": 2, "percent_covered": 0.0, "percent_covered_display": "0", "missing_lines": 2, "excluded_lines": 0}, "missing_lines": [29, 30], "excluded_lines": []}, "EmbeddingService.generate_embedding": {"executed_lines": [], "summary": {"covered_lines": 0, "num_statements": 6, "percent_covered": 0.0, "percent_covered_display": "0", "missing_lines": 6, "excluded_lines": 0}, "missing_lines": [45, 48, 50, 51, 52, 53], "excluded_lines": []}, "EmbeddingService.generate_embeddings_batch": {"executed_lines": [], "summary": {"covered_lines": 0, "num_statements": 6, "percent_covered": 0.0, "percent_covered_display": "0", "missing_lines": 6, "excluded_lines": 0}, "missing_lines": [68, 70, 72, 73, 74, 75], "excluded_lines": []}, "": {"executed_lines": [], "summary": {"covered_lines": 0, "num_statements": 7, "percent_covered": 0.0, "percent_covered_display": "0", "missing_lines": 7, "excluded_lines": 0}, "missing_lines": [8, 9, 11, 14, 17, 32, 55], "excluded_lines": []}}, "classes": {"EmbeddingService": {"executed_lines": [], "summary": {"covered_lines": 0, "num_statements": 14, "percent_covered": 0.0, "percent_covered_display": "0", "missing_lines": 14, "excluded_lines": 0}, "missing_lines": [29, 30, 45, 48, 50, 51, 52, 53, 68, 70, 72, 73, 74, 75], "excluded_lines": []}, "": {"executed_lines": [], "summary": {"covered_lines": 0, "num_statements": 7, "percent_covered": 0.0, "percent_covered_display": "0", "missing_lines": 7, "excluded_lines": 0}, "missing_lines": [8, 9, 11, 14, 17, 32, 55], "excluded_lines": []}}}, "src/research_agent_backend/core/document_insertion/exceptions.py": {"executed_lines": [], "summary": {"covered_lines": 0, "num_statements": 36, "percent_covered": 0.0, "percent_covered_display": "0", "missing_lines": 36, "excluded_lines": 0}, "missing_lines": [8, 9, 13, 15, 18, 20, 23, 25, 28, 29, 31, 32, 33, 34, 35, 36, 37, 39, 40, 42, 45, 46, 48, 49, 50, 51, 52, 53, 54, 55, 56, 58, 59, 61, 62, 63], "excluded_lines": [], "functions": {"InsertionResult.has_errors": {"executed_lines": [], "summary": {"covered_lines": 0, "num_statements": 1, "percent_covered": 0.0, "percent_covered_display": "0", "missing_lines": 1, "excluded_lines": 0}, "missing_lines": [42], "excluded_lines": []}, "BatchInsertionResult.success_rate": {"executed_lines": [], "summary": {"covered_lines": 0, "num_statements": 3, "percent_covered": 0.0, "percent_covered_display": "0", "missing_lines": 3, "excluded_lines": 0}, "missing_lines": [61, 62, 63], "excluded_lines": []}, "": {"executed_lines": [], "summary": {"covered_lines": 0, "num_statements": 32, "percent_covered": 0.0, "percent_covered_display": "0", "missing_lines": 32, "excluded_lines": 0}, "missing_lines": [8, 9, 13, 15, 18, 20, 23, 25, 28, 29, 31, 32, 33, 34, 35, 36, 37, 39, 40, 45, 46, 48, 49, 50, 51, 52, 53, 54, 55, 56, 58, 59], "excluded_lines": []}}, "classes": {"InsertionError": {"executed_lines": [], "summary": {"covered_lines": 0, "num_statements": 0, "percent_covered": 100.0, "percent_covered_display": "100", "missing_lines": 0, "excluded_lines": 0}, "missing_lines": [], "excluded_lines": []}, "ValidationError": {"executed_lines": [], "summary": {"covered_lines": 0, "num_statements": 0, "percent_covered": 100.0, "percent_covered_display": "100", "missing_lines": 0, "excluded_lines": 0}, "missing_lines": [], "excluded_lines": []}, "TransactionError": {"executed_lines": [], "summary": {"covered_lines": 0, "num_statements": 0, "percent_covered": 100.0, "percent_covered_display": "100", "missing_lines": 0, "excluded_lines": 0}, "missing_lines": [], "excluded_lines": []}, "InsertionResult": {"executed_lines": [], "summary": {"covered_lines": 0, "num_statements": 1, "percent_covered": 0.0, "percent_covered_display": "0", "missing_lines": 1, "excluded_lines": 0}, "missing_lines": [42], "excluded_lines": []}, "BatchInsertionResult": {"executed_lines": [], "summary": {"covered_lines": 0, "num_statements": 3, "percent_covered": 0.0, "percent_covered_display": "0", "missing_lines": 3, "excluded_lines": 0}, "missing_lines": [61, 62, 63], "excluded_lines": []}, "": {"executed_lines": [], "summary": {"covered_lines": 0, "num_statements": 32, "percent_covered": 0.0, "percent_covered_display": "0", "missing_lines": 32, "excluded_lines": 0}, "missing_lines": [8, 9, 13, 15, 18, 20, 23, 25, 28, 29, 31, 32, 33, 34, 35, 36, 37, 39, 40, 45, 46, 48, 49, 50, 51, 52, 53, 54, 55, 56, 58, 59], "excluded_lines": []}}}, "src/research_agent_backend/core/document_insertion/manager.py": {"executed_lines": [], "summary": {"covered_lines": 0, "num_statements": 163, "percent_covered": 0.0, "percent_covered_display": "0", "missing_lines": 163, "excluded_lines": 0}, "missing_lines": [8, 9, 10, 11, 13, 14, 15, 16, 17, 19, 26, 27, 28, 29, 32, 46, 71, 72, 74, 75, 76, 77, 78, 79, 80, 83, 86, 87, 92, 93, 97, 103, 104, 105, 108, 110, 111, 112, 115, 117, 119, 146, 147, 149, 151, 154, 155, 156, 159, 160, 162, 165, 169, 170, 173, 174, 177, 178, 179, 182, 183, 184, 185, 186, 189, 194, 195, 203, 204, 206, 210, 211, 213, 214, 215, 216, 217, 218, 219, 220, 221, 222, 223, 224, 225, 228, 229, 231, 233, 256, 257, 259, 260, 261, 262, 264, 266, 267, 270, 271, 272, 273, 275, 277, 280, 281, 282, 283, 284, 286, 287, 291, 294, 295, 296, 301, 304, 305, 307, 312, 314, 315, 316, 317, 318, 323, 324, 325, 326, 329, 330, 332, 334, 339, 341, 342, 343, 344, 345, 347, 348, 349, 350, 353, 354, 356, 358, 373, 375, 376, 378, 380, 386, 388, 389, 390, 395, 396, 398, 399, 400, 401, 403], "excluded_lines": [], "functions": {"DocumentInsertionManager.__init__": {"executed_lines": [], "summary": {"covered_lines": 0, "num_statements": 24, "percent_covered": 0.0, "percent_covered_display": "0", "missing_lines": 24, "excluded_lines": 0}, "missing_lines": [71, 72, 74, 75, 76, 77, 78, 79, 80, 83, 86, 87, 92, 93, 97, 103, 104, 105, 108, 110, 111, 112, 115, 117], "excluded_lines": []}, "DocumentInsertionManager.insert_document": {"executed_lines": [], "summary": {"covered_lines": 0, "num_statements": 47, "percent_covered": 0.0, "percent_covered_display": "0", "missing_lines": 47, "excluded_lines": 0}, "missing_lines": [146, 147, 149, 151, 154, 155, 156, 159, 160, 162, 165, 169, 170, 173, 174, 177, 178, 179, 182, 183, 184, 185, 186, 189, 194, 195, 203, 204, 206, 210, 211, 213, 214, 215, 216, 217, 218, 219, 220, 221, 222, 223, 224, 225, 228, 229, 231], "excluded_lines": []}, "DocumentInsertionManager.insert_batch": {"executed_lines": [], "summary": {"covered_lines": 0, "num_statements": 57, "percent_covered": 0.0, "percent_covered_display": "0", "missing_lines": 57, "excluded_lines": 0}, "missing_lines": [256, 257, 259, 260, 261, 262, 264, 266, 267, 270, 271, 272, 273, 275, 277, 280, 281, 282, 283, 284, 286, 287, 291, 294, 295, 296, 301, 304, 305, 307, 312, 314, 315, 316, 317, 318, 323, 324, 325, 326, 329, 330, 332, 334, 339, 341, 342, 343, 344, 345, 347, 348, 349, 350, 353, 354, 356], "excluded_lines": []}, "DocumentInsertionManager.validate_document_input": {"executed_lines": [], "summary": {"covered_lines": 0, "num_statements": 1, "percent_covered": 0.0, "percent_covered_display": "0", "missing_lines": 1, "excluded_lines": 0}, "missing_lines": [373], "excluded_lines": []}, "DocumentInsertionManager.transaction_context": {"executed_lines": [], "summary": {"covered_lines": 0, "num_statements": 1, "percent_covered": 0.0, "percent_covered_display": "0", "missing_lines": 1, "excluded_lines": 0}, "missing_lines": [378], "excluded_lines": []}, "DocumentInsertionManager._process_document_batch": {"executed_lines": [], "summary": {"covered_lines": 0, "num_statements": 11, "percent_covered": 0.0, "percent_covered_display": "0", "missing_lines": 11, "excluded_lines": 0}, "missing_lines": [386, 388, 389, 390, 395, 396, 398, 399, 400, 401, 403], "excluded_lines": []}, "": {"executed_lines": [], "summary": {"covered_lines": 0, "num_statements": 22, "percent_covered": 0.0, "percent_covered_display": "0", "missing_lines": 22, "excluded_lines": 0}, "missing_lines": [8, 9, 10, 11, 13, 14, 15, 16, 17, 19, 26, 27, 28, 29, 32, 46, 119, 233, 358, 375, 376, 380], "excluded_lines": []}}, "classes": {"DocumentInsertionManager": {"executed_lines": [], "summary": {"covered_lines": 0, "num_statements": 141, "percent_covered": 0.0, "percent_covered_display": "0", "missing_lines": 141, "excluded_lines": 0}, "missing_lines": [71, 72, 74, 75, 76, 77, 78, 79, 80, 83, 86, 87, 92, 93, 97, 103, 104, 105, 108, 110, 111, 112, 115, 117, 146, 147, 149, 151, 154, 155, 156, 159, 160, 162, 165, 169, 170, 173, 174, 177, 178, 179, 182, 183, 184, 185, 186, 189, 194, 195, 203, 204, 206, 210, 211, 213, 214, 215, 216, 217, 218, 219, 220, 221, 222, 223, 224, 225, 228, 229, 231, 256, 257, 259, 260, 261, 262, 264, 266, 267, 270, 271, 272, 273, 275, 277, 280, 281, 282, 283, 284, 286, 287, 291, 294, 295, 296, 301, 304, 305, 307, 312, 314, 315, 316, 317, 318, 323, 324, 325, 326, 329, 330, 332, 334, 339, 341, 342, 343, 344, 345, 347, 348, 349, 350, 353, 354, 356, 373, 378, 386, 388, 389, 390, 395, 396, 398, 399, 400, 401, 403], "excluded_lines": []}, "": {"executed_lines": [], "summary": {"covered_lines": 0, "num_statements": 22, "percent_covered": 0.0, "percent_covered_display": "0", "missing_lines": 22, "excluded_lines": 0}, "missing_lines": [8, 9, 10, 11, 13, 14, 15, 16, 17, 19, 26, 27, 28, 29, 32, 46, 119, 233, 358, 375, 376, 380], "excluded_lines": []}}}, "src/research_agent_backend/core/document_insertion/transactions.py": {"executed_lines": [], "summary": {"covered_lines": 0, "num_statements": 43, "percent_covered": 0.0, "percent_covered_display": "0", "missing_lines": 43, "excluded_lines": 0}, "missing_lines": [8, 9, 10, 11, 14, 17, 29, 30, 31, 33, 34, 40, 41, 43, 44, 45, 46, 47, 48, 49, 50, 51, 53, 55, 56, 59, 61, 62, 63, 65, 67, 68, 71, 73, 74, 75, 77, 79, 80, 83, 85, 86, 87], "excluded_lines": [], "functions": {"TransactionManager.__init__": {"executed_lines": [], "summary": {"covered_lines": 0, "num_statements": 3, "percent_covered": 0.0, "percent_covered_display": "0", "missing_lines": 3, "excluded_lines": 0}, "missing_lines": [29, 30, 31], "excluded_lines": []}, "TransactionManager.transaction_context": {"executed_lines": [], "summary": {"covered_lines": 0, "num_statements": 11, "percent_covered": 0.0, "percent_covered_display": "0", "missing_lines": 11, "excluded_lines": 0}, "missing_lines": [40, 41, 43, 44, 45, 46, 47, 48, 49, 50, 51], "excluded_lines": []}, "TransactionManager.begin_transaction": {"executed_lines": [], "summary": {"covered_lines": 0, "num_statements": 6, "percent_covered": 0.0, "percent_covered_display": "0", "missing_lines": 6, "excluded_lines": 0}, "missing_lines": [55, 56, 59, 61, 62, 63], "excluded_lines": []}, "TransactionManager.commit_transaction": {"executed_lines": [], "summary": {"covered_lines": 0, "num_statements": 6, "percent_covered": 0.0, "percent_covered_display": "0", "missing_lines": 6, "excluded_lines": 0}, "missing_lines": [67, 68, 71, 73, 74, 75], "excluded_lines": []}, "TransactionManager.rollback_transaction": {"executed_lines": [], "summary": {"covered_lines": 0, "num_statements": 6, "percent_covered": 0.0, "percent_covered_display": "0", "missing_lines": 6, "excluded_lines": 0}, "missing_lines": [79, 80, 83, 85, 86, 87], "excluded_lines": []}, "": {"executed_lines": [], "summary": {"covered_lines": 0, "num_statements": 11, "percent_covered": 0.0, "percent_covered_display": "0", "missing_lines": 11, "excluded_lines": 0}, "missing_lines": [8, 9, 10, 11, 14, 17, 33, 34, 53, 65, 77], "excluded_lines": []}}, "classes": {"TransactionManager": {"executed_lines": [], "summary": {"covered_lines": 0, "num_statements": 32, "percent_covered": 0.0, "percent_covered_display": "0", "missing_lines": 32, "excluded_lines": 0}, "missing_lines": [29, 30, 31, 40, 41, 43, 44, 45, 46, 47, 48, 49, 50, 51, 55, 56, 59, 61, 62, 63, 67, 68, 71, 73, 74, 75, 79, 80, 83, 85, 86, 87], "excluded_lines": []}, "": {"executed_lines": [], "summary": {"covered_lines": 0, "num_statements": 11, "percent_covered": 0.0, "percent_covered_display": "0", "missing_lines": 11, "excluded_lines": 0}, "missing_lines": [8, 9, 10, 11, 14, 17, 33, 34, 53, 65, 77], "excluded_lines": []}}}, "src/research_agent_backend/core/document_insertion/validation.py": {"executed_lines": [], "summary": {"covered_lines": 0, "num_statements": 55, "percent_covered": 0.0, "percent_covered_display": "0", "missing_lines": 55, "excluded_lines": 0}, "missing_lines": [8, 9, 10, 12, 13, 14, 15, 18, 21, 23, 25, 41, 42, 45, 46, 49, 50, 51, 52, 53, 55, 58, 59, 60, 61, 62, 63, 66, 69, 76, 77, 78, 80, 97, 99, 100, 101, 102, 105, 107, 110, 114, 115, 116, 122, 123, 124, 126, 129, 136, 137, 139, 140, 141, 142], "excluded_lines": [], "functions": {"DocumentValidator.__init__": {"executed_lines": [], "summary": {"covered_lines": 0, "num_statements": 1, "percent_covered": 0.0, "percent_covered_display": "0", "missing_lines": 1, "excluded_lines": 0}, "missing_lines": [23], "excluded_lines": []}, "DocumentValidator.validate_document_input": {"executed_lines": [], "summary": {"covered_lines": 0, "num_statements": 16, "percent_covered": 0.0, "percent_covered_display": "0", "missing_lines": 16, "excluded_lines": 0}, "missing_lines": [41, 42, 45, 46, 49, 50, 51, 52, 53, 55, 58, 59, 60, 61, 62, 63], "excluded_lines": []}, "DocumentPreparationService.__init__": {"executed_lines": [], "summary": {"covered_lines": 0, "num_statements": 3, "percent_covered": 0.0, "percent_covered_display": "0", "missing_lines": 3, "excluded_lines": 0}, "missing_lines": [76, 77, 78], "excluded_lines": []}, "DocumentPreparationService.prepare_document": {"executed_lines": [], "summary": {"covered_lines": 0, "num_statements": 22, "percent_covered": 0.0, "percent_covered_display": "0", "missing_lines": 22, "excluded_lines": 0}, "missing_lines": [97, 99, 100, 101, 102, 105, 107, 110, 114, 115, 116, 122, 123, 124, 126, 129, 136, 137, 139, 140, 141, 142], "excluded_lines": []}, "": {"executed_lines": [], "summary": {"covered_lines": 0, "num_statements": 13, "percent_covered": 0.0, "percent_covered_display": "0", "missing_lines": 13, "excluded_lines": 0}, "missing_lines": [8, 9, 10, 12, 13, 14, 15, 18, 21, 25, 66, 69, 80], "excluded_lines": []}}, "classes": {"DocumentValidator": {"executed_lines": [], "summary": {"covered_lines": 0, "num_statements": 17, "percent_covered": 0.0, "percent_covered_display": "0", "missing_lines": 17, "excluded_lines": 0}, "missing_lines": [23, 41, 42, 45, 46, 49, 50, 51, 52, 53, 55, 58, 59, 60, 61, 62, 63], "excluded_lines": []}, "DocumentPreparationService": {"executed_lines": [], "summary": {"covered_lines": 0, "num_statements": 25, "percent_covered": 0.0, "percent_covered_display": "0", "missing_lines": 25, "excluded_lines": 0}, "missing_lines": [76, 77, 78, 97, 99, 100, 101, 102, 105, 107, 110, 114, 115, 116, 122, 123, 124, 126, 129, 136, 137, 139, 140, 141, 142], "excluded_lines": []}, "": {"executed_lines": [], "summary": {"covered_lines": 0, "num_statements": 13, "percent_covered": 0.0, "percent_covered_display": "0", "missing_lines": 13, "excluded_lines": 0}, "missing_lines": [8, 9, 10, 12, 13, 14, 15, 18, 21, 25, 66, 69, 80], "excluded_lines": []}}}, "src/research_agent_backend/core/document_processor.py": {"executed_lines": [], "summary": {"covered_lines": 0, "num_statements": 3, "percent_covered": 0.0, "percent_covered_display": "0", "missing_lines": 3, "excluded_lines": 0}, "missing_lines": [19, 22, 62], "excluded_lines": [], "functions": {"": {"executed_lines": [], "summary": {"covered_lines": 0, "num_statements": 3, "percent_covered": 0.0, "percent_covered_display": "0", "missing_lines": 3, "excluded_lines": 0}, "missing_lines": [19, 22, 62], "excluded_lines": []}}, "classes": {"": {"executed_lines": [], "summary": {"covered_lines": 0, "num_statements": 3, "percent_covered": 0.0, "percent_covered_display": "0", "missing_lines": 3, "excluded_lines": 0}, "missing_lines": [19, 22, 62], "excluded_lines": []}}}, "src/research_agent_backend/core/document_processor/__init__.py": {"executed_lines": [], "summary": {"covered_lines": 0, "num_statements": 6, "percent_covered": 0.0, "percent_covered_display": "0", "missing_lines": 6, "excluded_lines": 0}, "missing_lines": [24, 33, 41, 51, 64, 87], "excluded_lines": [], "functions": {"": {"executed_lines": [], "summary": {"covered_lines": 0, "num_statements": 6, "percent_covered": 0.0, "percent_covered_display": "0", "missing_lines": 6, "excluded_lines": 0}, "missing_lines": [24, 33, 41, 51, 64, 87], "excluded_lines": []}}, "classes": {"": {"executed_lines": [], "summary": {"covered_lines": 0, "num_statements": 6, "percent_covered": 0.0, "percent_covered_display": "0", "missing_lines": 6, "excluded_lines": 0}, "missing_lines": [24, 33, 41, 51, 64, 87], "excluded_lines": []}}}, "src/research_agent_backend/core/document_processor/atomic_units/__init__.py": {"executed_lines": [], "summary": {"covered_lines": 0, "num_statements": 5, "percent_covered": 0.0, "percent_covered_display": "0", "missing_lines": 5, "excluded_lines": 0}, "missing_lines": [16, 17, 24, 25, 27], "excluded_lines": [], "functions": {"": {"executed_lines": [], "summary": {"covered_lines": 0, "num_statements": 5, "percent_covered": 0.0, "percent_covered_display": "0", "missing_lines": 5, "excluded_lines": 0}, "missing_lines": [16, 17, 24, 25, 27], "excluded_lines": []}}, "classes": {"": {"executed_lines": [], "summary": {"covered_lines": 0, "num_statements": 5, "percent_covered": 0.0, "percent_covered_display": "0", "missing_lines": 5, "excluded_lines": 0}, "missing_lines": [16, 17, 24, 25, 27], "excluded_lines": []}}}, "src/research_agent_backend/core/document_processor/atomic_units/handler.py": {"executed_lines": [], "summary": {"covered_lines": 0, "num_statements": 103, "percent_covered": 0.0, "percent_covered_display": "0", "missing_lines": 103, "excluded_lines": 0}, "missing_lines": [7, 8, 9, 10, 13, 16, 18, 19, 20, 22, 24, 25, 27, 28, 29, 31, 33, 35, 36, 37, 38, 39, 40, 41, 42, 43, 45, 48, 50, 51, 53, 54, 55, 57, 62, 63, 65, 66, 68, 69, 71, 72, 73, 74, 77, 83, 85, 86, 88, 89, 90, 92, 94, 95, 97, 98, 100, 101, 103, 105, 106, 107, 108, 109, 111, 112, 114, 116, 117, 118, 120, 122, 123, 125, 126, 128, 130, 131, 132, 133, 134, 136, 137, 138, 139, 141, 144, 146, 148, 150, 152, 155, 157, 160, 162, 171, 172, 174, 177, 178, 180, 181, 182], "excluded_lines": [], "functions": {"AtomicUnitHandler.__init__": {"executed_lines": [], "summary": {"covered_lines": 0, "num_statements": 3, "percent_covered": 0.0, "percent_covered_display": "0", "missing_lines": 3, "excluded_lines": 0}, "missing_lines": [18, 19, 20], "excluded_lines": []}, "AtomicUnitHandler.detect_atomic_units": {"executed_lines": [], "summary": {"covered_lines": 0, "num_statements": 23, "percent_covered": 0.0, "percent_covered_display": "0", "missing_lines": 23, "excluded_lines": 0}, "missing_lines": [24, 25, 27, 28, 29, 31, 33, 35, 36, 37, 38, 39, 40, 41, 42, 43, 45, 48, 50, 51, 53, 54, 55], "excluded_lines": []}, "AtomicUnitHandler.get_preservation_boundaries": {"executed_lines": [], "summary": {"covered_lines": 0, "num_statements": 17, "percent_covered": 0.0, "percent_covered_display": "0", "missing_lines": 17, "excluded_lines": 0}, "missing_lines": [62, 63, 65, 66, 68, 69, 71, 72, 73, 74, 77, 83, 85, 86, 88, 89, 90], "excluded_lines": []}, "AtomicUnitHandler.get_atomic_units_in_range": {"executed_lines": [], "summary": {"covered_lines": 0, "num_statements": 18, "percent_covered": 0.0, "percent_covered_display": "0", "missing_lines": 18, "excluded_lines": 0}, "missing_lines": [94, 95, 97, 98, 100, 101, 103, 105, 106, 107, 108, 109, 111, 112, 114, 116, 117, 118], "excluded_lines": []}, "AtomicUnitHandler.merge_overlapping_units": {"executed_lines": [], "summary": {"covered_lines": 0, "num_statements": 32, "percent_covered": 0.0, "percent_covered_display": "0", "missing_lines": 32, "excluded_lines": 0}, "missing_lines": [122, 123, 125, 126, 128, 130, 131, 132, 133, 134, 136, 137, 138, 139, 141, 144, 146, 148, 150, 152, 155, 157, 160, 162, 171, 172, 174, 177, 178, 180, 181, 182], "excluded_lines": []}, "": {"executed_lines": [], "summary": {"covered_lines": 0, "num_statements": 10, "percent_covered": 0.0, "percent_covered_display": "0", "missi
[...]
display": "0", "missing_lines": 39, "excluded_lines": 0}, "missing_lines": [41, 42, 43, 58, 59, 63, 65, 66, 67, 68, 69, 74, 96, 97, 98, 99, 101, 103, 104, 105, 107, 108, 110, 111, 112, 115, 116, 117, 118, 119, 120, 122, 128, 129, 155, 156, 157, 159, 160], "excluded_lines": []}, "": {"executed_lines": [1, 10, 11, 13, 15, 19, 20, 23, 26, 27, 33, 45, 79, 134], "summary": {"covered_lines": 12, "num_statements": 12, "percent_covered": 100.0, "percent_covered_display": "100", "missing_lines": 0, "excluded_lines": 0}, "missing_lines": [], "excluded_lines": []}}}, "src/research_agent_backend/utils/document_processor_factory.py": {"executed_lines": [], "summary": {"covered_lines": 0, "num_statements": 120, "percent_covered": 0.0, "percent_covered_display": "0", "missing_lines": 120, "excluded_lines": 19}, "missing_lines": [11, 12, 13, 15, 16, 20, 22, 46, 73, 83, 84, 86, 89, 90, 91, 94, 96, 98, 109, 110, 111, 113, 116, 119, 122, 123, 125, 126, 129, 130, 131, 133, 141, 142, 143, 145, 148, 149, 152, 153, 154, 156, 164, 165, 166, 168, 171, 174, 177, 178, 179, 181, 188, 190, 196, 197, 199, 211, 212, 214, 215, 217, 218, 220, 230, 231, 233, 234, 236, 243, 245, 252, 253, 254, 255, 256, 258, 268, 270, 273, 274, 275, 278, 281, 282, 284, 285, 287, 288, 289, 291, 299, 301, 302, 303, 304, 307, 313, 314, 316, 318, 327, 328, 332, 333, 337, 338, 341, 348, 355, 366, 367, 368, 369, 370, 372, 374, 376, 383, 395], "excluded_lines": [25, 26, 27, 28, 29, 30, 31, 32, 33, 34, 35, 36, 37, 38, 39, 40, 41, 42, 43], "functions": {"DocumentProcessorPlugin.apply_rules": {"executed_lines": [], "summary": {"covered_lines": 0, "num_statements": 0, "percent_covered": 100.0, "percent_covered_display": "100", "missing_lines": 0, "excluded_lines": 10}, "missing_lines": [], "excluded_lines": [34, 35, 36, 37, 38, 39, 40, 41, 42, 43]}, "DocumentProcessorFactory.__init__": {"executed_lines": [], "summary": {"covered_lines": 0, "num_statements": 8, "percent_covered": 0.0, "percent_covered_display": "0", "missing_lines": 8, "excluded_lines": 0}, "missing_lines": [83, 84, 86, 89, 90, 91, 94, 96], "excluded_lines": []}, "DocumentProcessorFactory.create_markdown_parser": {"executed_lines": [], "summary": {"covered_lines": 0, "num_statements": 13, "percent_covered": 0.0, "percent_covered_display": "0", "missing_lines": 13, "excluded_lines": 0}, "missing_lines": [109, 110, 111, 113, 116, 119, 122, 123, 125, 126, 129, 130, 131], "excluded_lines": []}, "DocumentProcessorFactory.create_header_splitter": {"executed_lines": [], "summary": {"covered_lines": 0, "num_statements": 9, "percent_covered": 0.0, "percent_covered_display": "0", "missing_lines": 9, "excluded_lines": 0}, "missing_lines": [141, 142, 143, 145, 148, 149, 152, 153, 154], "excluded_lines": []}, "DocumentProcessorFactory.create_recursive_chunker": {"executed_lines": [], "summary": {"covered_lines": 0, "num_statements": 9, "percent_covered": 0.0, "percent_covered_display": "0", "missing_lines": 9, "excluded_lines": 0}, "missing_lines": [164, 165, 166, 168, 171, 174, 177, 178, 179], "excluded_lines": []}, "DocumentProcessorFactory.create_processing_pipeline": {"executed_lines": [], "summary": {"covered_lines": 0, "num_statements": 4, "percent_covered": 0.0, "percent_covered_display": "0", "missing_lines": 4, "excluded_lines": 0}, "missing_lines": [188, 190, 196, 197], "excluded_lines": []}, "DocumentProcessorFactory.register_plugin": {"executed_lines": [], "summary": {"covered_lines": 0, "num_statements": 6, "percent_covered": 0.0, "percent_covered_display": "0", "missing_lines": 6, "excluded_lines": 0}, "missing_lines": [211, 212, 214, 215, 217, 218], "excluded_lines": []}, "DocumentProcessorFactory.unregister_plugin": {"executed_lines": [], "summary": {"covered_lines": 0, "num_statements": 4, "percent_covered": 0.0, "percent_covered_display": "0", "missing_lines": 4, "excluded_lines": 0}, "missing_lines": [230, 231, 233, 234], "excluded_lines": []}, "DocumentProcessorFactory.get_registered_plugins": {"executed_lines": [], "summary": {"covered_lines": 0, "num_statements": 1, "percent_covered": 0.0, "percent_covered_display": "0", "missing_lines": 1, "excluded_lines": 0}, "missing_lines": [243], "excluded_lines": []}, "DocumentProcessorFactory.invalidate_cache": {"executed_lines": [], "summary": {"covered_lines": 0, "num_statements": 5, "percent_covered": 0.0, "percent_covered_display": "0", "missing_lines": 5, "excluded_lines": 0}, "missing_lines": [252, 253, 254, 255, 256], "excluded_lines": []}, "DocumentProcessorFactory._configure_parser": {"executed_lines": [], "summary": {"covered_lines": 0, "num_statements": 13, "percent_covered": 0.0, "percent_covered_display": "0", "missing_lines": 13, "excluded_lines": 0}, "missing_lines": [268, 270, 273, 274, 275, 278, 281, 282, 284, 285, 287, 288, 289], "excluded_lines": []}, "DocumentProcessorFactory._apply_header_configuration": {"executed_lines": [], "summary": {"covered_lines": 0, "num_statements": 9, "percent_covered": 0.0, "percent_covered_display": "0", "missing_lines": 9, "excluded_lines": 0}, "missing_lines": [299, 301, 302, 303, 304, 307, 313, 314, 316], "excluded_lines": []}, "DocumentProcessorFactory._apply_atomic_unit_configuration": {"executed_lines": [], "summary": {"covered_lines": 0, "num_statements": 6, "percent_covered": 0.0, "percent_covered_display": "0", "missing_lines": 6, "excluded_lines": 0}, "missing_lines": [327, 328, 332, 333, 337, 338], "excluded_lines": []}, "DocumentProcessorFactory._apply_performance_optimizations": {"executed_lines": [], "summary": {"covered_lines": 0, "num_statements": 1, "percent_covered": 0.0, "percent_covered_display": "0", "missing_lines": 1, "excluded_lines": 0}, "missing_lines": [348], "excluded_lines": []}, "DocumentProcessorFactory._apply_plugins": {"executed_lines": [], "summary": {"covered_lines": 0, "num_statements": 7, "percent_covered": 0.0, "percent_covered_display": "0", "missing_lines": 7, "excluded_lines": 0}, "missing_lines": [366, 367, 368, 369, 370, 372, 374], "excluded_lines": []}, "DocumentProcessorFactory.get_factory_statistics": {"executed_lines": [], "summary": {"covered_lines": 0, "num_statements": 1, "percent_covered": 0.0, "percent_covered_display": "0", "missing_lines": 1, "excluded_lines": 0}, "missing_lines": [383], "excluded_lines": []}, "": {"executed_lines": [], "summary": {"covered_lines": 0, "num_statements": 24, "percent_covered": 0.0, "percent_covered_display": "0", "missing_lines": 24, "excluded_lines": 9}, "missing_lines": [11, 12, 13, 15, 16, 20, 22, 46, 73, 98, 133, 156, 181, 199, 220, 236, 245, 258, 291, 318, 341, 355, 376, 395], "excluded_lines": [25, 26, 27, 28, 29, 30, 31, 32, 33]}}, "classes": {"DocumentProcessorPlugin": {"executed_lines": [], "summary": {"covered_lines": 0, "num_statements": 0, "percent_covered": 100.0, "percent_covered_display": "100", "missing_lines": 0, "excluded_lines": 10}, "missing_lines": [], "excluded_lines": [34, 35, 36, 37, 38, 39, 40, 41, 42, 43]}, "DocumentProcessorFactory": {"executed_lines": [], "summary": {"covered_lines": 0, "num_statements": 96, "percent_covered": 0.0, "percent_covered_display": "0", "missing_lines": 96, "excluded_lines": 0}, "missing_lines": [83, 84, 86, 89, 90, 91, 94, 96, 109, 110, 111, 113, 116, 119, 122, 123, 125, 126, 129, 130, 131, 141, 142, 143, 145, 148, 149, 152, 153, 154, 164, 165, 166, 168, 171, 174, 177, 178, 179, 188, 190, 196, 197, 211, 212, 214, 215, 217, 218, 230, 231, 233, 234, 243, 252, 253, 254, 255, 256, 268, 270, 273, 274, 275, 278, 281, 282, 284, 285, 287, 288, 289, 299, 301, 302, 303, 304, 307, 313, 314, 316, 327, 328, 332, 333, 337, 338, 348, 366, 367, 368, 369, 370, 372, 374, 383], "excluded_lines": []}, "": {"executed_lines": [], "summary": {"covered_lines": 0, "num_statements": 24, "percent_covered": 0.0, "percent_covered_display": "0", "missing_lines": 24, "excluded_lines": 9}, "missing_lines": [11, 12, 13, 15, 16, 20, 22, 46, 73, 98, 133, 156, 181, 199, 220, 236, 245, 258, 291, 318, 341, 355, 376, 395], "excluded_lines": [25, 26, 27, 28, 29, 30, 31, 32, 33]}}}, "src/research_agent_backend/utils/markdown_parser_configurator.py": {"executed_lines": [], "summary": {"covered_lines": 0, "num_statements": 170, "percent_covered": 0.0, "percent_covered_display": "0", "missing_lines": 170, "excluded_lines": 0}, "missing_lines": [11, 12, 13, 14, 16, 20, 23, 24, 26, 27, 28, 31, 59, 61, 62, 64, 75, 77, 79, 82, 85, 88, 91, 92, 94, 95, 97, 98, 99, 101, 109, 111, 112, 113, 115, 117, 118, 119, 120, 122, 124, 125, 126, 129, 132, 133, 135, 138, 139, 142, 143, 145, 146, 148, 156, 159, 160, 163, 164, 167, 168, 171, 172, 175, 176, 178, 186, 188, 190, 191, 192, 193, 194, 195, 198, 199, 201, 202, 204, 212, 214, 215, 217, 219, 220, 221, 222, 223, 224, 226, 227, 228, 229, 230, 232, 234, 235, 237, 245, 248, 250, 253, 255, 257, 259, 261, 265, 269, 272, 273, 274, 276, 278, 279, 281, 283, 285, 289, 293, 295, 297, 298, 300, 302, 304, 308, 309, 311, 313, 314, 316, 318, 320, 324, 325, 328, 332, 333, 335, 337, 338, 340, 342, 343, 347, 348, 350, 352, 353, 355, 357, 361, 363, 366, 368, 371, 373, 376, 378, 381, 392, 393, 395, 396, 397, 398, 399, 401, 403, 410], "excluded_lines": [], "functions": {"MarkdownParserConfigurator.__init__": {"executed_lines": [], "summary": {"covered_lines": 0, "num_statements": 2, "percent_covered": 0.0, "percent_covered_display": "0", "missing_lines": 2, "excluded_lines": 0}, "missing_lines": [61, 62], "excluded_lines": []}, "MarkdownParserConfigurator.configure_parser": {"executed_lines": [], "summary": {"covered_lines": 0, "num_statements": 13, "percent_covered": 0.0, "percent_covered_display": "0", "missing_lines": 13, "excluded_lines": 0}, "missing_lines": [75, 77, 79, 82, 85, 88, 91, 92, 94, 95, 97, 98, 99], "excluded_lines": []}, "MarkdownParserConfigurator.apply_header_rules": {"executed_lines": [], "summary": {"covered_lines": 0, "num_statements": 23, "percent_covered": 0.0, "percent_covered_display": "0", "missing_lines": 23, "excluded_lines": 0}, "missing_lines": [109, 111, 112, 113, 115, 117, 118, 119, 120, 122, 124, 125, 126, 129, 132, 133, 135, 138, 139, 142, 143, 145, 146], "excluded_lines": []}, "MarkdownParserConfigurator.apply_atomic_unit_rules": {"executed_lines": [], "summary": {"covered_lines": 0, "num_statements": 11, "percent_covered": 0.0, "percent_covered_display": "0", "missing_lines": 11, "excluded_lines": 0}, "missing_lines": [156, 159, 160, 163, 164, 167, 168, 171, 172, 175, 176], "excluded_lines": []}, "MarkdownParserConfigurator._apply_boundary_strategy_rules": {"executed_lines": [], "summary": {"covered_lines": 0, "num_statements": 12, "percent_covered": 0.0, "percent_covered_display": "0", "missing_lines": 12, "excluded_lines": 0}, "missing_lines": [186, 188, 190, 191, 192, 193, 194, 195, 198, 199, 201, 202], "excluded_lines": []}, "MarkdownParserConfigurator._apply_custom_patterns": {"executed_lines": [], "summary": {"covered_lines": 0, "num_statements": 18, "percent_covered": 0.0, "percent_covered_display": "0", "missing_lines": 18, "excluded_lines": 0}, "missing_lines": [212, 214, 215, 217, 219, 220, 221, 222, 223, 224, 226, 227, 228, 229, 230, 232, 234, 235], "excluded_lines": []}, "MarkdownParserConfigurator._apply_performance_optimizations": {"executed_lines": [], "summary": {"covered_lines": 0, "num_statements": 5, "percent_covered": 0.0, "percent_covered_display": "0", "missing_lines": 5, "excluded_lines": 0}, "missing_lines": [245, 248, 250, 253, 255], "excluded_lines": []}, "MarkdownParserConfigurator._add_code_block_rules": {"executed_lines": [], "summary": {"covered_lines": 0, "num_statements": 10, "percent_covered": 0.0, "percent_covered_display": "0", "missing_lines": 10, "excluded_lines": 0}, "missing_lines": [259, 261, 265, 269, 272, 273, 274, 276, 278, 279], "excluded_lines": []}, "MarkdownParserConfigurator._add_table_rules": {"executed_lines": [], "summary": {"covered_lines": 0, "num_statements": 7, "percent_covered": 0.0, "percent_covered_display": "0", "missing_lines": 7, "excluded_lines": 0}, "missing_lines": [283, 285, 289, 293, 295, 297, 298], "excluded_lines": []}, "MarkdownParserConfigurator._add_link_rules": {"executed_lines": [], "summary": {"covered_lines": 0, "num_statements": 7, "percent_covered": 0.0, "percent_covered_display": "0", "missing_lines": 7, "excluded_lines": 0}, "missing_lines": [302, 304, 308, 309, 311, 313, 314], "excluded_lines": []}, "MarkdownParserConfigurator._add_list_rules": {"executed_lines": [], "summary": {"covered_lines": 0, "num_statements": 10, "percent_covered": 0.0, "percent_covered_display": "0", "missing_lines": 10, "excluded_lines": 0}, "missing_lines": [318, 320, 324, 325, 328, 332, 333, 335, 337, 338], "excluded_lines": []}, "MarkdownParserConfigurator._add_blockquote_rules": {"executed_lines": [], "summary": {"covered_lines": 0, "num_statements": 7, "percent_covered": 0.0, "percent_covered_display": "0", "missing_lines": 7, "excluded_lines": 0}, "missing_lines": [342, 343, 347, 348, 350, 352, 353], "excluded_lines": []}, "MarkdownParserConfigurator._add_markup_aware_rules": {"executed_lines": [], "summary": {"covered_lines": 0, "num_statements": 1, "percent_covered": 0.0, "percent_covered_display": "0", "missing_lines": 1, "excluded_lines": 0}, "missing_lines": [357], "excluded_lines": []}, "MarkdownParserConfigurator._add_sentence_boundary_rules": {"executed_lines": [], "summary": {"covered_lines": 0, "num_statements": 1, "percent_covered": 0.0, "percent_covered_display": "0", "missing_lines": 1, "excluded_lines": 0}, "missing_lines": [363], "excluded_lines": []}, "MarkdownParserConfigurator._add_paragraph_boundary_rules": {"executed_lines": [], "summary": {"covered_lines": 0, "num_statements": 1, "percent_covered": 0.0, "percent_covered_display": "0", "missing_lines": 1, "excluded_lines": 0}, "missing_lines": [368], "excluded_lines": []}, "MarkdownParserConfigurator._add_sentence_preservation_rules": {"executed_lines": [], "summary": {"covered_lines": 0, "num_statements": 1, "percent_covered": 0.0, "percent_covered_display": "0", "missing_lines": 1, "excluded_lines": 0}, "missing_lines": [373], "excluded_lines": []}, "MarkdownParserConfigurator._add_paragraph_preservation_rules": {"executed_lines": [], "summary": {"covered_lines": 0, "num_statements": 1, "percent_covered": 0.0, "percent_covered_display": "0", "missing_lines": 1, "excluded_lines": 0}, "missing_lines": [378], "excluded_lines": []}, "MarkdownParserConfigurator._process_table_content": {"executed_lines": [], "summary": {"covered_lines": 0, "num_statements": 8, "percent_covered": 0.0, "percent_covered_display": "0", "missing_lines": 8, "excluded_lines": 0}, "missing_lines": [392, 393, 395, 396, 397, 398, 399, 401], "excluded_lines": []}, "MarkdownParserConfigurator.get_supported_config_keys": {"executed_lines": [], "summary": {"covered_lines": 0, "num_statements": 1, "percent_covered": 0.0, "percent_covered_display": "0", "missing_lines": 1, "excluded_lines": 0}, "missing_lines": [410], "excluded_lines": []}, "": {"executed_lines": [], "summary": {"covered_lines": 0, "num_statements": 31, "percent_covered": 0.0, "percent_covered_display": "0", "missing_lines": 31, "excluded_lines": 0}, "missing_lines": [11, 12, 13, 14, 16, 20, 23, 24, 26, 27, 28, 31, 59, 64, 101, 148, 178, 204, 237, 257, 281, 300, 316, 340, 355, 361, 366, 371, 376, 381, 403], "excluded_lines": []}}, "classes": {"CustomPattern": {"executed_lines": [], "summary": {"covered_lines": 0, "num_statements": 0, "percent_covered": 100.0, "percent_covered_display": "100", "missing_lines": 0, "excluded_lines": 0}, "missing_lines": [], "excluded_lines": []}, "MarkdownParserConfigurator": {"executed_lines": [], "summary": {"covered_lines": 0, "num_statements": 139, "percent_covered": 0.0, "percent_covered_display": "0", "missing_lines": 139, "excluded_lines": 0}, "missing_lines": [61, 62, 75, 77, 79, 82, 85, 88, 91, 92, 94, 95, 97, 98, 99, 109, 111, 112, 113, 115, 117, 118, 119, 120, 122, 124, 125, 126, 129, 132, 133, 135, 138, 139, 142, 143, 145, 146, 156, 159, 160, 163, 164, 167, 168, 171, 172, 175, 176, 186, 188, 190, 191, 192, 193, 194, 195, 198, 199, 201, 202, 212, 214, 215, 217, 219, 220, 221, 222, 223, 224, 226, 227, 228, 229, 230, 232, 234, 235, 245, 248, 250, 253, 255, 259, 261, 265, 269, 272, 273, 274, 276, 278, 279, 283, 285, 289, 293, 295, 297, 298, 302, 304, 308, 309, 311, 313, 314, 318, 320, 324, 325, 328, 332, 333, 335, 337, 338, 342, 343, 347, 348, 350, 352, 353, 357, 363, 368, 373, 378, 392, 393, 395, 396, 397, 398, 399, 401, 410], "excluded_lines": []}, "": {"executed_lines": [], "summary": {"covered_lines": 0, "num_statements": 31, "percent_covered": 0.0, "percent_covered_display": "0", "missing_lines": 31, "excluded_lines": 0}, "missing_lines": [11, 12, 13, 14, 16, 20, 23, 24, 26, 27, 28, 31, 59, 64, 101, 148, 178, 204, 237, 257, 281, 300, 316, 340, 355, 361, 366, 371, 376, 381, 403], "excluded_lines": []}}}, "src/shared/__init__.py": {"executed_lines": [], "summary": {"covered_lines": 0, "num_statements": 0, "percent_covered": 100.0, "percent_covered_display": "100", "missing_lines": 0, "excluded_lines": 0}, "missing_lines": [], "excluded_lines": [], "functions": {"": {"executed_lines": [], "summary": {"covered_lines": 0, "num_statements": 0, "percent_covered": 100.0, "percent_covered_display": "100", "missing_lines": 0, "excluded_lines": 0}, "missing_lines": [], "excluded_lines": []}}, "classes": {"": {"executed_lines": [], "summary": {"covered_lines": 0, "num_statements": 0, "percent_covered": 100.0, "percent_covered_display": "100", "missing_lines": 0, "excluded_lines": 0}, "missing_lines": [], "excluded_lines": []}}}, "src/shared/constants/__init__.py": {"executed_lines": [], "summary": {"covered_lines": 0, "num_statements": 0, "percent_covered": 100.0, "percent_covered_display": "100", "missing_lines": 0, "excluded_lines": 0}, "missing_lines": [], "excluded_lines": [], "functions": {"": {"executed_lines": [], "summary": {"covered_lines": 0, "num_statements": 0, "percent_covered": 100.0, "percent_covered_display": "100", "missing_lines": 0, "excluded_lines": 0}, "missing_lines": [], "excluded_lines": []}}, "classes": {"": {"executed_lines": [], "summary": {"covered_lines": 0, "num_statements": 0, "percent_covered": 100.0, "percent_covered_display": "100", "missing_lines": 0, "excluded_lines": 0}, "missing_lines": [], "excluded_lines": []}}}, "src/shared/exceptions/__init__.py": {"executed_lines": [], "summary": {"covered_lines": 0, "num_statements": 0, "percent_covered": 100.0, "percent_covered_display": "100", "missing_lines": 0, "excluded_lines": 0}, "missing_lines": [], "excluded_lines": [], "functions": {"": {"executed_lines": [], "summary": {"covered_lines": 0, "num_statements": 0, "percent_covered": 100.0, "percent_covered_display": "100", "missing_lines": 0, "excluded_lines": 0}, "missing_lines": [], "excluded_lines": []}}, "classes": {"": {"executed_lines": [], "summary": {"covered_lines": 0, "num_statements": 0, "percent_covered": 100.0, "percent_covered_display": "100", "missing_lines": 0, "excluded_lines": 0}, "missing_lines": [], "excluded_lines": []}}}, "src/shared/types/__init__.py": {"executed_lines": [], "summary": {"covered_lines": 0, "num_statements": 0, "percent_covered": 100.0, "percent_covered_display": "100", "missing_lines": 0, "excluded_lines": 0}, "missing_lines": [], "excluded_lines": [], "functions": {"": {"executed_lines": [], "summary": {"covered_lines": 0, "num_statements": 0, "percent_covered": 100.0, "percent_covered_display": "100", "missing_lines": 0, "excluded_lines": 0}, "missing_lines": [], "excluded_lines": []}}, "classes": {"": {"executed_lines": [], "summary": {"covered_lines": 0, "num_statements": 0, "percent_covered": 100.0, "percent_covered_display": "100", "missing_lines": 0, "excluded_lines": 0}, "missing_lines": [], "excluded_lines": []}}}}, "totals": {"covered_lines": 618, "num_statements": 6758, "percent_covered": 9.144717372003552, "percent_covered_display": "9", "missing_lines": 6140, "excluded_lines": 145}}