<?xml version="1.0" encoding="utf-8"?><testsuites><testsuite name="pytest" errors="24" failures="263" skipped="0" tests="1345" time="237.072" timestamp="2025-06-04T10:13:55.449197+02:00" hostname="Kermits-MacBook-Air.local"><testcase classname="src.research_agent_backend.tests.cli.test_augmentation_commands.TestAddExternalResultCommand" name="test_add_external_result_basic" time="3.416" /><testcase classname="src.research_agent_backend.tests.cli.test_augmentation_commands.TestAddExternalResultCommand" name="test_add_external_result_with_metadata" time="0.051"><failure message="assert 1 == 0&#10; +  where 1 = &lt;Result SystemExit(1)&gt;.exit_code">src/research_agent_backend/tests/cli/test_augmentation_commands.py:79: in test_add_external_result_with_metadata
    assert result.exit_code == 0
E   assert 1 == 0
E    +  where 1 = &lt;Result SystemExit(1)&gt;.exit_code</failure></testcase><testcase classname="src.research_agent_backend.tests.cli.test_augmentation_commands.TestAddExternalResultCommand" name="test_add_external_result_from_file" time="0.014"><failure message="assert 2 == 0&#10; +  where 2 = &lt;Result SystemExit(2)&gt;.exit_code">src/research_agent_backend/tests/cli/test_augmentation_commands.py:108: in test_add_external_result_from_file
    assert result.exit_code == 0
E   assert 2 == 0
E    +  where 2 = &lt;Result SystemExit(2)&gt;.exit_code</failure></testcase><testcase classname="src.research_agent_backend.tests.cli.test_augmentation_commands.TestAddExternalResultCommand" name="test_add_external_result_validation_error" time="0.012"><failure message="AssertionError: assert ('error' in '' or 'invalid' in '')&#10; +  where '' = &lt;built-in method lower of str object at 0x102cb3f08&gt;()&#10; +    where &lt;built-in method lower of str object at 0x102cb3f08&gt; = ''.lower&#10; +      where '' = &lt;Result SystemExit(2)&gt;.stdout&#10; +  and   '' = &lt;built-in method lower of str object at 0x102cb3f08&gt;()&#10; +    where &lt;built-in method lower of str object at 0x102cb3f08&gt; = ''.lower&#10; +      where '' = &lt;Result SystemExit(2)&gt;.stdout">src/research_agent_backend/tests/cli/test_augmentation_commands.py:127: in test_add_external_result_validation_error
    assert 'error' in result.stdout.lower() or 'invalid' in result.stdout.lower()
E   AssertionError: assert ('error' in '' or 'invalid' in '')
E    +  where '' = &lt;built-in method lower of str object at 0x102cb3f08&gt;()
E    +    where &lt;built-in method lower of str object at 0x102cb3f08&gt; = ''.lower
E    +      where '' = &lt;Result SystemExit(2)&gt;.stdout
E    +  and   '' = &lt;built-in method lower of str object at 0x102cb3f08&gt;()
E    +    where &lt;built-in method lower of str object at 0x102cb3f08&gt; = ''.lower
E    +      where '' = &lt;Result SystemExit(2)&gt;.stdout</failure></testcase><testcase classname="src.research_agent_backend.tests.cli.test_augmentation_commands.TestAddResearchReportCommand" name="test_add_research_report_basic" time="0.056"><failure message="assert 1 == 0&#10; +  where 1 = &lt;Result SystemExit(1)&gt;.exit_code">src/research_agent_backend/tests/cli/test_augmentation_commands.py:157: in test_add_research_report_basic
    assert result.exit_code == 0
E   assert 1 == 0
E    +  where 1 = &lt;Result SystemExit(1)&gt;.exit_code</failure></testcase><testcase classname="src.research_agent_backend.tests.cli.test_augmentation_commands.TestAddResearchReportCommand" name="test_add_research_report_with_auto_categorization" time="0.053"><failure message="assert 1 == 0&#10; +  where 1 = &lt;Result SystemExit(1)&gt;.exit_code">src/research_agent_backend/tests/cli/test_augmentation_commands.py:186: in test_add_research_report_with_auto_categorization
    assert result.exit_code == 0
E   assert 1 == 0
E    +  where 1 = &lt;Result SystemExit(1)&gt;.exit_code</failure></testcase><testcase classname="src.research_agent_backend.tests.cli.test_augmentation_commands.TestAddResearchReportCommand" name="test_add_research_report_batch_mode" time="0.071"><failure message="assert 'successful: 2' in &quot;[10:14:03] info     successfully loaded environment variables from              \n                    /users/kermit/c...print' object has no attribute 'fingerprint'    \nbatch processing complete:\nprocessed: 3\nsuccessful: 0\nfailed: 3\n&quot;&#10; +  where &quot;[10:14:03] info     successfully loaded environment variables from              \n                    /users/kermit/c...print' object has no attribute 'fingerprint'    \nbatch processing complete:\nprocessed: 3\nsuccessful: 0\nfailed: 3\n&quot; = &lt;built-in method lower of str object at 0x142f32800&gt;()&#10; +    where &lt;built-in method lower of str object at 0x142f32800&gt; = &quot;[10:14:03] INFO     Successfully loaded environment variables from              \n                    /Users/kermit/C...print' object has no attribute 'fingerprint'    \nBatch processing complete:\nProcessed: 3\nSuccessful: 0\nFailed: 3\n&quot;.lower&#10; +      where &quot;[10:14:03] INFO     Successfully loaded environment variables from              \n                    /Users/kermit/C...print' object has no attribute 'fingerprint'    \nBatch processing complete:\nProcessed: 3\nSuccessful: 0\nFailed: 3\n&quot; = &lt;Result okay&gt;.stdout">src/research_agent_backend/tests/cli/test_augmentation_commands.py:220: in test_add_research_report_batch_mode
    assert 'successful: 2' in result.stdout.lower()
E   assert 'successful: 2' in "[10:14:03] info     successfully loaded environment variables from              \n                    /users/kermit/c...print' object has no attribute 'fingerprint'    \nbatch processing complete:\nprocessed: 3\nsuccessful: 0\nfailed: 3\n"
E    +  where "[10:14:03] info     successfully loaded environment variables from              \n                    /users/kermit/c...print' object has no attribute 'fingerprint'    \nbatch processing complete:\nprocessed: 3\nsuccessful: 0\nfailed: 3\n" = &lt;built-in method lower of str object at 0x142f32800&gt;()
E    +    where &lt;built-in method lower of str object at 0x142f32800&gt; = "[10:14:03] INFO     Successfully loaded environment variables from              \n                    /Users/kermit/C...print' object has no attribute 'fingerprint'    \nBatch processing complete:\nProcessed: 3\nSuccessful: 0\nFailed: 3\n".lower
E    +      where "[10:14:03] INFO     Successfully loaded environment variables from              \n                    /Users/kermit/C...print' object has no attribute 'fingerprint'    \nBatch processing complete:\nProcessed: 3\nSuccessful: 0\nFailed: 3\n" = &lt;Result okay&gt;.stdout</failure></testcase><testcase classname="src.research_agent_backend.tests.cli.test_augmentation_commands.TestUpdateDocumentCommand" name="test_update_document_content" time="0.045"><failure message="assert 1 == 0&#10; +  where 1 = &lt;Result SystemExit(1)&gt;.exit_code">src/research_agent_backend/tests/cli/test_augmentation_commands.py:245: in test_update_document_content
    assert result.exit_code == 0
E   assert 1 == 0
E    +  where 1 = &lt;Result SystemExit(1)&gt;.exit_code</failure></testcase><testcase classname="src.research_agent_backend.tests.cli.test_augmentation_commands.TestUpdateDocumentCommand" name="test_update_document_metadata_only" time="0.044"><failure message="assert 1 == 0&#10; +  where 1 = &lt;Result SystemExit(1)&gt;.exit_code">src/research_agent_backend/tests/cli/test_augmentation_commands.py:269: in test_update_document_metadata_only
    assert result.exit_code == 0
E   assert 1 == 0
E    +  where 1 = &lt;Result SystemExit(1)&gt;.exit_code</failure></testcase><testcase classname="src.research_agent_backend.tests.cli.test_augmentation_commands.TestUpdateDocumentCommand" name="test_update_document_from_file" time="0.047"><failure message="assert 1 == 0&#10; +  where 1 = &lt;Result SystemExit(1)&gt;.exit_code">src/research_agent_backend/tests/cli/test_augmentation_commands.py:293: in test_update_document_from_file
    assert result.exit_code == 0
E   assert 1 == 0
E    +  where 1 = &lt;Result SystemExit(1)&gt;.exit_code</failure></testcase><testcase classname="src.research_agent_backend.tests.cli.test_augmentation_commands.TestMergeDuplicatesCommand" name="test_merge_duplicates_auto_detect" time="0.045"><failure message="assert 'merged_groups: 1' in &quot;[10:14:03] info     successfully loaded environment variables from              \n                    /users/kermit/c...'documents'                                                 \nmerge complete:\nmerged groups: 0\ndocuments merged: 0\n&quot;&#10; +  where &quot;[10:14:03] info     successfully loaded environment variables from              \n                    /users/kermit/c...'documents'                                                 \nmerge complete:\nmerged groups: 0\ndocuments merged: 0\n&quot; = &lt;built-in method lower of str object at 0x142efb800&gt;()&#10; +    where &lt;built-in method lower of str object at 0x142efb800&gt; = &quot;[10:14:03] INFO     Successfully loaded environment variables from              \n                    /Users/kermit/C...'documents'                                                 \nMerge complete:\nMerged groups: 0\nDocuments merged: 0\n&quot;.lower&#10; +      where &quot;[10:14:03] INFO     Successfully loaded environment variables from              \n                    /Users/kermit/C...'documents'                                                 \nMerge complete:\nMerged groups: 0\nDocuments merged: 0\n&quot; = &lt;Result okay&gt;.stdout">src/research_agent_backend/tests/cli/test_augmentation_commands.py:328: in test_merge_duplicates_auto_detect
    assert 'merged_groups: 1' in result.stdout.lower()
E   assert 'merged_groups: 1' in "[10:14:03] info     successfully loaded environment variables from              \n                    /users/kermit/c...'documents'                                                 \nmerge complete:\nmerged groups: 0\ndocuments merged: 0\n"
E    +  where "[10:14:03] info     successfully loaded environment variables from              \n                    /users/kermit/c...'documents'                                                 \nmerge complete:\nmerged groups: 0\ndocuments merged: 0\n" = &lt;built-in method lower of str object at 0x142efb800&gt;()
E    +    where &lt;built-in method lower of str object at 0x142efb800&gt; = "[10:14:03] INFO     Successfully loaded environment variables from              \n                    /Users/kermit/C...'documents'                                                 \nMerge complete:\nMerged groups: 0\nDocuments merged: 0\n".lower
E    +      where "[10:14:03] INFO     Successfully loaded environment variables from              \n                    /Users/kermit/C...'documents'                                                 \nMerge complete:\nMerged groups: 0\nDocuments merged: 0\n" = &lt;Result okay&gt;.stdout</failure></testcase><testcase classname="src.research_agent_backend.tests.cli.test_augmentation_commands.TestMergeDuplicatesCommand" name="test_merge_duplicates_manual_selection" time="0.044"><failure message="assert 1 == 0&#10; +  where 1 = &lt;Result SystemExit(1)&gt;.exit_code">src/research_agent_backend/tests/cli/test_augmentation_commands.py:349: in test_merge_duplicates_manual_selection
    assert result.exit_code == 0
E   assert 1 == 0
E    +  where 1 = &lt;Result SystemExit(1)&gt;.exit_code</failure></testcase><testcase classname="src.research_agent_backend.tests.cli.test_augmentation_commands.TestMergeDuplicatesCommand" name="test_merge_duplicates_preview_mode" time="0.044"><failure message="AssertionError: assert 'group_id: 1' in '[10:14:03] info     successfully loaded environment variables from              \n                    /users/kermit/c...━━━━━━━━━━╇━━━━━━━━━━━━┩\n│ 1        │ doc_001, doc_002 │ 0.950      │\n└──────────┴──────────────────┴────────────┘\n'&#10; +  where '[10:14:03] info     successfully loaded environment variables from              \n                    /users/kermit/c...━━━━━━━━━━╇━━━━━━━━━━━━┩\n│ 1        │ doc_001, doc_002 │ 0.950      │\n└──────────┴──────────────────┴────────────┘\n' = &lt;built-in method lower of str object at 0x142f27c00&gt;()&#10; +    where &lt;built-in method lower of str object at 0x142f27c00&gt; = '[10:14:03] INFO     Successfully loaded environment variables from              \n                    /Users/kermit/C...━━━━━━━━━━╇━━━━━━━━━━━━┩\n│ 1        │ doc_001, doc_002 │ 0.950      │\n└──────────┴──────────────────┴────────────┘\n'.lower&#10; +      where '[10:14:03] INFO     Successfully loaded environment variables from              \n                    /Users/kermit/C...━━━━━━━━━━╇━━━━━━━━━━━━┩\n│ 1        │ doc_001, doc_002 │ 0.950      │\n└──────────┴──────────────────┴────────────┘\n' = &lt;Result okay&gt;.stdout">src/research_agent_backend/tests/cli/test_augmentation_commands.py:377: in test_merge_duplicates_preview_mode
    assert 'group_id: 1' in result.stdout.lower()
E   AssertionError: assert 'group_id: 1' in '[10:14:03] info     successfully loaded environment variables from              \n                    /users/kermit/c...━━━━━━━━━━╇━━━━━━━━━━━━┩\n│ 1        │ doc_001, doc_002 │ 0.950      │\n└──────────┴──────────────────┴────────────┘\n'
E    +  where '[10:14:03] info     successfully loaded environment variables from              \n                    /users/kermit/c...━━━━━━━━━━╇━━━━━━━━━━━━┩\n│ 1        │ doc_001, doc_002 │ 0.950      │\n└──────────┴──────────────────┴────────────┘\n' = &lt;built-in method lower of str object at 0x142f27c00&gt;()
E    +    where &lt;built-in method lower of str object at 0x142f27c00&gt; = '[10:14:03] INFO     Successfully loaded environment variables from              \n                    /Users/kermit/C...━━━━━━━━━━╇━━━━━━━━━━━━┩\n│ 1        │ doc_001, doc_002 │ 0.950      │\n└──────────┴──────────────────┴────────────┘\n'.lower
E    +      where '[10:14:03] INFO     Successfully loaded environment variables from              \n                    /Users/kermit/C...━━━━━━━━━━╇━━━━━━━━━━━━┩\n│ 1        │ doc_001, doc_002 │ 0.950      │\n└──────────┴──────────────────┴────────────┘\n' = &lt;Result okay&gt;.stdout</failure></testcase><testcase classname="src.research_agent_backend.tests.cli.test_augmentation_commands.TestUserFeedbackCommands" name="test_submit_feedback_positive" time="0.013" /><testcase classname="src.research_agent_backend.tests.cli.test_augmentation_commands.TestUserFeedbackCommands" name="test_submit_feedback_negative" time="0.013"><failure message="AssertionError: assert 'marked_for_review' in '[10:14:03] INFO     Successfully loaded environment variables from              \n                    /Users/kermit/Code/reflow/.env                              \nSuccess: Feedback recorded: fb_002\n'&#10; +  where '[10:14:03] INFO     Successfully loaded environment variables from              \n                    /Users/kermit/Code/reflow/.env                              \nSuccess: Feedback recorded: fb_002\n' = &lt;Result okay&gt;.stdout">src/research_agent_backend/tests/cli/test_augmentation_commands.py:429: in test_submit_feedback_negative
    assert 'marked_for_review' in result.stdout
E   AssertionError: assert 'marked_for_review' in '[10:14:03] INFO     Successfully loaded environment variables from              \n                    /Users/kermit/Code/reflow/.env                              \nSuccess: Feedback recorded: fb_002\n'
E    +  where '[10:14:03] INFO     Successfully loaded environment variables from              \n                    /Users/kermit/Code/reflow/.env                              \nSuccess: Feedback recorded: fb_002\n' = &lt;Result okay&gt;.stdout</failure></testcase><testcase classname="src.research_agent_backend.tests.cli.test_augmentation_commands.TestUserFeedbackCommands" name="test_feedback_analytics" time="0.013" /><testcase classname="src.research_agent_backend.tests.cli.test_augmentation_commands.TestUserFeedbackCommands" name="test_feedback_export" time="0.013" /><testcase classname="src.research_agent_backend.tests.cli.test_augmentation_commands.TestAugmentationCommandValidation" name="test_add_external_result_missing_required_args" time="0.011"><failure message="AssertionError: assert ('required' in '' or 'missing' in '')&#10; +  where '' = &lt;built-in method lower of str object at 0x102cb3f08&gt;()&#10; +    where &lt;built-in method lower of str object at 0x102cb3f08&gt; = ''.lower&#10; +      where '' = &lt;Result SystemExit(2)&gt;.stdout&#10; +  and   '' = &lt;built-in method lower of str object at 0x102cb3f08&gt;()&#10; +    where &lt;built-in method lower of str object at 0x102cb3f08&gt; = ''.lower&#10; +      where '' = &lt;Result SystemExit(2)&gt;.stdout">src/research_agent_backend/tests/cli/test_augmentation_commands.py:489: in test_add_external_result_missing_required_args
    assert 'required' in result.stdout.lower() or 'missing' in result.stdout.lower()
E   AssertionError: assert ('required' in '' or 'missing' in '')
E    +  where '' = &lt;built-in method lower of str object at 0x102cb3f08&gt;()
E    +    where &lt;built-in method lower of str object at 0x102cb3f08&gt; = ''.lower
E    +      where '' = &lt;Result SystemExit(2)&gt;.stdout
E    +  and   '' = &lt;built-in method lower of str object at 0x102cb3f08&gt;()
E    +    where &lt;built-in method lower of str object at 0x102cb3f08&gt; = ''.lower
E    +      where '' = &lt;Result SystemExit(2)&gt;.stdout</failure></testcase><testcase classname="src.research_agent_backend.tests.cli.test_augmentation_commands.TestAugmentationCommandValidation" name="test_update_document_invalid_document_id" time="0.043" /><testcase classname="src.research_agent_backend.tests.cli.test_augmentation_commands.TestAugmentationCommandValidation" name="test_merge_duplicates_invalid_threshold" time="0.044" /><testcase classname="src.research_agent_backend.tests.cli.test_augmentation_commands.TestAugmentationCommandValidation" name="test_feedback_invalid_rating" time="0.012"><failure message="AssertionError: assert ('rating' in '' or 'invalid' in '')&#10; +  where '' = &lt;built-in method lower of str object at 0x102cb3f08&gt;()&#10; +    where &lt;built-in method lower of str object at 0x102cb3f08&gt; = ''.lower&#10; +      where '' = &lt;Result SystemExit(2)&gt;.stdout&#10; +  and   '' = &lt;built-in method lower of str object at 0x102cb3f08&gt;()&#10; +    where &lt;built-in method lower of str object at 0x102cb3f08&gt; = ''.lower&#10; +      where '' = &lt;Result SystemExit(2)&gt;.stdout">src/research_agent_backend/tests/cli/test_augmentation_commands.py:521: in test_feedback_invalid_rating
    assert 'rating' in result.stdout.lower() or 'invalid' in result.stdout.lower()
E   AssertionError: assert ('rating' in '' or 'invalid' in '')
E    +  where '' = &lt;built-in method lower of str object at 0x102cb3f08&gt;()
E    +    where &lt;built-in method lower of str object at 0x102cb3f08&gt; = ''.lower
E    +      where '' = &lt;Result SystemExit(2)&gt;.stdout
E    +  and   '' = &lt;built-in method lower of str object at 0x102cb3f08&gt;()
E    +    where &lt;built-in method lower of str object at 0x102cb3f08&gt; = ''.lower
E    +      where '' = &lt;Result SystemExit(2)&gt;.stdout</failure></testcase><testcase classname="src.research_agent_backend.tests.cli.test_augmentation_commands.TestAugmentationCommandIntegration" name="test_end_to_end_external_result_workflow" time="0.045"><failure message="assert 1 == 0&#10; +  where 1 = &lt;Result SystemExit(1)&gt;.exit_code">src/research_agent_backend/tests/cli/test_augmentation_commands.py:563: in test_end_to_end_external_result_workflow
    assert result1.exit_code == 0
E   assert 1 == 0
E    +  where 1 = &lt;Result SystemExit(1)&gt;.exit_code</failure></testcase><testcase classname="src.research_agent_backend.tests.cli.test_query_commands.TestQuerySearchCommand" name="test_search_basic_query" time="0.015"><failure message="AssertionError: assert '0.92' in '                      Search Results for: machine learning                      \n┏┳━━━━━━┳━━━━━━━━━━━━━━━━━━━━━━━━━━...              │\n└┴──────┴──────────────────────────────────────────────────────┴───────────────┘\n\nFound 1 results\n'&#10; +  where '                      Search Results for: machine learning                      \n┏┳━━━━━━┳━━━━━━━━━━━━━━━━━━━━━━━━━━...              │\n└┴──────┴──────────────────────────────────────────────────────┴───────────────┘\n\nFound 1 results\n' = &lt;Result okay&gt;.stdout">src/research_agent_backend/tests/cli/test_query_commands.py:83: in test_search_basic_query
    assert '0.92' in result.stdout
E   AssertionError: assert '0.92' in '                      Search Results for: machine learning                      \n┏┳━━━━━━┳━━━━━━━━━━━━━━━━━━━━━━━━━━...              │\n└┴──────┴──────────────────────────────────────────────────────┴───────────────┘\n\nFound 1 results\n'
E    +  where '                      Search Results for: machine learning                      \n┏┳━━━━━━┳━━━━━━━━━━━━━━━━━━━━━━━━━━...              │\n└┴──────┴──────────────────────────────────────────────────────┴───────────────┘\n\nFound 1 results\n' = &lt;Result okay&gt;.stdout</failure></testcase><testcase classname="src.research_agent_backend.tests.cli.test_query_commands.TestQuerySearchCommand" name="test_search_with_collections_filter" time="0.012"><failure message="AssertionError: Expected 'similarity_search' to have been called.">src/research_agent_backend/tests/cli/test_query_commands.py:102: in test_search_with_collections_filter
    mock_query_manager_instance.similarity_search.assert_called()
/opt/homebrew/Cellar/python@3.11/3.11.11/Frameworks/Python.framework/Versions/3.11/lib/python3.11/unittest/mock.py:908: in assert_called
    raise AssertionError(msg)
E   AssertionError: Expected 'similarity_search' to have been called.</failure></testcase><testcase classname="src.research_agent_backend.tests.cli.test_query_commands.TestQuerySearchCommand" name="test_search_with_reranking_disabled" time="0.013" /><testcase classname="src.research_agent_backend.tests.cli.test_query_commands.TestQuerySearchCommand" name="test_search_error_handling" time="0.012"><failure message="AssertionError: assert (0 != 0 or 'error' in '                         search results for: test query                         \n┏┳━━━━━━┳━━━━━━━━━━━━━━━━━━━━━━━━━━...              │\n└┴──────┴──────────────────────────────────────────────────────┴───────────────┘\n\nfound 1 results\n')&#10; +  where 0 = &lt;Result okay&gt;.exit_code&#10; +  and   '                         search results for: test query                         \n┏┳━━━━━━┳━━━━━━━━━━━━━━━━━━━━━━━━━━...              │\n└┴──────┴──────────────────────────────────────────────────────┴───────────────┘\n\nfound 1 results\n' = &lt;built-in method lower of str object at 0x1409fa800&gt;()&#10; +    where &lt;built-in method lower of str object at 0x1409fa800&gt; = '                         Search Results for: test query                         \n┏┳━━━━━━┳━━━━━━━━━━━━━━━━━━━━━━━━━━...              │\n└┴──────┴──────────────────────────────────────────────────────┴───────────────┘\n\nFound 1 results\n'.lower&#10; +      where '                         Search Results for: test query                         \n┏┳━━━━━━┳━━━━━━━━━━━━━━━━━━━━━━━━━━...              │\n└┴──────┴──────────────────────────────────────────────────────┴───────────────┘\n\nFound 1 results\n' = &lt;Result okay&gt;.stdout">src/research_agent_backend/tests/cli/test_query_commands.py:131: in test_search_error_handling
    assert result.exit_code != 0 or "error" in result.stdout.lower()
E   AssertionError: assert (0 != 0 or 'error' in '                         search results for: test query                         \n┏┳━━━━━━┳━━━━━━━━━━━━━━━━━━━━━━━━━━...              │\n└┴──────┴──────────────────────────────────────────────────────┴───────────────┘\n\nfound 1 results\n')
E    +  where 0 = &lt;Result okay&gt;.exit_code
E    +  and   '                         search results for: test query                         \n┏┳━━━━━━┳━━━━━━━━━━━━━━━━━━━━━━━━━━...              │\n└┴──────┴──────────────────────────────────────────────────────┴───────────────┘\n\nfound 1 results\n' = &lt;built-in method lower of str object at 0x1409fa800&gt;()
E    +    where &lt;built-in method lower of str object at 0x1409fa800&gt; = '                         Search Results for: test query                         \n┏┳━━━━━━┳━━━━━━━━━━━━━━━━━━━━━━━━━━...              │\n└┴──────┴──────────────────────────────────────────────────────┴───────────────┘\n\nFound 1 results\n'.lower
E    +      where '                         Search Results for: test query                         \n┏┳━━━━━━┳━━━━━━━━━━━━━━━━━━━━━━━━━━...              │\n└┴──────┴──────────────────────────────────────────────────────┴───────────────┘\n\nFound 1 results\n' = &lt;Result okay&gt;.stdout</failure></testcase><testcase classname="src.research_agent_backend.tests.cli.test_query_commands.TestQueryAskCommand" name="test_ask_basic_question" time="0.012" /><testcase classname="src.research_agent_backend.tests.cli.test_query_commands.TestQueryAskCommand" name="test_ask_with_collections" time="0.011" /><testcase classname="src.research_agent_backend.tests.cli.test_query_commands.TestQueryAskCommand" name="test_ask_without_sources" time="0.011" /><testcase classname="src.research_agent_backend.tests.cli.test_query_commands.TestQueryInteractiveCommand" name="test_interactive_session_basic" time="0.012" /><testcase classname="src.research_agent_backend.tests.cli.test_query_commands.TestQueryInteractiveCommand" name="test_interactive_with_refinement" time="0.012" /><testcase classname="src.research_agent_backend.tests.cli.test_query_commands.TestQueryInteractiveCommand" name="test_interactive_with_collections" time="0.011" /><testcase classname="src.research_agent_backend.tests.cli.test_query_commands.TestQueryRefineCommand" name="test_refine_basic" time="0.011" /><testcase classname="src.research_agent_backend.tests.cli.test_query_commands.TestQueryRefineCommand" name="test_refine_with_collections" time="0.011" /><testcase classname="src.research_agent_backend.tests.cli.test_query_commands.TestQuerySimilarCommand" name="test_find_similar_basic" time="0.013" /><testcase classname="src.research_agent_backend.tests.cli.test_query_commands.TestQuerySimilarCommand" name="test_find_similar_same_collection_only" time="0.012" /><testcase classname="src.research_agent_backend.tests.cli.test_query_commands.TestQueryExplainCommand" name="test_explain_result_basic" time="0.011" /><testcase classname="src.research_agent_backend.tests.cli.test_query_commands.TestQueryHistoryCommand" name="test_query_history_basic" time="0.016" /><testcase classname="src.research_agent_backend.tests.cli.test_query_commands.TestQueryHistoryCommand" name="test_query_history_with_search" time="0.013" /><testcase classname="src.research_agent_backend.tests.cli.test_query_commands.TestQueryCommandIntegration" name="test_end_to_end_search_flow" time="0.013" /><testcase classname="src.research_agent_backend.tests.cli.test_query_commands.TestQueryCommandIntegration" name="test_error_handling_across_commands" time="0.012"><failure message="AssertionError: assert (0 != 0 or 'error' in '                            search results for: test                            \n┏┳━━━━━━┳━━━━━━━━━━━━━━━━━━━━━━━━━━...              │\n└┴──────┴──────────────────────────────────────────────────────┴───────────────┘\n\nfound 1 results\n')&#10; +  where 0 = &lt;Result okay&gt;.exit_code&#10; +  and   '                            search results for: test                            \n┏┳━━━━━━┳━━━━━━━━━━━━━━━━━━━━━━━━━━...              │\n└┴──────┴──────────────────────────────────────────────────────┴───────────────┘\n\nfound 1 results\n' = &lt;built-in method lower of str object at 0x1599f8400&gt;()&#10; +    where &lt;built-in method lower of str object at 0x1599f8400&gt; = '                            Search Results for: test                            \n┏┳━━━━━━┳━━━━━━━━━━━━━━━━━━━━━━━━━━...              │\n└┴──────┴──────────────────────────────────────────────────────┴───────────────┘\n\nFound 1 results\n'.lower&#10; +      where '                            Search Results for: test                            \n┏┳━━━━━━┳━━━━━━━━━━━━━━━━━━━━━━━━━━...              │\n└┴──────┴──────────────────────────────────────────────────────┴───────────────┘\n\nFound 1 results\n' = &lt;Result okay&gt;.stdout">src/research_agent_backend/tests/cli/test_query_commands.py:450: in test_error_handling_across_commands
    assert result.exit_code != 0 or "error" in result.stdout.lower()
E   AssertionError: assert (0 != 0 or 'error' in '                            search results for: test                            \n┏┳━━━━━━┳━━━━━━━━━━━━━━━━━━━━━━━━━━...              │\n└┴──────┴──────────────────────────────────────────────────────┴───────────────┘\n\nfound 1 results\n')
E    +  where 0 = &lt;Result okay&gt;.exit_code
E    +  and   '                            search results for: test                            \n┏┳━━━━━━┳━━━━━━━━━━━━━━━━━━━━━━━━━━...              │\n└┴──────┴──────────────────────────────────────────────────────┴───────────────┘\n\nfound 1 results\n' = &lt;built-in method lower of str object at 0x1599f8400&gt;()
E    +    where &lt;built-in method lower of str object at 0x1599f8400&gt; = '                            Search Results for: test                            \n┏┳━━━━━━┳━━━━━━━━━━━━━━━━━━━━━━━━━━...              │\n└┴──────┴──────────────────────────────────────────────────────┴───────────────┘\n\nFound 1 results\n'.lower
E    +      where '                            Search Results for: test                            \n┏┳━━━━━━┳━━━━━━━━━━━━━━━━━━━━━━━━━━...              │\n└┴──────┴──────────────────────────────────────────────────────┴───────────────┘\n\nFound 1 results\n' = &lt;Result okay&gt;.stdout</failure></testcase><testcase classname="src.research_agent_backend.tests.cli.test_query_commands.TestQueryCommandConfiguration" name="test_query_commands_load_config" time="0.012" /><testcase classname="src.research_agent_backend.tests.cli.test_query_commands.TestQueryCommandConfiguration" name="test_query_commands_help_text" time="0.014" /><testcase classname="src.research_agent_backend.tests.cli.test_query_commands.TestQueryUtilityFunctions" name="test_format_search_results" time="0.000" /><testcase classname="src.research_agent_backend.tests.cli.test_query_commands.TestQueryUtilityFunctions" name="test_parse_collections_parameter" time="0.000" /><testcase classname="src.research_agent_backend.tests.integration.test_comprehensive_integration.TestEndToEndWorkflows" name="test_complete_document_ingestion_pipeline" time="0.102" /><testcase classname="src.research_agent_backend.tests.integration.test_comprehensive_integration.TestEndToEndWorkflows" name="test_collection_lifecycle_workflow" time="0.093" /><testcase classname="src.research_agent_backend.tests.integration.test_comprehensive_integration.TestEndToEndWorkflows" name="test_cross_component_data_flow" time="0.108" /><testcase classname="src.research_agent_backend.tests.integration.test_comprehensive_integration.TestPerformanceAndLoadTesting" name="test_bulk_insertion_performance_benchmarks" time="0.098" /><testcase classname="src.research_agent_backend.tests.integration.test_comprehensive_integration.TestPerformanceAndLoadTesting" name="test_concurrent_query_load_handling" time="0.022" /><testcase classname="src.research_agent_backend.tests.integration.test_comprehensive_integration.TestPerformanceAndLoadTesting" name="test_memory_resource_management" time="0.444" /><testcase classname="src.research_agent_backend.tests.integration.test_comprehensive_integration.TestErrorHandlingAndEdgeCases" name="test_database_connection_failure_recovery" time="0.095" /><testcase classname="src.research_agent_backend.tests.integration.test_comprehensive_integration.TestErrorHandlingAndEdgeCases" name="test_invalid_document_cross_component_handling" time="0.096" /><testcase classname="src.research_agent_backend.tests.integration.test_comprehensive_integration.TestErrorHandlingAndEdgeCases" name="test_resource_exhaustion_handling" time="0.363" /><testcase classname="src.research_agent_backend.tests.integration.test_comprehensive_integration.TestCrossComponentIntegration" name="test_chromadb_query_manager_integration" time="0.092"><failure message="TypeError: 'HealthStatus' object is not subscriptable">src/research_agent_backend/tests/integration/test_comprehensive_integration.py:551: in test_chromadb_query_manager_integration
    assert health_status["status"] == "healthy"
E   TypeError: 'HealthStatus' object is not subscriptable</failure></testcase><testcase classname="src.research_agent_backend.tests.integration.test_comprehensive_integration.TestCrossComponentIntegration" name="test_data_preparation_insertion_workflow" time="0.080" /><testcase classname="src.research_agent_backend.tests.integration.test_comprehensive_integration.TestCrossComponentIntegration" name="test_collection_type_manager_system_integration" time="0.077" /><testcase classname="src.research_agent_backend.tests.integration.test_comprehensive_integration.TestCrossComponentIntegration" name="test_configuration_system_cross_component" time="0.120"><failure message="TypeError: 'HealthStatus' object is not subscriptable">src/research_agent_backend/tests/integration/test_comprehensive_integration.py:629: in test_configuration_system_cross_component
    assert health_status["status"] == "healthy"
E   TypeError: 'HealthStatus' object is not subscriptable</failure></testcase><testcase classname="src.research_agent_backend.tests.integration.test_config_integration.TestConfigManagerProjectIntegration" name="test_load_real_project_config" time="0.005" /><testcase classname="src.research_agent_backend.tests.integration.test_config_integration.TestConfigManagerProjectIntegration" name="test_validate_real_project_config" time="0.007" /><testcase classname="src.research_agent_backend.tests.integration.test_config_integration.TestConfigManagerProjectIntegration" name="test_config_with_environment_variables" time="0.004" /><testcase classname="src.research_agent_backend.tests.integration.test_config_integration.TestConfigManagerProjectIntegration" name="test_config_diagnostics_on_real_project" time="0.001" /><testcase classname="src.research_agent_backend.tests.integration.test_config_integration.TestConfigManagerProjectIntegration" name="test_config_summary_on_real_project" time="0.004" /><testcase classname="src.research_agent_backend.tests.integration.test_config_integration.TestConfigManagerErrorScenarios" name="test_missing_config_file_error" time="0.003" /><testcase classname="src.research_agent_backend.tests.integration.test_config_integration.TestConfigManagerErrorScenarios" name="test_schema_validation_with_invalid_config" time="0.002" /><testcase classname="src.research_agent_backend.tests.integration.test_config_integration.TestConfigManagerErrorScenarios" name="test_environment_variable_error_handling" time="0.001"><failure message="Failed: Environment variable error handling failed: 'ConfigManager' object has no attribute '_apply_environment_overrides'">src/research_agent_backend/tests/integration/test_config_integration.py:227: in test_environment_variable_error_handling
    result = config_manager._apply_environment_overrides({"logging": {"level": "INFO"}})
E   AttributeError: 'ConfigManager' object has no attribute '_apply_environment_overrides'

During handling of the above exception, another exception occurred:
src/research_agent_backend/tests/integration/test_config_integration.py:231: in test_environment_variable_error_handling
    pytest.fail(f"Environment variable error handling failed: {e}")
E   Failed: Environment variable error handling failed: 'ConfigManager' object has no attribute '_apply_environment_overrides'</failure></testcase><testcase classname="src.research_agent_backend.tests.integration.test_config_integration.TestConfigManagerPerformance" name="test_config_loading_performance" time="0.004" /><testcase classname="src.research_agent_backend.tests.integration.test_config_integration.TestConfigManagerPerformance" name="test_cached_config_access" time="0.015"><failure message="AssertionError: 100 cached accesses took 0.011 seconds&#10;assert 0.010919809341430664 &lt; 0.01">src/research_agent_backend/tests/integration/test_config_integration.py:293: in test_cached_config_access
    assert access_time &lt; 0.01, f"100 cached accesses took {access_time:.3f} seconds"
E   AssertionError: 100 cached accesses took 0.011 seconds
E   assert 0.010919809341430664 &lt; 0.01</failure></testcase><testcase classname="src.research_agent_backend.tests.integration.test_document_processing_pipeline.TestDocumentProcessingPipeline" name="test_complete_document_ingestion_workflow" time="0.015" /><testcase classname="src.research_agent_backend.tests.integration.test_document_processing_pipeline.TestDocumentProcessingPipeline" name="test_end_to_end_search_workflow" time="0.028" /><testcase classname="src.research_agent_backend.tests.integration.test_document_processing_pipeline.TestDocumentProcessingPipeline" name="test_large_document_set_performance" time="0.137" /><testcase classname="src.research_agent_backend.tests.integration.test_document_processing_pipeline.TestDocumentProcessingPipeline" name="test_configuration_driven_chunking_strategies" time="0.055" /><testcase classname="src.research_agent_backend.tests.integration.test_document_processing_pipeline.TestDocumentProcessingPipeline" name="test_cross_module_data_consistency" time="0.027" /><testcase classname="src.research_agent_backend.tests.integration.test_document_processing_pipeline.TestDocumentProcessingPipeline" name="test_error_handling_across_pipeline" time="0.016" /><testcase classname="src.research_agent_backend.tests.integration.test_document_processing_pipeline.TestComponentIntegration" name="test_vector_store_data_preparation_integration" time="0.013" /><testcase classname="src.research_agent_backend.tests.integration.test_document_processing_pipeline.TestComponentIntegration" name="test_collection_manager_vector_store_integration" time="0.013" /><testcase classname="src.research_agent_backend.tests.integration.test_document_processing_pipeline.TestComponentIntegration" name="test_configuration_manager_pipeline_integration" time="0.015" /><testcase classname="src.research_agent_backend.tests.integration.test_document_processing_pipeline.TestPerformanceBenchmarks" name="test_concurrent_document_processing" time="0.145" /><testcase classname="src.research_agent_backend.tests.integration.test_document_processing_pipeline.TestPerformanceBenchmarks" name="test_memory_usage_patterns" time="0.082" /><testcase classname="src.research_agent_backend.tests.integration.test_model_change_integration.TestModelChangeIntegration" name="test_model_integration_initialization" time="0.002" /><testcase classname="src.research_agent_backend.tests.integration.test_model_change_integration.TestModelChangeIntegration" name="test_get_current_model_fingerprint" time="0.001" /><testcase classname="src.research_agent_backend.tests.integration.test_model_change_integration.TestModelChangeIntegration" name="test_get_model_fingerprint_without_service" time="0.001" /><testcase classname="src.research_agent_backend.tests.integration.test_model_change_integration.TestModelChangeIntegration" name="test_get_model_fingerprint_fallback" time="0.001" /><testcase classname="src.research_agent_backend.tests.integration.test_model_change_integration.TestModelChangeIntegration" name="test_register_current_model" time="0.002" /><testcase classname="src.research_agent_backend.tests.integration.test_model_change_integration.TestModelChangeIntegration" name="test_check_for_model_changes_no_change" time="0.002" /><testcase classname="src.research_agent_backend.tests.integration.test_model_change_integration.TestModelChangeIntegration" name="test_check_for_model_changes_with_change" time="0.002" /><testcase classname="src.research_agent_backend.tests.integration.test_model_change_integration.TestModelChangeIntegration" name="test_enhance_chunk_with_model_info" time="0.002" /><testcase classname="src.research_agent_backend.tests.integration.test_model_change_integration.TestModelChangeIntegration" name="test_should_invalidate_chunks_no_change" time="0.002" /><testcase classname="src.research_agent_backend.tests.integration.test_model_change_integration.TestModelChangeIntegration" name="test_should_invalidate_chunks_with_change" time="0.003" /><testcase classname="src.research_agent_backend.tests.integration.test_model_change_integration.TestChunkingPipelineWithModelDetection" name="test_pipeline_initialization" time="0.002" /><testcase classname="src.research_agent_backend.tests.integration.test_model_change_integration.TestChunkingPipelineWithModelDetection" name="test_chunk_text_with_model_tracking" time="0.002" /><testcase classname="src.research_agent_backend.tests.integration.test_model_change_integration.TestChunkingPipelineWithModelDetection" name="test_chunk_text_with_model_change_detection" time="0.003" /><testcase classname="src.research_agent_backend.tests.integration.test_model_change_integration.TestChunkingPipelineWithModelDetection" name="test_invalidate_cache_if_needed" time="0.003" /><testcase classname="src.research_agent_backend.tests.integration.test_model_change_integration.TestChunkingPipelineWithModelDetection" name="test_get_model_status" time="0.002" /><testcase classname="src.research_agent_backend.tests.integration.test_model_change_integration.TestChunkingPipelineWithModelDetection" name="test_chunk_document_sections" time="0.002" /><testcase classname="src.research_agent_backend.tests.integration.test_model_change_integration.TestModelChangeIntegrationEdgeCases" name="test_integration_with_failing_embedding_service" time="0.002" /><testcase classname="src.research_agent_backend.tests.integration.test_model_change_integration.TestModelChangeIntegrationEdgeCases" name="test_chunk_enhancement_without_fingerprint" time="0.001" /><testcase classname="src.research_agent_backend.tests.integration.test_model_change_integration.TestModelChangeIntegrationEdgeCases" name="test_invalidation_with_mixed_chunk_types" time="0.001" /><testcase classname="src.research_agent_backend.tests.integration.test_rag_pipeline_integration.TestEndToEndRAGPipelineIntegration" name="test_complete_query_flow_with_caching" time="2.097" /><testcase classname="src.research_agent_backend.tests.integration.test_rag_pipeline_integration.TestEndToEndRAGPipelineIntegration" name="test_multi_collection_query_with_cache_coordination" time="0.355" /><testcase classname="src.research_agent_backend.tests.integration.test_rag_pipeline_integration.TestEndToEndRAGPipelineIntegration" name="test_document_update_with_cache_invalidation" time="0.167" /><testcase classname="src.research_agent_backend.tests.integration.test_rag_pipeline_integration.TestEndToEndRAGPipelineIntegration" name="test_error_handling_with_cache_fallbacks" time="0.071"><failure message="AssertionError: Should use cache-only result&#10;assert False == True&#10; +  where False = IntegrationResult(success=True, message='Query executed successfully', documents_processed=0, cache_populated=False, r...batch_optimization_used=False, parallel_processing_used=False, documents_per_second=0.0, content_reflects_update=False).cache_only_result">src/research_agent_backend/tests/integration/test_rag_pipeline_integration.py:202: in test_error_handling_with_cache_fallbacks
    assert result.cache_only_result == True, "Should use cache-only result"
E   AssertionError: Should use cache-only result
E   assert False == True
E    +  where False = IntegrationResult(success=True, message='Query executed successfully', documents_processed=0, cache_populated=False, r...batch_optimization_used=False, parallel_processing_used=False, documents_per_second=0.0, content_reflects_update=False).cache_only_result</failure></testcase><testcase classname="src.research_agent_backend.tests.integration.test_rag_pipeline_integration.TestCacheIntegrationValidation" name="test_embedding_cache_integration" time="0.035"><failure message="AttributeError: 'LocalEmbeddingService' object has no attribute 'get_model_fingerprint'">src/research_agent_backend/tests/integration/test_rag_pipeline_integration.py:239: in test_embedding_cache_integration
    model_fingerprint = embedding_service.get_model_fingerprint()
E   AttributeError: 'LocalEmbeddingService' object has no attribute 'get_model_fingerprint'</failure></testcase><testcase classname="src.research_agent_backend.tests.integration.test_rag_pipeline_integration.TestCacheIntegrationValidation" name="test_query_cache_integration_with_rag_pipeline" time="0.113"><failure message="KeyError: 'unique_queries'">src/research_agent_backend/tests/integration/test_rag_pipeline_integration.py:272: in test_query_cache_integration_with_rag_pipeline
    assert query_cache_stats['unique_queries'] &gt;= 2, "Should track unique queries"
E   KeyError: 'unique_queries'</failure></testcase><testcase classname="src.research_agent_backend.tests.integration.test_rag_pipeline_integration.TestCacheIntegrationValidation" name="test_batch_processing_integration" time="0.033"><failure message="AssertionError: Batch ingestion should succeed&#10;assert False == True&#10; +  where False = IntegrationResult(success=False, message='', documents_processed=0, cache_populated=False, response_time=0.03161001205...batch_optimization_used=False, parallel_processing_used=False, documents_per_second=0.0, content_reflects_update=False).success">src/research_agent_backend/tests/integration/test_rag_pipeline_integration.py:288: in test_batch_processing_integration
    assert batch_result.success == True, "Batch ingestion should succeed"
E   AssertionError: Batch ingestion should succeed
E   assert False == True
E    +  where False = IntegrationResult(success=False, message='', documents_processed=0, cache_populated=False, response_time=0.03161001205...batch_optimization_used=False, parallel_processing_used=False, documents_per_second=0.0, content_reflects_update=False).success</failure></testcase><testcase classname="src.research_agent_backend.tests.integration.test_rag_pipeline_integration.TestCacheIntegrationValidation" name="test_lazy_loading_integration" time="0.001"><failure message="AssertionError: Should load components on demand&#10;assert 0 &gt; 0">src/research_agent_backend/tests/integration/test_rag_pipeline_integration.py:314: in test_lazy_loading_integration
    assert initialization_stats['components_loaded_on_demand'] &gt; 0, "Should load components on demand"
E   AssertionError: Should load components on demand
E   assert 0 &gt; 0</failure></testcase><testcase classname="src.research_agent_backend.tests.integration.test_rag_pipeline_integration.TestPerformanceIntegrationTesting" name="test_end_to_end_performance_optimization" time="0.612"><failure message="AssertionError: Should use reasonable memory&#10;assert 667.90625 &lt; 500">src/research_agent_backend/tests/integration/test_rag_pipeline_integration.py:377: in test_end_to_end_performance_optimization
    assert memory_stats['peak_memory_mb'] &lt; 500, "Should use reasonable memory"
E   AssertionError: Should use reasonable memory
E   assert 667.90625 &lt; 500</failure></testcase><testcase classname="src.research_agent_backend.tests.integration.test_rag_pipeline_integration.TestPerformanceIntegrationTesting" name="test_concurrent_user_performance_integration" time="1.199" /><testcase classname="src.research_agent_backend.tests.integration.test_rag_pipeline_integration.TestPerformanceIntegrationTesting" name="test_memory_usage_stability_integration" time="2.194"><failure message="KeyError: 'cache_size_stable'">src/research_agent_backend/tests/integration/test_rag_pipeline_integration.py:488: in test_memory_usage_stability_integration
    assert cache_stats['cache_size_stable'] == True, "Cache sizes should be stable"
E   KeyError: 'cache_size_stable'</failure></testcase><testcase classname="src.research_agent_backend.tests.integration.test_rag_pipeline_integration.TestSystemStabilityAndCorrectness" name="test_cache_consistency_validation" time="0.126"><failure message="AssertionError: Should reflect document update&#10;assert False == True&#10; +  where False = IntegrationResult(success=True, message='Query executed successfully', documents_processed=0, cache_populated=False, r...batch_optimization_used=False, parallel_processing_used=False, documents_per_second=0.0, content_reflects_update=False).content_reflects_update">src/research_agent_backend/tests/integration/test_rag_pipeline_integration.py:531: in test_cache_consistency_validation
    assert post_update_query.content_reflects_update == True, "Should reflect document update"
E   AssertionError: Should reflect document update
E   assert False == True
E    +  where False = IntegrationResult(success=True, message='Query executed successfully', documents_processed=0, cache_populated=False, r...batch_optimization_used=False, parallel_processing_used=False, documents_per_second=0.0, content_reflects_update=False).content_reflects_update</failure></testcase><testcase classname="src.research_agent_backend.tests.integration.test_rag_pipeline_integration.TestSystemStabilityAndCorrectness" name="test_resource_cleanup_and_leak_prevention" time="1.372"><failure message="AssertionError: Should limit thread count&#10;assert 164 &lt; 20">src/research_agent_backend/tests/integration/test_rag_pipeline_integration.py:557: in test_resource_cleanup_and_leak_prevention
    assert peak_resources['thread_count'] &lt; 20, "Should limit thread count"
E   AssertionError: Should limit thread count
E   assert 164 &lt; 20</failure></testcase><testcase classname="src.research_agent_backend.tests.integration.test_rag_pipeline_integration.TestSystemStabilityAndCorrectness" name="test_thread_safety_validation" time="0.356" /><testcase classname="src.research_agent_backend.tests.performance.test_end_to_end_workflows.TestEndToEndWorkflows" name="test_complete_document_lifecycle_workflow" time="0.002"><failure message="NotImplementedError: Real-world scenario setup not implemented">src/research_agent_backend/tests/performance/test_end_to_end_workflows.py:111: in test_complete_document_lifecycle_workflow
    scenario_data = self.framework.setup_real_world_scenario("document_lifecycle")
src/research_agent_backend/tests/performance/test_end_to_end_workflows.py:79: in setup_real_world_scenario
    raise NotImplementedError("Real-world scenario setup not implemented")
E   NotImplementedError: Real-world scenario setup not implemented</failure></testcase><testcase classname="src.research_agent_backend.tests.performance.test_end_to_end_workflows.TestEndToEndWorkflows" name="test_complete_document_lifecycle_workflow" time="0.007"><error message="failed on teardown with &quot;NotImplementedError: All scenarios cleanup not implemented&quot;">src/research_agent_backend/tests/performance/test_end_to_end_workflows.py:106: in teardown_method
    self.framework.cleanup_all_scenarios()
src/research_agent_backend/tests/performance/test_end_to_end_workflows.py:94: in cleanup_all_scenarios
    raise NotImplementedError("All scenarios cleanup not implemented")
E   NotImplementedError: All scenarios cleanup not implemented</error></testcase><testcase classname="src.research_agent_backend.tests.performance.test_end_to_end_workflows.TestEndToEndWorkflows" name="test_research_workflow_simulation" time="0.006"><failure message="NotImplementedError: Real-world scenario setup not implemented">src/research_agent_backend/tests/performance/test_end_to_end_workflows.py:158: in test_research_workflow_simulation
    scenario_data = self.framework.setup_real_world_scenario("research_simulation")
src/research_agent_backend/tests/performance/test_end_to_end_workflows.py:79: in setup_real_world_scenario
    raise NotImplementedError("Real-world scenario setup not implemented")
E   NotImplementedError: Real-world scenario setup not implemented</failure></testcase><testcase classname="src.research_agent_backend.tests.performance.test_end_to_end_workflows.TestEndToEndWorkflows" name="test_research_workflow_simulation" time="0.000"><error message="failed on teardown with &quot;NotImplementedError: All scenarios cleanup not implemented&quot;">src/research_agent_backend/tests/performance/test_end_to_end_workflows.py:106: in teardown_method
    self.framework.cleanup_all_scenarios()
src/research_agent_backend/tests/performance/test_end_to_end_workflows.py:94: in cleanup_all_scenarios
    raise NotImplementedError("All scenarios cleanup not implemented")
E   NotImplementedError: All scenarios cleanup not implemented</error></testcase><testcase classname="src.research_agent_backend.tests.performance.test_end_to_end_workflows.TestEndToEndWorkflows" name="test_collaborative_knowledge_base_workflow" time="0.000"><failure message="NotImplementedError: Real-world scenario setup not implemented">src/research_agent_backend/tests/performance/test_end_to_end_workflows.py:208: in test_collaborative_knowledge_base_workflow
    scenario_data = self.framework.setup_real_world_scenario("collaborative_kb")
src/research_agent_backend/tests/performance/test_end_to_end_workflows.py:79: in setup_real_world_scenario
    raise NotImplementedError("Real-world scenario setup not implemented")
E   NotImplementedError: Real-world scenario setup not implemented</failure></testcase><testcase classname="src.research_agent_backend.tests.performance.test_end_to_end_workflows.TestEndToEndWorkflows" name="test_collaborative_knowledge_base_workflow" time="0.000"><error message="failed on teardown with &quot;NotImplementedError: All scenarios cleanup not implemented&quot;">src/research_agent_backend/tests/performance/test_end_to_end_workflows.py:106: in teardown_method
    self.framework.cleanup_all_scenarios()
src/research_agent_backend/tests/performance/test_end_to_end_workflows.py:94: in cleanup_all_scenarios
    raise NotImplementedError("All scenarios cleanup not implemented")
E   NotImplementedError: All scenarios cleanup not implemented</error></testcase><testcase classname="src.research_agent_backend.tests.performance.test_end_to_end_workflows.TestEndToEndWorkflows" name="test_production_deployment_simulation" time="0.000"><failure message="NotImplementedError: Real-world scenario setup not implemented">src/research_agent_backend/tests/performance/test_end_to_end_workflows.py:270: in test_production_deployment_simulation
    scenario_data = self.framework.setup_real_world_scenario("production_deployment")
src/research_agent_backend/tests/performance/test_end_to_end_workflows.py:79: in setup_real_world_scenario
    raise NotImplementedError("Real-world scenario setup not implemented")
E   NotImplementedError: Real-world scenario setup not implemented</failure></testcase><testcase classname="src.research_agent_backend.tests.performance.test_end_to_end_workflows.TestEndToEndWorkflows" name="test_production_deployment_simulation" time="0.000"><error message="failed on teardown with &quot;NotImplementedError: All scenarios cleanup not implemented&quot;">src/research_agent_backend/tests/performance/test_end_to_end_workflows.py:106: in teardown_method
    self.framework.cleanup_all_scenarios()
src/research_agent_backend/tests/performance/test_end_to_end_workflows.py:94: in cleanup_all_scenarios
    raise NotImplementedError("All scenarios cleanup not implemented")
E   NotImplementedError: All scenarios cleanup not implemented</error></testcase><testcase classname="src.research_agent_backend.tests.performance.test_end_to_end_workflows.TestRegressionValidation" name="test_document_ingestion_regression" time="0.000"><failure message="NotImplementedError: Baseline metrics loading not implemented">src/research_agent_backend/tests/performance/test_end_to_end_workflows.py:366: in test_document_ingestion_regression
    baseline = self._load_baseline_metrics("document_ingestion")
src/research_agent_backend/tests/performance/test_end_to_end_workflows.py:432: in _load_baseline_metrics
    raise NotImplementedError("Baseline metrics loading not implemented")
E   NotImplementedError: Baseline metrics loading not implemented</failure></testcase><testcase classname="src.research_agent_backend.tests.performance.test_end_to_end_workflows.TestRegressionValidation" name="test_query_performance_regression" time="0.000"><failure message="NotImplementedError: Baseline metrics loading not implemented">src/research_agent_backend/tests/performance/test_end_to_end_workflows.py:385: in test_query_performance_regression
    baseline = self._load_baseline_metrics("query_performance")
src/research_agent_backend/tests/performance/test_end_to_end_workflows.py:432: in _load_baseline_metrics
    raise NotImplementedError("Baseline metrics loading not implemented")
E   NotImplementedError: Baseline metrics loading not implemented</failure></testcase><testcase classname="src.research_agent_backend.tests.performance.test_end_to_end_workflows.TestRegressionValidation" name="test_memory_usage_regression" time="0.000"><failure message="NotImplementedError: Baseline metrics loading not implemented">src/research_agent_backend/tests/performance/test_end_to_end_workflows.py:400: in test_memory_usage_regression
    baseline = self._load_baseline_metrics("memory_usage")
src/research_agent_backend/tests/performance/test_end_to_end_workflows.py:432: in _load_baseline_metrics
    raise NotImplementedError("Baseline metrics loading not implemented")
E   NotImplementedError: Baseline metrics loading not implemented</failure></testcase><testcase classname="src.research_agent_backend.tests.performance.test_end_to_end_workflows.TestRegressionValidation" name="test_overall_system_performance_regression" time="0.000"><failure message="NotImplementedError: Baseline metrics loading not implemented">src/research_agent_backend/tests/performance/test_end_to_end_workflows.py:415: in test_overall_system_performance_regression
    baseline = self._load_baseline_metrics("system_performance")
src/research_agent_backend/tests/performance/test_end_to_end_workflows.py:432: in _load_baseline_metrics
    raise NotImplementedError("Baseline metrics loading not implemented")
E   NotImplementedError: Baseline metrics loading not implemented</failure></testcase><testcase classname="src.research_agent_backend.tests.performance.test_end_to_end_workflows.TestLoadTestingFramework" name="test_production_load_simulation" time="0.000"><failure message="NotImplementedError: Production load scenario creation not implemented">src/research_agent_backend/tests/performance/test_end_to_end_workflows.py:481: in test_production_load_simulation
    load_scenario = self._create_production_load_scenario()
src/research_agent_backend/tests/performance/test_end_to_end_workflows.py:521: in _create_production_load_scenario
    raise NotImplementedError("Production load scenario creation not implemented")
E   NotImplementedError: Production load scenario creation not implemented</failure></testcase><testcase classname="src.research_agent_backend.tests.performance.test_end_to_end_workflows.TestLoadTestingFramework" name="test_spike_load_handling" time="0.000"><failure message="NotImplementedError: Spike load scenario creation not implemented">src/research_agent_backend/tests/performance/test_end_to_end_workflows.py:498: in test_spike_load_handling
    spike_scenario = self._create_spike_load_scenario()
src/research_agent_backend/tests/performance/test_end_to_end_workflows.py:531: in _create_spike_load_scenario
    raise NotImplementedError("Spike load scenario creation not implemented")
E   NotImplementedError: Spike load scenario creation not implemented</failure></testcase><testcase classname="src.research_agent_backend.tests.performance.test_end_to_end_workflows.TestLoadTestingFramework" name="test_sustained_load_endurance" time="0.000"><failure message="NotImplementedError: Endurance load scenario creation not implemented">src/research_agent_backend/tests/performance/test_end_to_end_workflows.py:509: in test_sustained_load_endurance
    endurance_scenario = self._create_endurance_load_scenario()
src/research_agent_backend/tests/performance/test_end_to_end_workflows.py:541: in _create_endurance_load_scenario
    raise NotImplementedError("Endurance load scenario creation not implemented")
E   NotImplementedError: Endurance load scenario creation not implemented</failure></testcase><testcase classname="src.research_agent_backend.tests.performance.test_performance_benchmarks.TestLargeDocumentCollectionBenchmarks" name="test_large_document_ingestion_performance" time="0.119"><failure message="AttributeError: 'DocumentInsertionManager' object has no attribute 'insert_documents_batch'">src/research_agent_backend/tests/performance/test_performance_benchmarks.py:114: in test_large_document_ingestion_performance
    results = insertion_manager.insert_documents_batch(large_documents)
E   AttributeError: 'DocumentInsertionManager' object has no attribute 'insert_documents_batch'</failure></testcase><testcase classname="src.research_agent_backend.tests.performance.test_performance_benchmarks.TestLargeDocumentCollectionBenchmarks" name="test_massive_document_collection_scalability" time="0.120"><failure message="AttributeError: 'DocumentInsertionManager' object has no attribute 'insert_documents_batch_scalable'">src/research_agent_backend/tests/performance/test_performance_benchmarks.py:139: in test_massive_document_collection_scalability
    results = insertion_manager.insert_documents_batch_scalable(massive_documents)
E   AttributeError: 'DocumentInsertionManager' object has no attribute 'insert_documents_batch_scalable'</failure></testcase><testcase classname="src.research_agent_backend.tests.performance.test_performance_benchmarks.TestLargeDocumentCollectionBenchmarks" name="test_document_size_variation_performance" time="0.242"><failure message="research_agent_backend.core.document_insertion.exceptions.TransactionError: Document insertion failed in batch 1, rolling back transaction: Unexpected error during document insertion: 'str' object has no attribute 'isoformat'">src/research_agent_backend/tests/performance/test_performance_benchmarks.py:168: in test_document_size_variation_performance
    results = insertion_manager.insert_batch(documents, collection_name="size_test_collection")
src/research_agent_backend/core/document_insertion/manager.py:639: in insert_batch
    raise TransactionError(
E   research_agent_backend.core.document_insertion.exceptions.TransactionError: Document insertion failed in batch 1, rolling back transaction: Unexpected error during document insertion: 'str' object has no attribute 'isoformat'</failure></testcase><testcase classname="src.research_agent_backend.tests.performance.test_performance_benchmarks.TestLargeDocumentCollectionBenchmarks" name="test_collection_query_performance_at_scale" time="0.053"><failure message="RuntimeError: Failed to setup large test collection: 'DocumentInsertionManager' object has no attribute 'insert_documents_batch'">src/research_agent_backend/tests/performance/test_performance_benchmarks.py:402: in _setup_large_test_collection
    insertion_manager.insert_documents_batch(batch)
E   AttributeError: 'DocumentInsertionManager' object has no attribute 'insert_documents_batch'

During handling of the above exception, another exception occurred:
src/research_agent_backend/tests/performance/test_performance_benchmarks.py:181: in test_collection_query_performance_at_scale
    self._setup_large_test_collection(collection_size)
src/research_agent_backend/tests/performance/test_performance_benchmarks.py:405: in _setup_large_test_collection
    raise RuntimeError(f"Failed to setup large test collection: {e}")
E   RuntimeError: Failed to setup large test collection: 'DocumentInsertionManager' object has no attribute 'insert_documents_batch'</failure></testcase><testcase classname="src.research_agent_backend.tests.performance.test_performance_benchmarks.TestConcurrentOperationsStressTesting" name="test_concurrent_document_ingestion_stress" time="0.088"><failure message="NotImplementedError: Thread-specific document generation not implemented">src/research_agent_backend/tests/performance/test_performance_benchmarks.py:791: in test_concurrent_document_ingestion_stress
    documents = self._generate_thread_documents(thread_id, documents_per_thread)
src/research_agent_backend/tests/performance/test_performance_benchmarks.py:920: in _generate_thread_documents
    raise NotImplementedError("Thread-specific document generation not implemented")
E   NotImplementedError: Thread-specific document generation not implemented</failure></testcase><testcase classname="src.research_agent_backend.tests.performance.test_performance_benchmarks.TestConcurrentOperationsStressTesting" name="test_concurrent_query_stress_testing" time="0.001"><failure message="NotImplementedError: Stress test collection setup not implemented">src/research_agent_backend/tests/performance/test_performance_benchmarks.py:814: in test_concurrent_query_stress_testing
    self._setup_stress_test_collection()
src/research_agent_backend/tests/performance/test_performance_benchmarks.py:930: in _setup_stress_test_collection
    raise NotImplementedError("Stress test collection setup not implemented")
E   NotImplementedError: Stress test collection setup not implemented</failure></testcase><testcase classname="src.research_agent_backend.tests.performance.test_performance_benchmarks.TestConcurrentOperationsStressTesting" name="test_mixed_operations_stress_testing" time="15.114"><failure message="NotImplementedError: Continuous ingestion execution not implemented">src/research_agent_backend/tests/performance/test_performance_benchmarks.py:877: in test_mixed_operations_stress_testing
    result = future.result()
/opt/homebrew/Cellar/python@3.11/3.11.11/Frameworks/Python.framework/Versions/3.11/lib/python3.11/concurrent/futures/_base.py:449: in result
    return self.__get_result()
/opt/homebrew/Cellar/python@3.11/3.11.11/Frameworks/Python.framework/Versions/3.11/lib/python3.11/concurrent/futures/_base.py:401: in __get_result
    raise self._exception
/opt/homebrew/Cellar/python@3.11/3.11.11/Frameworks/Python.framework/Versions/3.11/lib/python3.11/concurrent/futures/thread.py:58: in run
    result = self.fn(*self.args, **self.kwargs)
src/research_agent_backend/tests/performance/test_performance_benchmarks.py:940: in _execute_continuous_ingestion
    raise NotImplementedError("Continuous ingestion execution not implemented")
E   NotImplementedError: Continuous ingestion execution not implemented</failure></testcase><testcase classname="src.research_agent_backend.tests.performance.test_performance_benchmarks.TestConcurrentOperationsStressTesting" name="test_resource_exhaustion_recovery" time="0.088"><failure message="NotImplementedError: Memory pressure simulation not implemented">src/research_agent_backend/tests/performance/test_performance_benchmarks.py:904: in test_resource_exhaustion_recovery
    recovery_data = simulator()
src/research_agent_backend/tests/performance/test_performance_benchmarks.py:950: in _simulate_memory_pressure
    raise NotImplementedError("Memory pressure simulation not implemented")
E   NotImplementedError: Memory pressure simulation not implemented</failure></testcase><testcase classname="src.research_agent_backend.tests.performance.test_performance_benchmarks.TestFileFormatAndSizeValidation" name="test_markdown_file_size_variations" time="0.084"><failure message="NotImplementedError: Markdown content generation not implemented">src/research_agent_backend/tests/performance/test_performance_benchmarks.py:987: in test_markdown_file_size_variations
    markdown_content = self._generate_markdown_content(byte_size)
src/research_agent_backend/tests/performance/test_performance_benchmarks.py:1107: in _generate_markdown_content
    raise NotImplementedError("Markdown content generation not implemented")
E   NotImplementedError: Markdown content generation not implemented</failure></testcase><testcase classname="src.research_agent_backend.tests.performance.test_performance_benchmarks.TestFileFormatAndSizeValidation" name="test_text_file_format_handling" time="0.086"><failure message="NotImplementedError: Plain text generation not implemented">src/research_agent_backend/tests/performance/test_performance_benchmarks.py:1023: in test_text_file_format_handling
    content = generator(5000)  # 5KB target size
src/research_agent_backend/tests/performance/test_performance_benchmarks.py:1117: in _generate_plain_text
    raise NotImplementedError("Plain text generation not implemented")
E   NotImplementedError: Plain text generation not implemented</failure></testcase><testcase classname="src.research_agent_backend.tests.performance.test_performance_benchmarks.TestFileFormatAndSizeValidation" name="test_large_file_streaming_performance" time="0.085"><failure message="NotImplementedError: File streaming testing not implemented">src/research_agent_backend/tests/performance/test_performance_benchmarks.py:1057: in test_large_file_streaming_performance
    streaming_result = self._test_file_streaming(file_size, scenario_name)
src/research_agent_backend/tests/performance/test_performance_benchmarks.py:1152: in _test_file_streaming
    raise NotImplementedError("File streaming testing not implemented")
E   NotImplementedError: File streaming testing not implemented</failure></testcase><testcase classname="src.research_agent_backend.tests.performance.test_performance_benchmarks.TestFileFormatAndSizeValidation" name="test_batch_file_processing_efficiency" time="0.086"><failure message="NotImplementedError: File batch generation not implemented">src/research_agent_backend/tests/performance/test_performance_benchmarks.py:1085: in test_batch_file_processing_efficiency
    file_batch = self._generate_file_batch(file_count, file_size)
src/research_agent_backend/tests/performance/test_performance_benchmarks.py:1157: in _generate_file_batch
    raise NotImplementedError("File batch generation not implemented")
E   NotImplementedError: File batch generation not implemented</failure></testcase><testcase classname="src.research_agent_backend.tests.performance.test_performance_benchmarks.TestMemoryResourceValidation" name="test_memory_usage_patterns_validation" time="0.084"><failure message="NotImplementedError: Idle memory usage testing not implemented">src/research_agent_backend/tests/performance/test_performance_benchmarks.py:1208: in test_memory_usage_patterns_validation
    scenario_result = test_function()
src/research_agent_backend/tests/performance/test_performance_benchmarks.py:1313: in _test_idle_memory_usage
    raise NotImplementedError("Idle memory usage testing not implemented")
E   NotImplementedError: Idle memory usage testing not implemented</failure></testcase><testcase classname="src.research_agent_backend.tests.performance.test_performance_benchmarks.TestMemoryResourceValidation" name="test_memory_leak_detection" time="0.085"><failure message="NotImplementedError: Potential leak operation not implemented">src/research_agent_backend/tests/performance/test_performance_benchmarks.py:1234: in test_memory_leak_detection
    self._execute_potential_leak_operation()
src/research_agent_backend/tests/performance/test_performance_benchmarks.py:1348: in _execute_potential_leak_operation
    raise NotImplementedError("Potential leak operation not implemented")
E   NotImplementedError: Potential leak operation not implemented</failure></testcase><testcase classname="src.research_agent_backend.tests.performance.test_performance_benchmarks.TestMemoryResourceValidation" name="test_resource_consumption_monitoring" time="0.083"><failure message="NotImplementedError: CPU usage monitoring not implemented">src/research_agent_backend/tests/performance/test_performance_benchmarks.py:1271: in test_resource_consumption_monitoring
    resource_data = monitor_function()
src/research_agent_backend/tests/performance/test_performance_benchmarks.py:1358: in _monitor_cpu_usage
    raise NotImplementedError("CPU usage monitoring not implemented")
E   NotImplementedError: CPU usage monitoring not implemented</failure></testcase><testcase classname="src.research_agent_backend.tests.performance.test_performance_benchmarks.TestMemoryResourceValidation" name="test_garbage_collection_efficiency" time="0.085"><failure message="NotImplementedError: Manual GC impact testing not implemented">src/research_agent_backend/tests/performance/test_performance_benchmarks.py:1298: in test_garbage_collection_efficiency
    gc_result = gc_test()
src/research_agent_backend/tests/performance/test_performance_benchmarks.py:1393: in _test_manual_gc_impact
    raise NotImplementedError("Manual GC impact testing not implemented")
E   NotImplementedError: Manual GC impact testing not implemented</failure></testcase><testcase classname="src.research_agent_backend.tests.test_collection_type_manager.TestCollectionTypeConfig" name="test_collection_type_config_creation" time="0.000" /><testcase classname="src.research_agent_backend.tests.test_collection_type_manager.TestCollectionTypeConfig" name="test_to_chromadb_metadata" time="0.000" /><testcase classname="src.research_agent_backend.tests.test_collection_type_manager.TestCollectionTypeConfig" name="test_create_collection_metadata" time="0.000" /><testcase classname="src.research_agent_backend.tests.test_collection_type_manager.TestCollectionTypeManager" name="test_initialization" time="0.002" /><testcase classname="src.research_agent_backend.tests.test_collection_type_manager.TestCollectionTypeManager" name="test_get_collection_config_with_enum" time="0.001" /><testcase classname="src.research_agent_backend.tests.test_collection_type_manager.TestCollectionTypeManager" name="test_get_collection_config_with_string" time="0.001" /><testcase classname="src.research_agent_backend.tests.test_collection_type_manager.TestCollectionTypeManager" name="test_get_collection_config_unknown_type" time="0.002" /><testcase classname="src.research_agent_backend.tests.test_collection_type_manager.TestCollectionTypeManager" name="test_determine_collection_type_reference" time="0.001" /><testcase classname="src.research_agent_backend.tests.test_collection_type_manager.TestCollectionTypeManager" name="test_determine_collection_type_fundamental" time="0.001" /><testcase classname="src.research_agent_backend.tests.test_collection_type_manager.TestCollectionTypeManager" name="test_determine_collection_type_project_specific" time="0.001" /><testcase classname="src.research_agent_backend.tests.test_collection_type_manager.TestCollectionTypeManager" name="test_determine_collection_type_temporary" time="0.001" /><testcase classname="src.research_agent_backend.tests.test_collection_type_manager.TestCollectionTypeManager" name="test_determine_collection_type_general_default" time="0.001" /><testcase classname="src.research_agent_backend.tests.test_collection_type_manager.TestCollectionTypeManager" name="test_create_collection_name_basic" time="0.001" /><testcase classname="src.research_agent_backend.tests.test_collection_type_manager.TestCollectionTypeManager" name="test_create_collection_name_project_specific" time="0.001" /><testcase classname="src.research_agent_backend.tests.test_collection_type_manager.TestCollectionTypeManager" name="test_create_collection_name_with_suffix" time="0.001" /><testcase classname="src.research_agent_backend.tests.test_collection_type_manager.TestCollectionTypeManager" name="test_create_collection_name_sanitization" time="0.001" /><testcase classname="src.research_agent_backend.tests.test_collection_type_manager.TestCollectionTypeManager" name="test_validate_collection_for_type_valid" time="0.001" /><testcase classname="src.research_agent_backend.tests.test_collection_type_manager.TestCollectionTypeManager" name="test_validate_collection_for_type_invalid" time="0.001" /><testcase classname="src.research_agent_backend.tests.test_collection_type_manager.TestCollectionTypeManager" name="test_get_collection_summary" time="0.001" /><testcase classname="src.research_agent_backend.tests.test_collection_type_manager.TestCollectionTypeManager" name="test_load_custom_configurations" time="0.002" /><testcase classname="src.research_agent_backend.tests.test_collection_type_manager.TestFactoryFunction" name="test_create_collection_type_manager_default" time="0.001" /><testcase classname="src.research_agent_backend.tests.test_collection_type_manager.TestFactoryFunction" name="test_create_collection_type_manager_with_config" time="0.001" /><testcase classname="src.research_agent_backend.tests.test_collection_type_manager.TestCollectionTypeIntegration" name="test_end_to_end_collection_workflow" time="0.002" /><testcase classname="src.research_agent_backend.tests.test_config_runner" name="test_basic_config_loading" time="0.006" /><testcase classname="src.research_agent_backend.tests.test_config_runner" name="test_environment_variable_conversion" time="0.000" /><testcase classname="src.research_agent_backend.tests.test_config_runner" name="test_configuration_merging" time="0.000" /><testcase classname="src.research_agent_backend.tests.test_data_preparation.TestDataCleaningConfig" name="test_default_config_creation" time="0.000" /><testcase classname="src.research_agent_backend.tests.test_data_preparation.TestDataCleaningConfig" name="test_custom_config_creation" time="0.000" /><testcase classname="src.research_agent_backend.tests.test_data_preparation.TestNormalizationConfig" name="test_default_normalization_config" time="0.000" /><testcase classname="src.research_agent_backend.tests.test_data_preparation.TestNormalizationConfig" name="test_custom_normalization_config" time="0.000" /><testcase classname="src.research_agent_backend.tests.test_data_preparation.TestDimensionalityReductionConfig" name="test_default_dimensionality_config" time="0.000" /><testcase classname="src.research_agent_backend.tests.test_data_preparation.TestDimensionalityReductionConfig" name="test_custom_dimensionality_config" time="0.000" /><testcase classname="src.research_agent_backend.tests.test_data_preparation.TestDataPreparationResult" name="test_result_creation_and_properties" time="0.000" /><testcase classname="src.research_agent_backend.tests.test_data_preparation.TestDataPreparationResult" name="test_result_empty_case" time="0.000" /><testcase classname="src.research_agent_backend.tests.test_data_preparation.TestDataCleaningService" name="test_service_initialization" time="0.000" /><testcase classname="src.research_agent_backend.tests.test_data_preparation.TestDataCleaningService" name="test_clean_text_basic_cleaning" time="0.000" /><testcase classname="src.research_agent_backend.tests.test_data_preparation.TestDataCleaningService" name="test_clean_text_edge_cases" time="0.000" /><testcase classname="src.research_agent_backend.tests.test_data_preparation.TestDataCleaningService" name="test_clean_text_unicode_normalization" time="0.000"><failure message="assert None is not None">src/research_agent_backend/tests/test_data_preparation.py:254: in test_clean_text_unicode_normalization
    assert cleaned is not None
[...]
    raise QueryManagerError("Invalid query configuration")
E   research_agent_backend.exceptions.query_exceptions.QueryManagerError: Invalid query configuration

During handling of the above exception, another exception occurred:
src/research_agent_backend/tests/unit/test_query_manager.py:564: in setup_method
    self.query_manager = QueryManager(
src/research_agent_backend/core/query_manager/manager.py:62: in __init__
    self._initialize_configuration()
src/research_agent_backend/core/query_manager/manager.py:92: in _initialize_configuration
    raise QueryManagerError("Invalid query configuration")
E   research_agent_backend.exceptions.query_exceptions.QueryManagerError: Invalid query configuration</error></testcase><testcase classname="src.research_agent_backend.tests.unit.test_query_manager.TestQueryManager" name="test_process_batch_queries" time="0.001"><error message="failed on setup with &quot;research_agent_backend.exceptions.query_exceptions.QueryManagerError: Invalid query configuration&quot;">src/research_agent_backend/core/query_manager/manager.py:83: in _initialize_configuration
    raise QueryManagerError("Invalid query configuration")
E   research_agent_backend.exceptions.query_exceptions.QueryManagerError: Invalid query configuration

During handling of the above exception, another exception occurred:
src/research_agent_backend/tests/unit/test_query_manager.py:564: in setup_method
    self.query_manager = QueryManager(
src/research_agent_backend/core/query_manager/manager.py:62: in __init__
    self._initialize_configuration()
src/research_agent_backend/core/query_manager/manager.py:92: in _initialize_configuration
    raise QueryManagerError("Invalid query configuration")
E   research_agent_backend.exceptions.query_exceptions.QueryManagerError: Invalid query configuration</error></testcase><testcase classname="src.research_agent_backend.tests.unit.test_query_manager.TestQueryManager" name="test_configure_cache" time="0.001"><error message="failed on setup with &quot;research_agent_backend.exceptions.query_exceptions.QueryManagerError: Invalid query configuration&quot;">src/research_agent_backend/core/query_manager/manager.py:83: in _initialize_configuration
    raise QueryManagerError("Invalid query configuration")
E   research_agent_backend.exceptions.query_exceptions.QueryManagerError: Invalid query configuration

During handling of the above exception, another exception occurred:
src/research_agent_backend/tests/unit/test_query_manager.py:564: in setup_method
    self.query_manager = QueryManager(
src/research_agent_backend/core/query_manager/manager.py:62: in __init__
    self._initialize_configuration()
src/research_agent_backend/core/query_manager/manager.py:92: in _initialize_configuration
    raise QueryManagerError("Invalid query configuration")
E   research_agent_backend.exceptions.query_exceptions.QueryManagerError: Invalid query configuration</error></testcase><testcase classname="src.research_agent_backend.tests.unit.test_query_manager.TestQueryManager" name="test_get_cache_statistics" time="0.001"><error message="failed on setup with &quot;research_agent_backend.exceptions.query_exceptions.QueryManagerError: Invalid query configuration&quot;">src/research_agent_backend/core/query_manager/manager.py:83: in _initialize_configuration
    raise QueryManagerError("Invalid query configuration")
E   research_agent_backend.exceptions.query_exceptions.QueryManagerError: Invalid query configuration

During handling of the above exception, another exception occurred:
src/research_agent_backend/tests/unit/test_query_manager.py:564: in setup_method
    self.query_manager = QueryManager(
src/research_agent_backend/core/query_manager/manager.py:62: in __init__
    self._initialize_configuration()
src/research_agent_backend/core/query_manager/manager.py:92: in _initialize_configuration
    raise QueryManagerError("Invalid query configuration")
E   research_agent_backend.exceptions.query_exceptions.QueryManagerError: Invalid query configuration</error></testcase><testcase classname="src.research_agent_backend.tests.unit.test_query_manager.TestQueryManager" name="test_cleanup_cache" time="0.001"><error message="failed on setup with &quot;research_agent_backend.exceptions.query_exceptions.QueryManagerError: Invalid query configuration&quot;">src/research_agent_backend/core/query_manager/manager.py:83: in _initialize_configuration
    raise QueryManagerError("Invalid query configuration")
E   research_agent_backend.exceptions.query_exceptions.QueryManagerError: Invalid query configuration

During handling of the above exception, another exception occurred:
src/research_agent_backend/tests/unit/test_query_manager.py:564: in setup_method
    self.query_manager = QueryManager(
src/research_agent_backend/core/query_manager/manager.py:62: in __init__
    self._initialize_configuration()
src/research_agent_backend/core/query_manager/manager.py:92: in _initialize_configuration
    raise QueryManagerError("Invalid query configuration")
E   research_agent_backend.exceptions.query_exceptions.QueryManagerError: Invalid query configuration</error></testcase><testcase classname="src.research_agent_backend.tests.unit.test_query_manager.TestQueryManager" name="test_invalidate_cache" time="0.001"><error message="failed on setup with &quot;research_agent_backend.exceptions.query_exceptions.QueryManagerError: Invalid query configuration&quot;">src/research_agent_backend/core/query_manager/manager.py:83: in _initialize_configuration
    raise QueryManagerError("Invalid query configuration")
E   research_agent_backend.exceptions.query_exceptions.QueryManagerError: Invalid query configuration

During handling of the above exception, another exception occurred:
src/research_agent_backend/tests/unit/test_query_manager.py:564: in setup_method
    self.query_manager = QueryManager(
src/research_agent_backend/core/query_manager/manager.py:62: in __init__
    self._initialize_configuration()
src/research_agent_backend/core/query_manager/manager.py:92: in _initialize_configuration
    raise QueryManagerError("Invalid query configuration")
E   research_agent_backend.exceptions.query_exceptions.QueryManagerError: Invalid query configuration</error></testcase><testcase classname="src.research_agent_backend.tests.unit.test_query_manager.TestQueryManagerIntegration" name="test_complex_query_workflow" time="0.005"><failure message="research_agent_backend.exceptions.query_exceptions.QueryManagerError: Query execution failed: Failed to query collection comprehensive_collection: 'Mock' object is not subscriptable">src/research_agent_backend/core/query_manager/manager.py:250: in similarity_search
    ids = search_result["ids"][0] if search_result["ids"] else []
E   TypeError: 'Mock' object is not subscriptable

During handling of the above exception, another exception occurred:
src/research_agent_backend/core/query_manager/manager.py:278: in similarity_search
    raise e
src/research_agent_backend/core/query_manager/manager.py:271: in similarity_search
    raise QueryError(f"Failed to query collection {collection}: {e}")
E   research_agent_backend.exceptions.query_exceptions.QueryError: Failed to query collection comprehensive_collection: 'Mock' object is not subscriptable

During handling of the above exception, another exception occurred:
src/research_agent_backend/tests/unit/test_query_manager.py:968: in test_complex_query_workflow
    result = self.query_manager.similarity_search(
src/research_agent_backend/core/query_manager/manager.py:408: in similarity_search
    raise QueryManagerError(f"Query execution failed: {e}")
E   research_agent_backend.exceptions.query_exceptions.QueryManagerError: Query execution failed: Failed to query collection comprehensive_collection: 'Mock' object is not subscriptable</failure></testcase><testcase classname="src.research_agent_backend.tests.unit.test_query_manager.TestQueryManagerIntegration" name="test_multi_collection_search_with_merging" time="0.003"><failure message="research_agent_backend.exceptions.query_exceptions.QueryManagerError: Invalid embedding dimension">src/research_agent_backend/tests/unit/test_query_manager.py:1009: in test_multi_collection_search_with_merging
    result = self.query_manager.similarity_search(
src/research_agent_backend/core/query_manager/manager.py:151: in similarity_search
    raise QueryManagerError("Invalid embedding dimension")
E   research_agent_backend.exceptions.query_exceptions.QueryManagerError: Invalid embedding dimension</failure></testcase><testcase classname="src.research_agent_backend.tests.unit.test_query_manager.TestQueryManagerIntegration" name="test_query_optimization_and_strategy_selection" time="0.003"><failure message="research_agent_backend.exceptions.query_exceptions.QueryManagerError: Invalid embedding dimension">src/research_agent_backend/tests/unit/test_query_manager.py:1044: in test_query_optimization_and_strategy_selection
    result = self.query_manager.similarity_search(
src/research_agent_backend/core/query_manager/manager.py:151: in similarity_search
    raise QueryManagerError("Invalid embedding dimension")
E   research_agent_backend.exceptions.query_exceptions.QueryManagerError: Invalid embedding dimension</failure></testcase><testcase classname="src.research_agent_backend.tests.unit.test_query_manager.TestQueryManagerIntegration" name="test_error_recovery_and_graceful_degradation" time="0.004"><failure message="research_agent_backend.exceptions.query_exceptions.QueryManagerError: Invalid embedding dimension">src/research_agent_backend/tests/unit/test_query_manager.py:1076: in test_error_recovery_and_graceful_degradation
    result = self.query_manager.similarity_search(
src/research_agent_backend/core/query_manager/manager.py:151: in similarity_search
    raise QueryManagerError("Invalid embedding dimension")
E   research_agent_backend.exceptions.query_exceptions.QueryManagerError: Invalid embedding dimension</failure></testcase><testcase classname="src.research_agent_backend.tests.unit.test_utility_commands.TestStatusCommand" name="test_status_command_basic_functionality" time="0.018" /><testcase classname="src.research_agent_backend.tests.unit.test_utility_commands.TestStatusCommand" name="test_status_command_shows_collection_details" time="0.013"><failure message="assert 1 == 0&#10; +  where 1 = &lt;Result SystemExit(1)&gt;.exit_code">src/research_agent_backend/tests/unit/test_utility_commands.py:125: in test_status_command_shows_collection_details
    assert result.exit_code == 0
E   assert 1 == 0
E    +  where 1 = &lt;Result SystemExit(1)&gt;.exit_code</failure></testcase><testcase classname="src.research_agent_backend.tests.unit.test_utility_commands.TestStatusCommand" name="test_status_command_health_check" time="0.012"><failure message="assert 1 == 0&#10; +  where 1 = &lt;Result SystemExit(1)&gt;.exit_code">src/research_agent_backend/tests/unit/test_utility_commands.py:147: in test_status_command_health_check
    assert result.exit_code == 0
E   assert 1 == 0
E    +  where 1 = &lt;Result SystemExit(1)&gt;.exit_code</failure></testcase><testcase classname="src.research_agent_backend.tests.unit.test_utility_commands.TestStatusCommand" name="test_status_command_empty_knowledge_base" time="0.013"><failure message="assert 1 == 0&#10; +  where 1 = &lt;Result SystemExit(1)&gt;.exit_code">src/research_agent_backend/tests/unit/test_utility_commands.py:163: in test_status_command_empty_knowledge_base
    assert result.exit_code == 0
E   assert 1 == 0
E    +  where 1 = &lt;Result SystemExit(1)&gt;.exit_code</failure></testcase><testcase classname="src.research_agent_backend.tests.unit.test_utility_commands.TestStatusCommand" name="test_status_command_system_metrics" time="0.012"><failure message="assert 1 == 0&#10; +  where 1 = &lt;Result SystemExit(1)&gt;.exit_code">src/research_agent_backend/tests/unit/test_utility_commands.py:184: in test_status_command_system_metrics
    assert result.exit_code == 0
E   assert 1 == 0
E    +  where 1 = &lt;Result SystemExit(1)&gt;.exit_code</failure></testcase><testcase classname="src.research_agent_backend.tests.unit.test_utility_commands.TestStatusCommand" name="test_status_command_configuration_info" time="0.001"><failure message="AttributeError: &lt;module 'research_agent_backend.cli.knowledge_base' from '/Users/kermit/Code/reflow/src/research_agent_backend/cli/knowledge_base.py'&gt; does not have the attribute 'get_config_manager'">src/research_agent_backend/tests/unit/test_utility_commands.py:193: in test_status_command_configuration_info
    with patch('research_agent_backend.cli.knowledge_base.get_config_manager') as mock_get_config:
/opt/homebrew/Cellar/python@3.11/3.11.11/Frameworks/Python.framework/Versions/3.11/lib/python3.11/unittest/mock.py:1446: in __enter__
    original, local = self.get_original()
/opt/homebrew/Cellar/python@3.11/3.11.11/Frameworks/Python.framework/Versions/3.11/lib/python3.11/unittest/mock.py:1419: in get_original
    raise AttributeError(
E   AttributeError: &lt;module 'research_agent_backend.cli.knowledge_base' from '/Users/kermit/Code/reflow/src/research_agent_backend/cli/knowledge_base.py'&gt; does not have the attribute 'get_config_manager'</failure></testcase><testcase classname="src.research_agent_backend.tests.unit.test_utility_commands.TestStatusCommand" name="test_status_command_error_handling" time="0.012" /><testcase classname="src.research_agent_backend.tests.unit.test_utility_commands.TestRebuildIndexCommand" name="test_rebuild_index_basic_functionality" time="0.019"><failure message="AssertionError: assert 'Continue with rebuild? (y/N):' in '[10:17:50] INFO     Starting index rebuild operation                            \n\nIndex Rebuild Plan\n=============...dex rebuild completed successfully\n           INFO     Index rebuild operation completed                           \n'&#10; +  where '[10:17:50] INFO     Starting index rebuild operation                            \n\nIndex Rebuild Plan\n=============...dex rebuild completed successfully\n           INFO     Index rebuild operation completed                           \n' = &lt;Result okay&gt;.stdout">src/research_agent_backend/tests/unit/test_utility_commands.py:279: in test_rebuild_index_basic_functionality
    assert "Continue with rebuild? (y/N):" in result.stdout
E   AssertionError: assert 'Continue with rebuild? (y/N):' in '[10:17:50] INFO     Starting index rebuild operation                            \n\nIndex Rebuild Plan\n=============...dex rebuild completed successfully\n           INFO     Index rebuild operation completed                           \n'
E    +  where '[10:17:50] INFO     Starting index rebuild operation                            \n\nIndex Rebuild Plan\n=============...dex rebuild completed successfully\n           INFO     Index rebuild operation completed                           \n' = &lt;Result okay&gt;.stdout</failure></testcase><testcase classname="src.research_agent_backend.tests.unit.test_utility_commands.TestRebuildIndexCommand" name="test_rebuild_index_specific_collection" time="0.028"><failure message="assert 1 == 0&#10; +  where 1 = &lt;Result SystemExit(1)&gt;.exit_code">src/research_agent_backend/tests/unit/test_utility_commands.py:300: in test_rebuild_index_specific_collection
    assert result.exit_code == 0
E   assert 1 == 0
E    +  where 1 = &lt;Result SystemExit(1)&gt;.exit_code</failure></testcase><testcase classname="src.research_agent_backend.tests.unit.test_utility_commands.TestRebuildIndexCommand" name="test_rebuild_index_with_confirm_flag" time="0.034"><failure message="AssertionError: assert 'Successfully rebuilt index' in '[10:17:50] INFO     Successfully loaded environment variables from              \n                    /Users/kermit/C...dex rebuild completed successfully\n           INFO     Index rebuild operation completed                           \n'&#10; +  where '[10:17:50] INFO     Successfully loaded environment variables from              \n                    /Users/kermit/C...dex rebuild completed successfully\n           INFO     Index rebuild operation completed                           \n' = &lt;Result okay&gt;.stdout">src/research_agent_backend/tests/unit/test_utility_commands.py:322: in test_rebuild_index_with_confirm_flag
    assert "Successfully rebuilt index" in result.stdout
E   AssertionError: assert 'Successfully rebuilt index' in '[10:17:50] INFO     Successfully loaded environment variables from              \n                    /Users/kermit/C...dex rebuild completed successfully\n           INFO     Index rebuild operation completed                           \n'
E    +  where '[10:17:50] INFO     Successfully loaded environment variables from              \n                    /Users/kermit/C...dex rebuild completed successfully\n           INFO     Index rebuild operation completed                           \n' = &lt;Result okay&gt;.stdout</failure></testcase><testcase classname="src.research_agent_backend.tests.unit.test_utility_commands.TestRebuildIndexCommand" name="test_rebuild_index_user_cancellation" time="0.053" /><testcase classname="src.research_agent_backend.tests.unit.test_utility_commands.TestRebuildIndexCommand" name="test_rebuild_index_dry_run_mode" time="0.051"><failure message="assert 1 == 0&#10; +  where 1 = &lt;Result SystemExit(1)&gt;.exit_code">src/research_agent_backend/tests/unit/test_utility_commands.py:343: in test_rebuild_index_dry_run_mode
    assert result.exit_code == 0
E   assert 1 == 0
E    +  where 1 = &lt;Result SystemExit(1)&gt;.exit_code</failure></testcase><testcase classname="src.research_agent_backend.tests.unit.test_utility_commands.TestRebuildIndexCommand" name="test_rebuild_index_progress_tracking" time="0.034" /><testcase classname="src.research_agent_backend.tests.unit.test_utility_commands.TestRebuildIndexCommand" name="test_rebuild_index_handles_errors" time="0.033"><failure message="assert 0 != 0&#10; +  where 0 = &lt;Result okay&gt;.exit_code">src/research_agent_backend/tests/unit/test_utility_commands.py:389: in test_rebuild_index_handles_errors
    assert result.exit_code != 0
E   assert 0 != 0
E    +  where 0 = &lt;Result okay&gt;.exit_code</failure></testcase><testcase classname="src.research_agent_backend.tests.unit.test_utility_commands.TestRebuildIndexCommand" name="test_rebuild_index_validates_collection_exists" time="0.038" /><testcase classname="src.research_agent_backend.tests.unit.test_utility_commands.TestRebuildIndexCommand" name="test_rebuild_index_shows_before_after_stats" time="0.013"><failure message="assert 1 == 0&#10; +  where 1 = &lt;Result SystemExit(1)&gt;.exit_code">src/research_agent_backend/tests/unit/test_utility_commands.py:430: in test_rebuild_index_shows_before_after_stats
    assert result.exit_code == 0
E   assert 1 == 0
E    +  where 1 = &lt;Result SystemExit(1)&gt;.exit_code</failure></testcase><testcase classname="src.research_agent_backend.tests.unit.test_utility_commands.TestUtilityCommandIntegration" name="test_status_and_rebuild_workflow" time="0.013"><failure message="assert 1 == 0&#10; +  where 1 = &lt;Result SystemExit(1)&gt;.exit_code">src/research_agent_backend/tests/unit/test_utility_commands.py:454: in test_status_and_rebuild_workflow
    assert status_result.exit_code == 0
E   assert 1 == 0
E    +  where 1 = &lt;Result SystemExit(1)&gt;.exit_code</failure></testcase><testcase classname="src.research_agent_backend.tests.unit.test_utility_commands.TestUtilityCommandIntegration" name="test_utility_commands_respect_global_options" time="0.013"><failure message="assert 1 == 0&#10; +  where 1 = &lt;Result SystemExit(1)&gt;.exit_code">src/research_agent_backend/tests/unit/test_utility_commands.py:482: in test_utility_commands_respect_global_options
    assert result.exit_code == 0
E   assert 1 == 0
E    +  where 1 = &lt;Result SystemExit(1)&gt;.exit_code</failure></testcase></testsuite></testsuites>